<?xml version="1.0" encoding="UTF-8"?>
<testsuite name="com.tim.one.validator.ProjectCreateCommandValidatorIntegrationSpec" tests="37" skipped="0" failures="0" errors="0" timestamp="2015-05-20T17:04:32" hostname="josdem-Inspiron-5420" time="0.765">
  <properties/>
  <testcase name="When we have an project with uuid 20217fff737f45239efefe73c12187e3, and name as name and this parameters: 9fd1e45f77894f3f862a53b21190b857, 6, inclosure,&#10;  showground, baner, avatar, https://www.youtube.com/watch?v=x72b5ngHJU0, https://www.youtube.com/watch?v=x72b5ngHJU0, https://www.youtube.com/watch?v=x72b5ngHJU0, https://www.youtube.com/watch?v=x72b5ngHJU0, https://www.youtube.com/watch?v=x72b5ngHJU0, https://soundcloud.com/josdem/sweet-dunes, &#10;  https://soundcloud.com/josdem/sweet-dunes, https://soundcloud.com/josdem/sweet-dunes, https://soundcloud.com/josdem/sweet-dunes, https://soundcloud.com/josdem/sweet-dunes, description, cast, http://www.math.uio.no/, 0,&#10;  0, 0, 0, 0 and&#10;  when we validate we expecting that result is: true" classname="com.tim.one.validator.ProjectCreateCommandValidatorIntegrationSpec" time="0.039"/>
  <testcase name="When we have an project with uuid 20217fff737f45239efefe73c12187e3, and name as name and this parameters: &lt;script&gt;alert('hello josdem')&lt;/script&gt;, 6, inclosure,&#10;  showground, baner, avatar, https://www.youtube.com/watch?v=x72b5ngHJU0, https://www.youtube.com/watch?v=x72b5ngHJU0, https://www.youtube.com/watch?v=x72b5ngHJU0, https://www.youtube.com/watch?v=x72b5ngHJU0, https://www.youtube.com/watch?v=x72b5ngHJU0, https://soundcloud.com/josdem/sweet-dunes, &#10;  https://soundcloud.com/josdem/sweet-dunes, https://soundcloud.com/josdem/sweet-dunes, https://soundcloud.com/josdem/sweet-dunes, https://soundcloud.com/josdem/sweet-dunes, description, cast, http://www.math.uio.no/, 0,&#10;  0, 0, 0, 0 and&#10;  when we validate we expecting that result is: false" classname="com.tim.one.validator.ProjectCreateCommandValidatorIntegrationSpec" time="0.026"/>
  <testcase name="When we have an project with uuid 20217fff737f45239efefe73c12187e, and name as name and this parameters: 9fd1e45f77894f3f862a53b21190b857, 6, inclosure,&#10;  showground, baner, avatar, https://www.youtube.com/watch?v=x72b5ngHJU0, https://www.youtube.com/watch?v=x72b5ngHJU0, https://www.youtube.com/watch?v=x72b5ngHJU0, https://www.youtube.com/watch?v=x72b5ngHJU0, https://www.youtube.com/watch?v=x72b5ngHJU0, https://soundcloud.com/josdem/sweet-dunes, &#10;  https://soundcloud.com/josdem/sweet-dunes, https://soundcloud.com/josdem/sweet-dunes, https://soundcloud.com/josdem/sweet-dunes, https://soundcloud.com/josdem/sweet-dunes, description, cast, http://www.math.uio.no/, 0,&#10;  0, 0, 0, 0 and&#10;  when we validate we expecting that result is: false" classname="com.tim.one.validator.ProjectCreateCommandValidatorIntegrationSpec" time="0.022"/>
  <testcase name="When we have an project with uuid 20217fff737f45239efefe73c12187e1d, and name as name and this parameters: 9fd1e45f77894f3f862a53b21190b857, 6, inclosure,&#10;  showground, baner, avatar, https://www.youtube.com/watch?v=x72b5ngHJU0, https://www.youtube.com/watch?v=x72b5ngHJU0, https://www.youtube.com/watch?v=x72b5ngHJU0, https://www.youtube.com/watch?v=x72b5ngHJU0, https://www.youtube.com/watch?v=x72b5ngHJU0, https://soundcloud.com/josdem/sweet-dunes, &#10;  https://soundcloud.com/josdem/sweet-dunes, https://soundcloud.com/josdem/sweet-dunes, https://soundcloud.com/josdem/sweet-dunes, https://soundcloud.com/josdem/sweet-dunes, description, cast, http://www.math.uio.no/, 0,&#10;  0, 0, 0, 0 and&#10;  when we validate we expecting that result is: false" classname="com.tim.one.validator.ProjectCreateCommandValidatorIntegrationSpec" time="0.022"/>
  <testcase name="When we have an project with uuid , and name as name and this parameters: 9fd1e45f77894f3f862a53b21190b857, 6, inclosure,&#10;  showground, baner, avatar, https://www.youtube.com/watch?v=x72b5ngHJU0, https://www.youtube.com/watch?v=x72b5ngHJU0, https://www.youtube.com/watch?v=x72b5ngHJU0, https://www.youtube.com/watch?v=x72b5ngHJU0, https://www.youtube.com/watch?v=x72b5ngHJU0, https://soundcloud.com/josdem/sweet-dunes, &#10;  https://soundcloud.com/josdem/sweet-dunes, https://soundcloud.com/josdem/sweet-dunes, https://soundcloud.com/josdem/sweet-dunes, https://soundcloud.com/josdem/sweet-dunes, description, cast, http://www.math.uio.no/, 0,&#10;  0, 0, 0, 0 and&#10;  when we validate we expecting that result is: false" classname="com.tim.one.validator.ProjectCreateCommandValidatorIntegrationSpec" time="0.019"/>
  <testcase name="When we have an project with uuid 20217fff737f45239efefe73c12187e3, and name as name and this parameters: 9fd1e45f77894f3f862a53b21190b8574, 6, inclosure,&#10;  showground, baner, avatar, https://www.youtube.com/watch?v=x72b5ngHJU0, https://www.youtube.com/watch?v=x72b5ngHJU0, https://www.youtube.com/watch?v=x72b5ngHJU0, https://www.youtube.com/watch?v=x72b5ngHJU0, https://www.youtube.com/watch?v=x72b5ngHJU0, https://soundcloud.com/josdem/sweet-dunes, &#10;  https://soundcloud.com/josdem/sweet-dunes, https://soundcloud.com/josdem/sweet-dunes, https://soundcloud.com/josdem/sweet-dunes, https://soundcloud.com/josdem/sweet-dunes, description, cast, http://www.math.uio.no/, 0,&#10;  0, 0, 0, 0 and&#10;  when we validate we expecting that result is: false" classname="com.tim.one.validator.ProjectCreateCommandValidatorIntegrationSpec" time="0.02"/>
  <testcase name="When we have an project with uuid 20217fff737f45239efefe73c12187e3, and name as name and this parameters: 9fd1e45f77894f3f862a53b21190b85, 6, inclosure,&#10;  showground, baner, avatar, https://www.youtube.com/watch?v=x72b5ngHJU0, https://www.youtube.com/watch?v=x72b5ngHJU0, https://www.youtube.com/watch?v=x72b5ngHJU0, https://www.youtube.com/watch?v=x72b5ngHJU0, https://www.youtube.com/watch?v=x72b5ngHJU0, https://soundcloud.com/josdem/sweet-dunes, &#10;  https://soundcloud.com/josdem/sweet-dunes, https://soundcloud.com/josdem/sweet-dunes, https://soundcloud.com/josdem/sweet-dunes, https://soundcloud.com/josdem/sweet-dunes, description, cast, http://www.math.uio.no/, 0,&#10;  0, 0, 0, 0 and&#10;  when we validate we expecting that result is: false" classname="com.tim.one.validator.ProjectCreateCommandValidatorIntegrationSpec" time="0.018"/>
  <testcase name="When we have an project with uuid 20217fff737f45239efefe73c12187e3, and name as name and this parameters: , 6, inclosure,&#10;  showground, baner, avatar, https://www.youtube.com/watch?v=x72b5ngHJU0, https://www.youtube.com/watch?v=x72b5ngHJU0, https://www.youtube.com/watch?v=x72b5ngHJU0, https://www.youtube.com/watch?v=x72b5ngHJU0, https://www.youtube.com/watch?v=x72b5ngHJU0, https://soundcloud.com/josdem/sweet-dunes, &#10;  https://soundcloud.com/josdem/sweet-dunes, https://soundcloud.com/josdem/sweet-dunes, https://soundcloud.com/josdem/sweet-dunes, https://soundcloud.com/josdem/sweet-dunes, description, cast, http://www.math.uio.no/, 0,&#10;  0, 0, 0, 0 and&#10;  when we validate we expecting that result is: false" classname="com.tim.one.validator.ProjectCreateCommandValidatorIntegrationSpec" time="0.023"/>
  <testcase name="When we have an project with uuid 20217fff737f45239efefe73c12187e3, and name as name and this parameters: null, 6, inclosure,&#10;  showground, baner, avatar, https://www.youtube.com/watch?v=x72b5ngHJU0, https://www.youtube.com/watch?v=x72b5ngHJU0, https://www.youtube.com/watch?v=x72b5ngHJU0, https://www.youtube.com/watch?v=x72b5ngHJU0, https://www.youtube.com/watch?v=x72b5ngHJU0, https://soundcloud.com/josdem/sweet-dunes, &#10;  https://soundcloud.com/josdem/sweet-dunes, https://soundcloud.com/josdem/sweet-dunes, https://soundcloud.com/josdem/sweet-dunes, https://soundcloud.com/josdem/sweet-dunes, description, cast, http://www.math.uio.no/, 0,&#10;  0, 0, 0, 0 and&#10;  when we validate we expecting that result is: false" classname="com.tim.one.validator.ProjectCreateCommandValidatorIntegrationSpec" time="0.02"/>
  <testcase name="When we have an project with uuid &lt;script&gt;alert('hello josdem')&lt;/script&gt;, and name as name and this parameters: 9fd1e45f77894f3f862a53b21190b857, 6, inclosure,&#10;  showground, baner, avatar, https://www.youtube.com/watch?v=x72b5ngHJU0, https://www.youtube.com/watch?v=x72b5ngHJU0, https://www.youtube.com/watch?v=x72b5ngHJU0, https://www.youtube.com/watch?v=x72b5ngHJU0, https://www.youtube.com/watch?v=x72b5ngHJU0, https://soundcloud.com/josdem/sweet-dunes, &#10;  https://soundcloud.com/josdem/sweet-dunes, https://soundcloud.com/josdem/sweet-dunes, https://soundcloud.com/josdem/sweet-dunes, https://soundcloud.com/josdem/sweet-dunes, description, cast, http://www.math.uio.no/, 0,&#10;  0, 0, 0, 0 and&#10;  when we validate we expecting that result is: false" classname="com.tim.one.validator.ProjectCreateCommandValidatorIntegrationSpec" time="0.02"/>
  <testcase name="When we have an project with uuid 20217fff737f45239efefe73c12187e2, and name as name and this parameters: 9fd1e45f77894f3f862a53b21190b857, 0, inclosure,&#10;  showground, baner, avatar, https://www.youtube.com/watch?v=x72b5ngHJU0, https://www.youtube.com/watch?v=x72b5ngHJU0, https://www.youtube.com/watch?v=x72b5ngHJU0, https://www.youtube.com/watch?v=x72b5ngHJU0, https://www.youtube.com/watch?v=x72b5ngHJU0, https://soundcloud.com/josdem/sweet-dunes, &#10;  https://soundcloud.com/josdem/sweet-dunes, https://soundcloud.com/josdem/sweet-dunes, https://soundcloud.com/josdem/sweet-dunes, https://soundcloud.com/josdem/sweet-dunes, description, cast, http://www.math.uio.no/, 0,&#10;  0, 0, 0, 0 and&#10;  when we validate we expecting that result is: false" classname="com.tim.one.validator.ProjectCreateCommandValidatorIntegrationSpec" time="0.022"/>
  <testcase name="When we have an project with uuid 20217fff737f45239efefe73c12187e3, and name as name and this parameters: 9fd1e45f77894f3f862a53b21190b857, 41, inclosure,&#10;  showground, baner, avatar, https://www.youtube.com/watch?v=x72b5ngHJU0, https://www.youtube.com/watch?v=x72b5ngHJU0, https://www.youtube.com/watch?v=x72b5ngHJU0, https://www.youtube.com/watch?v=x72b5ngHJU0, https://www.youtube.com/watch?v=x72b5ngHJU0, https://soundcloud.com/josdem/sweet-dunes, &#10;  https://soundcloud.com/josdem/sweet-dunes, https://soundcloud.com/josdem/sweet-dunes, https://soundcloud.com/josdem/sweet-dunes, https://soundcloud.com/josdem/sweet-dunes, description, cast, http://www.math.uio.no/, 0,&#10;  0, 0, 0, 0 and&#10;  when we validate we expecting that result is: false" classname="com.tim.one.validator.ProjectCreateCommandValidatorIntegrationSpec" time="0.017"/>
  <testcase name="When we have an project with uuid 20217fff737f45239efefe73c12187e4, and name as  and this parameters: 9fd1e45f77894f3f862a53b21190b857, 6, inclosure,&#10;  showground, baner, avatar, https://www.youtube.com/watch?v=x72b5ngHJU0, https://www.youtube.com/watch?v=x72b5ngHJU0, https://www.youtube.com/watch?v=x72b5ngHJU0, https://www.youtube.com/watch?v=x72b5ngHJU0, https://www.youtube.com/watch?v=x72b5ngHJU0, https://soundcloud.com/josdem/sweet-dunes, &#10;  https://soundcloud.com/josdem/sweet-dunes, https://soundcloud.com/josdem/sweet-dunes, https://soundcloud.com/josdem/sweet-dunes, https://soundcloud.com/josdem/sweet-dunes, description, cast, http://www.math.uio.no/, 0,&#10;  0, 0, 0, 0 and&#10;  when we validate we expecting that result is: false" classname="com.tim.one.validator.ProjectCreateCommandValidatorIntegrationSpec" time="0.02"/>
  <testcase name="When we have an project with uuid 20217fff737f45239efefe73c12187e5, and name as null and this parameters: 9fd1e45f77894f3f862a53b21190b857, 6, inclosure,&#10;  showground, baner, avatar, https://www.youtube.com/watch?v=x72b5ngHJU0, https://www.youtube.com/watch?v=x72b5ngHJU0, https://www.youtube.com/watch?v=x72b5ngHJU0, https://www.youtube.com/watch?v=x72b5ngHJU0, https://www.youtube.com/watch?v=x72b5ngHJU0, https://soundcloud.com/josdem/sweet-dunes, &#10;  https://soundcloud.com/josdem/sweet-dunes, https://soundcloud.com/josdem/sweet-dunes, https://soundcloud.com/josdem/sweet-dunes, https://soundcloud.com/josdem/sweet-dunes, description, cast, http://www.math.uio.no/, 0,&#10;  0, 0, 0, 0 and&#10;  when we validate we expecting that result is: false" classname="com.tim.one.validator.ProjectCreateCommandValidatorIntegrationSpec" time="0.027"/>
  <testcase name="When we have an project with uuid 20217fff737f45239efefe73c12187e6, and name as name and this parameters: 9fd1e45f77894f3f862a53b21190b857, 6, inclosure,&#10;  showground, baner, avatar, url, https://www.youtube.com/watch?v=x72b5ngHJU0, https://www.youtube.com/watch?v=x72b5ngHJU0, https://www.youtube.com/watch?v=x72b5ngHJU0, https://www.youtube.com/watch?v=x72b5ngHJU0, https://soundcloud.com/josdem/sweet-dunes, &#10;  https://soundcloud.com/josdem/sweet-dunes, https://soundcloud.com/josdem/sweet-dunes, https://soundcloud.com/josdem/sweet-dunes, https://soundcloud.com/josdem/sweet-dunes, description, cast, http://www.math.uio.no/, 0,&#10;  0, 0, 0, 0 and&#10;  when we validate we expecting that result is: false" classname="com.tim.one.validator.ProjectCreateCommandValidatorIntegrationSpec" time="0.017"/>
  <testcase name="When we have an project with uuid 20217fff737f45239efefe73c12187e7, and name as name and this parameters: 9fd1e45f77894f3f862a53b21190b857, 6, inclosure,&#10;  showground, baner, avatar, https://www.youtube.com/watch?v=x72b5ngHJU0, url, https://www.youtube.com/watch?v=x72b5ngHJU0, https://www.youtube.com/watch?v=x72b5ngHJU0, https://www.youtube.com/watch?v=x72b5ngHJU0, https://soundcloud.com/josdem/sweet-dunes, &#10;  https://soundcloud.com/josdem/sweet-dunes, https://soundcloud.com/josdem/sweet-dunes, https://soundcloud.com/josdem/sweet-dunes, https://soundcloud.com/josdem/sweet-dunes, description, cast, http://www.math.uio.no/, 0,&#10;  0, 0, 0, 0 and&#10;  when we validate we expecting that result is: false" classname="com.tim.one.validator.ProjectCreateCommandValidatorIntegrationSpec" time="0.028"/>
  <testcase name="When we have an project with uuid 20217fff737f45239efefe73c12187e8, and name as name and this parameters: 9fd1e45f77894f3f862a53b21190b857, 6, inclosure,&#10;  showground, baner, avatar, https://www.youtube.com/watch?v=x72b5ngHJU0, https://www.youtube.com/watch?v=x72b5ngHJU0, url, https://www.youtube.com/watch?v=x72b5ngHJU0, https://www.youtube.com/watch?v=x72b5ngHJU0, https://soundcloud.com/josdem/sweet-dunes, &#10;  https://soundcloud.com/josdem/sweet-dunes, https://soundcloud.com/josdem/sweet-dunes, https://soundcloud.com/josdem/sweet-dunes, https://soundcloud.com/josdem/sweet-dunes, description, cast, http://www.math.uio.no/, 0,&#10;  0, 0, 0, 0 and&#10;  when we validate we expecting that result is: false" classname="com.tim.one.validator.ProjectCreateCommandValidatorIntegrationSpec" time="0.019"/>
  <testcase name="When we have an project with uuid 20217fff737f45239efefe73c12187e9, and name as name and this parameters: 9fd1e45f77894f3f862a53b21190b857, 6, inclosure,&#10;  showground, baner, avatar, https://www.youtube.com/watch?v=x72b5ngHJU0, https://www.youtube.com/watch?v=x72b5ngHJU0, https://www.youtube.com/watch?v=x72b5ngHJU0, url, https://www.youtube.com/watch?v=x72b5ngHJU0, https://soundcloud.com/josdem/sweet-dunes, &#10;  https://soundcloud.com/josdem/sweet-dunes, https://soundcloud.com/josdem/sweet-dunes, https://soundcloud.com/josdem/sweet-dunes, https://soundcloud.com/josdem/sweet-dunes, description, cast, http://www.math.uio.no/, 0,&#10;  0, 0, 0, 0 and&#10;  when we validate we expecting that result is: false" classname="com.tim.one.validator.ProjectCreateCommandValidatorIntegrationSpec" time="0.019"/>
  <testcase name="When we have an project with uuid 20217fff737f45239efefe73c12187eq, and name as name and this parameters: 9fd1e45f77894f3f862a53b21190b857, 6, inclosure,&#10;  showground, baner, avatar, https://www.youtube.com/watch?v=x72b5ngHJU0, https://www.youtube.com/watch?v=x72b5ngHJU0, https://www.youtube.com/watch?v=x72b5ngHJU0, https://www.youtube.com/watch?v=x72b5ngHJU0, url, https://soundcloud.com/josdem/sweet-dunes, &#10;  https://soundcloud.com/josdem/sweet-dunes, https://soundcloud.com/josdem/sweet-dunes, https://soundcloud.com/josdem/sweet-dunes, https://soundcloud.com/josdem/sweet-dunes, description, cast, http://www.math.uio.no/, 0,&#10;  0, 0, 0, 0 and&#10;  when we validate we expecting that result is: false" classname="com.tim.one.validator.ProjectCreateCommandValidatorIntegrationSpec" time="0.017"/>
  <testcase name="When we have an project with uuid 20217fff737f45239efefe73c12187ew, and name as name and this parameters: 9fd1e45f77894f3f862a53b21190b857, 6, inclosure,&#10;  showground, baner, avatar, https://www.youtube.com/watch?v=x72b5ngHJU0, https://www.youtube.com/watch?v=x72b5ngHJU0, https://www.youtube.com/watch?v=x72b5ngHJU0, https://www.youtube.com/watch?v=x72b5ngHJU0, https://www.youtube.com/watch?v=x72b5ngHJU0, url, &#10;  https://soundcloud.com/josdem/sweet-dunes, https://soundcloud.com/josdem/sweet-dunes, https://soundcloud.com/josdem/sweet-dunes, https://soundcloud.com/josdem/sweet-dunes, description, cast, http://www.math.uio.no/, 0,&#10;  0, 0, 0, 0 and&#10;  when we validate we expecting that result is: false" classname="com.tim.one.validator.ProjectCreateCommandValidatorIntegrationSpec" time="0.018"/>
  <testcase name="When we have an project with uuid 20217fff737f45239efefe73c12187et, and name as name and this parameters: 9fd1e45f77894f3f862a53b21190b857, 6, inclosure,&#10;  showground, baner, avatar, https://www.youtube.com/watch?v=x72b5ngHJU0, https://www.youtube.com/watch?v=x72b5ngHJU0, https://www.youtube.com/watch?v=x72b5ngHJU0, https://www.youtube.com/watch?v=x72b5ngHJU0, https://www.youtube.com/watch?v=x72b5ngHJU0, https://soundcloud.com/josdem/sweet-dunes, &#10;  url, https://soundcloud.com/josdem/sweet-dunes, https://soundcloud.com/josdem/sweet-dunes, https://soundcloud.com/josdem/sweet-dunes, description, cast, http://www.math.uio.no/, 0,&#10;  0, 0, 0, 0 and&#10;  when we validate we expecting that result is: false" classname="com.tim.one.validator.ProjectCreateCommandValidatorIntegrationSpec" time="0.019"/>
  <testcase name="When we have an project with uuid 20217fff737f45239efefe73c12187er, and name as name and this parameters: 9fd1e45f77894f3f862a53b21190b857, 6, inclosure,&#10;  showground, baner, avatar, https://www.youtube.com/watch?v=x72b5ngHJU0, https://www.youtube.com/watch?v=x72b5ngHJU0, https://www.youtube.com/watch?v=x72b5ngHJU0, https://www.youtube.com/watch?v=x72b5ngHJU0, https://www.youtube.com/watch?v=x72b5ngHJU0, https://soundcloud.com/josdem/sweet-dunes, &#10;  https://soundcloud.com/josdem/sweet-dunes, url, https://soundcloud.com/josdem/sweet-dunes, https://soundcloud.com/josdem/sweet-dunes, description, cast, http://www.math.uio.no/, 0,&#10;  0, 0, 0, 0 and&#10;  when we validate we expecting that result is: false" classname="com.tim.one.validator.ProjectCreateCommandValidatorIntegrationSpec" time="0.017"/>
  <testcase name="When we have an project with uuid 20217fff737f45239efefe73c12187ey, and name as name and this parameters: 9fd1e45f77894f3f862a53b21190b857, 6, inclosure,&#10;  showground, baner, avatar, https://www.youtube.com/watch?v=x72b5ngHJU0, https://www.youtube.com/watch?v=x72b5ngHJU0, https://www.youtube.com/watch?v=x72b5ngHJU0, https://www.youtube.com/watch?v=x72b5ngHJU0, https://www.youtube.com/watch?v=x72b5ngHJU0, https://soundcloud.com/josdem/sweet-dunes, &#10;  https://soundcloud.com/josdem/sweet-dunes, https://soundcloud.com/josdem/sweet-dunes, url, https://soundcloud.com/josdem/sweet-dunes, description, cast, http://www.math.uio.no/, 0,&#10;  0, 0, 0, 0 and&#10;  when we validate we expecting that result is: false" classname="com.tim.one.validator.ProjectCreateCommandValidatorIntegrationSpec" time="0.018"/>
  <testcase name="When we have an project with uuid 20217fff737f45239efefe73c12187eu, and name as name and this parameters: 9fd1e45f77894f3f862a53b21190b857, 6, inclosure,&#10;  showground, baner, avatar, https://www.youtube.com/watch?v=x72b5ngHJU0, https://www.youtube.com/watch?v=x72b5ngHJU0, https://www.youtube.com/watch?v=x72b5ngHJU0, https://www.youtube.com/watch?v=x72b5ngHJU0, https://www.youtube.com/watch?v=x72b5ngHJU0, https://soundcloud.com/josdem/sweet-dunes, &#10;  https://soundcloud.com/josdem/sweet-dunes, https://soundcloud.com/josdem/sweet-dunes, https://soundcloud.com/josdem/sweet-dunes, url, description, cast, http://www.math.uio.no/, 0,&#10;  0, 0, 0, 0 and&#10;  when we validate we expecting that result is: false" classname="com.tim.one.validator.ProjectCreateCommandValidatorIntegrationSpec" time="0.016"/>
  <testcase name="When we have an project with uuid 20217fff737f45239efefe73c12187ei, and name as name and this parameters: 9fd1e45f77894f3f862a53b21190b857, 6, inclosure,&#10;  showground, baner, avatar, https://www.youtube.com/watch?v=x72b5ngHJU0, https://www.youtube.com/watch?v=x72b5ngHJU0, https://www.youtube.com/watch?v=x72b5ngHJU0, https://www.youtube.com/watch?v=x72b5ngHJU0, https://www.youtube.com/watch?v=x72b5ngHJU0, https://soundcloud.com/josdem/sweet-dunes, &#10;  https://soundcloud.com/josdem/sweet-dunes, https://soundcloud.com/josdem/sweet-dunes, https://soundcloud.com/josdem/sweet-dunes, https://soundcloud.com/josdem/sweet-dunes, description, cast, url, 0,&#10;  0, 0, 0, 0 and&#10;  when we validate we expecting that result is: false" classname="com.tim.one.validator.ProjectCreateCommandValidatorIntegrationSpec" time="0.018"/>
  <testcase name="When we have an project with uuid 20217fff737f45239efefe73c12187eo, and name as name and this parameters: 9fd1e45f77894f3f862a53b21190b857, 6, inclosure,&#10;  showground, baner, avatar, https://www.youtube.com/watch?v=x72b5ngHJU0, https://www.youtube.com/watch?v=x72b5ngHJU0, https://www.youtube.com/watch?v=x72b5ngHJU0, https://www.youtube.com/watch?v=x72b5ngHJU0, https://www.youtube.com/watch?v=x72b5ngHJU0, https://soundcloud.com/josdem/sweet-dunes, &#10;  https://soundcloud.com/josdem/sweet-dunes, https://soundcloud.com/josdem/sweet-dunes, https://soundcloud.com/josdem/sweet-dunes, https://soundcloud.com/josdem/sweet-dunes, description, cast, http://www.math.uio.no/, 12,&#10;  0, 0, 0, 0 and&#10;  when we validate we expecting that result is: false" classname="com.tim.one.validator.ProjectCreateCommandValidatorIntegrationSpec" time="0.017"/>
  <testcase name="When we have an project with uuid 20217fff737f45239efefe73c12187ep, and name as name and this parameters: 9fd1e45f77894f3f862a53b21190b857, 6, inclosure,&#10;  showground, baner, avatar, https://www.youtube.com/watch?v=x72b5ngHJU0, https://www.youtube.com/watch?v=x72b5ngHJU0, https://www.youtube.com/watch?v=x72b5ngHJU0, https://www.youtube.com/watch?v=x72b5ngHJU0, https://www.youtube.com/watch?v=x72b5ngHJU0, https://soundcloud.com/josdem/sweet-dunes, &#10;  https://soundcloud.com/josdem/sweet-dunes, https://soundcloud.com/josdem/sweet-dunes, https://soundcloud.com/josdem/sweet-dunes, https://soundcloud.com/josdem/sweet-dunes, description, cast, http://www.math.uio.no/, 0,&#10;  2, 0, 0, 0 and&#10;  when we validate we expecting that result is: false" classname="com.tim.one.validator.ProjectCreateCommandValidatorIntegrationSpec" time="0.018"/>
  <testcase name="When we have an project with uuid 20217fff737f45239efefe73c12187ea, and name as name and this parameters: 9fd1e45f77894f3f862a53b21190b857, 6, inclosure,&#10;  showground, baner, avatar, https://www.youtube.com/watch?v=x72b5ngHJU0, https://www.youtube.com/watch?v=x72b5ngHJU0, https://www.youtube.com/watch?v=x72b5ngHJU0, https://www.youtube.com/watch?v=x72b5ngHJU0, https://www.youtube.com/watch?v=x72b5ngHJU0, https://soundcloud.com/josdem/sweet-dunes, &#10;  https://soundcloud.com/josdem/sweet-dunes, https://soundcloud.com/josdem/sweet-dunes, https://soundcloud.com/josdem/sweet-dunes, https://soundcloud.com/josdem/sweet-dunes, description, cast, http://www.math.uio.no/, 0,&#10;  0, 2, 0, 0 and&#10;  when we validate we expecting that result is: false" classname="com.tim.one.validator.ProjectCreateCommandValidatorIntegrationSpec" time="0.017"/>
  <testcase name="When we have an project with uuid 20217fff737f45239efefe73c12187es, and name as name and this parameters: 9fd1e45f77894f3f862a53b21190b857, 6, inclosure,&#10;  showground, baner, avatar, https://www.youtube.com/watch?v=x72b5ngHJU0, https://www.youtube.com/watch?v=x72b5ngHJU0, https://www.youtube.com/watch?v=x72b5ngHJU0, https://www.youtube.com/watch?v=x72b5ngHJU0, https://www.youtube.com/watch?v=x72b5ngHJU0, https://soundcloud.com/josdem/sweet-dunes, &#10;  https://soundcloud.com/josdem/sweet-dunes, https://soundcloud.com/josdem/sweet-dunes, https://soundcloud.com/josdem/sweet-dunes, https://soundcloud.com/josdem/sweet-dunes, description, cast, http://www.math.uio.no/, 0,&#10;  0, 0, 2, 0 and&#10;  when we validate we expecting that result is: false" classname="com.tim.one.validator.ProjectCreateCommandValidatorIntegrationSpec" time="0.017"/>
  <testcase name="When we have an project with uuid 20217fff737f45239efefe73c12187ed, and name as name and this parameters: 9fd1e45f77894f3f862a53b21190b857, 6, inclosure,&#10;  showground, baner, avatar, https://www.youtube.com/watch?v=x72b5ngHJU0, https://www.youtube.com/watch?v=x72b5ngHJU0, https://www.youtube.com/watch?v=x72b5ngHJU0, https://www.youtube.com/watch?v=x72b5ngHJU0, https://www.youtube.com/watch?v=x72b5ngHJU0, https://soundcloud.com/josdem/sweet-dunes, &#10;  https://soundcloud.com/josdem/sweet-dunes, https://soundcloud.com/josdem/sweet-dunes, https://soundcloud.com/josdem/sweet-dunes, https://soundcloud.com/josdem/sweet-dunes, description, cast, http://www.math.uio.no/, 0,&#10;  0, 0, 0, 2 and&#10;  when we validate we expecting that result is: false" classname="com.tim.one.validator.ProjectCreateCommandValidatorIntegrationSpec" time="0.017"/>
  <testcase name="When we have an project with uuid 20217fff737f45239efefe73c12187ef, and name as &lt;script&gt;alert('hello josdem')&lt;/script&gt; and this parameters: 9fd1e45f77894f3f862a53b21190b857, 6, inclosure,&#10;  showground, baner, avatar, https://www.youtube.com/watch?v=x72b5ngHJU0, https://www.youtube.com/watch?v=x72b5ngHJU0, https://www.youtube.com/watch?v=x72b5ngHJU0, https://www.youtube.com/watch?v=x72b5ngHJU0, https://www.youtube.com/watch?v=x72b5ngHJU0, https://soundcloud.com/josdem/sweet-dunes, &#10;  https://soundcloud.com/josdem/sweet-dunes, https://soundcloud.com/josdem/sweet-dunes, https://soundcloud.com/josdem/sweet-dunes, https://soundcloud.com/josdem/sweet-dunes, description, cast, http://www.math.uio.no/, 0,&#10;  0, 0, 0, 0 and&#10;  when we validate we expecting that result is: false" classname="com.tim.one.validator.ProjectCreateCommandValidatorIntegrationSpec" time="0.024"/>
  <testcase name="When we have an project with uuid 20217fff737f45239efefe73c12187eg, and name as name and this parameters: 9fd1e45f77894f3f862a53b21190b857, 6, &lt;script&gt;alert('hello josdem')&lt;/script&gt;,&#10;  showground, baner, avatar, https://www.youtube.com/watch?v=x72b5ngHJU0, https://www.youtube.com/watch?v=x72b5ngHJU0, https://www.youtube.com/watch?v=x72b5ngHJU0, https://www.youtube.com/watch?v=x72b5ngHJU0, https://www.youtube.com/watch?v=x72b5ngHJU0, https://soundcloud.com/josdem/sweet-dunes, &#10;  https://soundcloud.com/josdem/sweet-dunes, https://soundcloud.com/josdem/sweet-dunes, https://soundcloud.com/josdem/sweet-dunes, https://soundcloud.com/josdem/sweet-dunes, description, cast, http://www.math.uio.no/, 0,&#10;  0, 0, 0, 0 and&#10;  when we validate we expecting that result is: false" classname="com.tim.one.validator.ProjectCreateCommandValidatorIntegrationSpec" time="0.022"/>
  <testcase name="When we have an project with uuid 20217fff737f45239efefe73c12187eh, and name as name and this parameters: 9fd1e45f77894f3f862a53b21190b857, 6, inclosure,&#10;  &lt;script&gt;alert('hello josdem')&lt;/script&gt;, baner, avatar, https://www.youtube.com/watch?v=x72b5ngHJU0, https://www.youtube.com/watch?v=x72b5ngHJU0, https://www.youtube.com/watch?v=x72b5ngHJU0, https://www.youtube.com/watch?v=x72b5ngHJU0, https://www.youtube.com/watch?v=x72b5ngHJU0, https://soundcloud.com/josdem/sweet-dunes, &#10;  https://soundcloud.com/josdem/sweet-dunes, https://soundcloud.com/josdem/sweet-dunes, https://soundcloud.com/josdem/sweet-dunes, https://soundcloud.com/josdem/sweet-dunes, description, cast, http://www.math.uio.no/, 0,&#10;  0, 0, 0, 0 and&#10;  when we validate we expecting that result is: false" classname="com.tim.one.validator.ProjectCreateCommandValidatorIntegrationSpec" time="0.017"/>
  <testcase name="When we have an project with uuid 20217fff737f45239efefe73c12187ej, and name as name and this parameters: 9fd1e45f77894f3f862a53b21190b857, 6, inclosure,&#10;  showground, &lt;script&gt;alert('hello josdem')&lt;/script&gt;, avatar, https://www.youtube.com/watch?v=x72b5ngHJU0, https://www.youtube.com/watch?v=x72b5ngHJU0, https://www.youtube.com/watch?v=x72b5ngHJU0, https://www.youtube.com/watch?v=x72b5ngHJU0, https://www.youtube.com/watch?v=x72b5ngHJU0, https://soundcloud.com/josdem/sweet-dunes, &#10;  https://soundcloud.com/josdem/sweet-dunes, https://soundcloud.com/josdem/sweet-dunes, https://soundcloud.com/josdem/sweet-dunes, https://soundcloud.com/josdem/sweet-dunes, description, cast, http://www.math.uio.no/, 0,&#10;  0, 0, 0, 0 and&#10;  when we validate we expecting that result is: false" classname="com.tim.one.validator.ProjectCreateCommandValidatorIntegrationSpec" time="0.019"/>
  <testcase name="When we have an project with uuid 20217fff737f45239efefe73c12187ek, and name as name and this parameters: 9fd1e45f77894f3f862a53b21190b857, 6, inclosure,&#10;  showground, baner, &lt;script&gt;alert('hello josdem')&lt;/script&gt;, https://www.youtube.com/watch?v=x72b5ngHJU0, https://www.youtube.com/watch?v=x72b5ngHJU0, https://www.youtube.com/watch?v=x72b5ngHJU0, https://www.youtube.com/watch?v=x72b5ngHJU0, https://www.youtube.com/watch?v=x72b5ngHJU0, https://soundcloud.com/josdem/sweet-dunes, &#10;  https://soundcloud.com/josdem/sweet-dunes, https://soundcloud.com/josdem/sweet-dunes, https://soundcloud.com/josdem/sweet-dunes, https://soundcloud.com/josdem/sweet-dunes, description, cast, http://www.math.uio.no/, 0,&#10;  0, 0, 0, 0 and&#10;  when we validate we expecting that result is: false" classname="com.tim.one.validator.ProjectCreateCommandValidatorIntegrationSpec" time="0.018"/>
  <testcase name="When we have an project with uuid 20217fff737f45239efefe73c12187ez, and name as name and this parameters: 9fd1e45f77894f3f862a53b21190b857, 6, inclosure,&#10;  showground, baner, avatar, https://www.youtube.com/watch?v=x72b5ngHJU0, https://www.youtube.com/watch?v=x72b5ngHJU0, https://www.youtube.com/watch?v=x72b5ngHJU0, https://www.youtube.com/watch?v=x72b5ngHJU0, https://www.youtube.com/watch?v=x72b5ngHJU0, https://soundcloud.com/josdem/sweet-dunes, &#10;  https://soundcloud.com/josdem/sweet-dunes, https://soundcloud.com/josdem/sweet-dunes, https://soundcloud.com/josdem/sweet-dunes, https://soundcloud.com/josdem/sweet-dunes, &lt;script&gt;alert('hello josdem')&lt;/script&gt;, cast, http://www.math.uio.no/, 0,&#10;  0, 0, 0, 0 and&#10;  when we validate we expecting that result is: false" classname="com.tim.one.validator.ProjectCreateCommandValidatorIntegrationSpec" time="0.024"/>
  <testcase name="When we have an project with uuid 20217fff737f45239efefe73c12187ex, and name as name and this parameters: 9fd1e45f77894f3f862a53b21190b857, 6, inclosure,&#10;  showground, baner, avatar, https://www.youtube.com/watch?v=x72b5ngHJU0, https://www.youtube.com/watch?v=x72b5ngHJU0, https://www.youtube.com/watch?v=x72b5ngHJU0, https://www.youtube.com/watch?v=x72b5ngHJU0, https://www.youtube.com/watch?v=x72b5ngHJU0, https://soundcloud.com/josdem/sweet-dunes, &#10;  https://soundcloud.com/josdem/sweet-dunes, https://soundcloud.com/josdem/sweet-dunes, https://soundcloud.com/josdem/sweet-dunes, https://soundcloud.com/josdem/sweet-dunes, description, &lt;script&gt;alert('hello josdem')&lt;/script&gt;, http://www.math.uio.no/, 0,&#10;  0, 0, 0, 0 and&#10;  when we validate we expecting that result is: false" classname="com.tim.one.validator.ProjectCreateCommandValidatorIntegrationSpec" time="0.015"/>
  <system-out><![CDATA[2015-05-20 12:04:32,946 DEBUG [Test worker] (AbstractFallbackTransactionAttributeSource.java:108) - Adding transactional method 'ProjectCreateCommandValidatorIntegrationSpec.$spock_feature_0_0' with attribute: PROPAGATION_REQUIRED,ISOLATION_DEFAULT; ''
2015-05-20 12:04:32,948  INFO [Test worker] (TransactionalTestExecutionListener.java:276) - Began transaction (1) for test context [DefaultTestContext@4cfb3e04 testClass = ProjectCreateCommandValidatorIntegrationSpec, testInstance = com.tim.one.validator.ProjectCreateCommandValidatorIntegrationSpec@2a4a018, testMethod = $spock_feature_0_0@ProjectCreateCommandValidatorIntegrationSpec, testException = [null], mergedContextConfiguration = [MergedContextConfiguration@60a8903 testClass = ProjectCreateCommandValidatorIntegrationSpec, locations = '{classpath:/services-appctx.xml, classpath:/persistence-appctx.xml, classpath:/jms-appctx.xml, classpath:/mail-context.xml, classpath:/transaction-appctx.xml, classpath:/formatter-appctx.xml, classpath:/stp-appctx.xml, classpath:/aop-appctx.xml, classpath:/properties-appctx.xml}', classes = '{}', contextInitializerClasses = '[]', activeProfiles = '{}', contextLoader = 'org.springframework.test.context.support.DelegatingSmartContextLoader', parent = [null]]]; transaction manager [org.springframework.orm.jpa.JpaTransactionManager@5f5ca74d]; rollback [true]
2015-05-20 12:04:32,975  INFO [Test worker] (?:?) - violations:0
2015-05-20 12:04:32,977  INFO [Test worker] (TransactionalTestExecutionListener.java:298) - Rolled back transaction after test execution for test context [DefaultTestContext@4cfb3e04 testClass = ProjectCreateCommandValidatorIntegrationSpec, testInstance = com.tim.one.validator.ProjectCreateCommandValidatorIntegrationSpec@2a4a018, testMethod = $spock_feature_0_0@ProjectCreateCommandValidatorIntegrationSpec, testException = [null], mergedContextConfiguration = [MergedContextConfiguration@60a8903 testClass = ProjectCreateCommandValidatorIntegrationSpec, locations = '{classpath:/services-appctx.xml, classpath:/persistence-appctx.xml, classpath:/jms-appctx.xml, classpath:/mail-context.xml, classpath:/transaction-appctx.xml, classpath:/formatter-appctx.xml, classpath:/stp-appctx.xml, classpath:/aop-appctx.xml, classpath:/properties-appctx.xml}', classes = '{}', contextInitializerClasses = '[]', activeProfiles = '{}', contextLoader = 'org.springframework.test.context.support.DelegatingSmartContextLoader', parent = [null]]]
2015-05-20 12:04:32,980  INFO [Test worker] (TransactionalTestExecutionListener.java:276) - Began transaction (2) for test context [DefaultTestContext@4cfb3e04 testClass = ProjectCreateCommandValidatorIntegrationSpec, testInstance = com.tim.one.validator.ProjectCreateCommandValidatorIntegrationSpec@699c0395, testMethod = $spock_feature_0_0@ProjectCreateCommandValidatorIntegrationSpec, testException = [null], mergedContextConfiguration = [MergedContextConfiguration@60a8903 testClass = ProjectCreateCommandValidatorIntegrationSpec, locations = '{classpath:/services-appctx.xml, classpath:/persistence-appctx.xml, classpath:/jms-appctx.xml, classpath:/mail-context.xml, classpath:/transaction-appctx.xml, classpath:/formatter-appctx.xml, classpath:/stp-appctx.xml, classpath:/aop-appctx.xml, classpath:/properties-appctx.xml}', classes = '{}', contextInitializerClasses = '[]', activeProfiles = '{}', contextLoader = 'org.springframework.test.context.support.DelegatingSmartContextLoader', parent = [null]]]; transaction manager [org.springframework.orm.jpa.JpaTransactionManager@5f5ca74d]; rollback [true]
2015-05-20 12:04:33,001  INFO [Test worker] (?:?) - violations:2
2015-05-20 12:04:33,002  INFO [Test worker] (?:?) - field:userUuid
2015-05-20 12:04:33,002  INFO [Test worker] (?:?) - message:may have unsafe html content
2015-05-20 12:04:33,003  INFO [Test worker] (TransactionalTestExecutionListener.java:298) - Rolled back transaction after test execution for test context [DefaultTestContext@4cfb3e04 testClass = ProjectCreateCommandValidatorIntegrationSpec, testInstance = com.tim.one.validator.ProjectCreateCommandValidatorIntegrationSpec@699c0395, testMethod = $spock_feature_0_0@ProjectCreateCommandValidatorIntegrationSpec, testException = [null], mergedContextConfiguration = [MergedContextConfiguration@60a8903 testClass = ProjectCreateCommandValidatorIntegrationSpec, locations = '{classpath:/services-appctx.xml, classpath:/persistence-appctx.xml, classpath:/jms-appctx.xml, classpath:/mail-context.xml, classpath:/transaction-appctx.xml, classpath:/formatter-appctx.xml, classpath:/stp-appctx.xml, classpath:/aop-appctx.xml, classpath:/properties-appctx.xml}', classes = '{}', contextInitializerClasses = '[]', activeProfiles = '{}', contextLoader = 'org.springframework.test.context.support.DelegatingSmartContextLoader', parent = [null]]]
2015-05-20 12:04:33,007  INFO [Test worker] (TransactionalTestExecutionListener.java:276) - Began transaction (3) for test context [DefaultTestContext@4cfb3e04 testClass = ProjectCreateCommandValidatorIntegrationSpec, testInstance = com.tim.one.validator.ProjectCreateCommandValidatorIntegrationSpec@1d1a055, testMethod = $spock_feature_0_0@ProjectCreateCommandValidatorIntegrationSpec, testException = [null], mergedContextConfiguration = [MergedContextConfiguration@60a8903 testClass = ProjectCreateCommandValidatorIntegrationSpec, locations = '{classpath:/services-appctx.xml, classpath:/persistence-appctx.xml, classpath:/jms-appctx.xml, classpath:/mail-context.xml, classpath:/transaction-appctx.xml, classpath:/formatter-appctx.xml, classpath:/stp-appctx.xml, classpath:/aop-appctx.xml, classpath:/properties-appctx.xml}', classes = '{}', contextInitializerClasses = '[]', activeProfiles = '{}', contextLoader = 'org.springframework.test.context.support.DelegatingSmartContextLoader', parent = [null]]]; transaction manager [org.springframework.orm.jpa.JpaTransactionManager@5f5ca74d]; rollback [true]
2015-05-20 12:04:33,025  INFO [Test worker] (?:?) - violations:1
2015-05-20 12:04:33,025  INFO [Test worker] (?:?) - field:uuid
2015-05-20 12:04:33,026  INFO [Test worker] (?:?) - message:size must be between 32 and 32
2015-05-20 12:04:33,026  INFO [Test worker] (TransactionalTestExecutionListener.java:298) - Rolled back transaction after test execution for test context [DefaultTestContext@4cfb3e04 testClass = ProjectCreateCommandValidatorIntegrationSpec, testInstance = com.tim.one.validator.ProjectCreateCommandValidatorIntegrationSpec@1d1a055, testMethod = $spock_feature_0_0@ProjectCreateCommandValidatorIntegrationSpec, testException = [null], mergedContextConfiguration = [MergedContextConfiguration@60a8903 testClass = ProjectCreateCommandValidatorIntegrationSpec, locations = '{classpath:/services-appctx.xml, classpath:/persistence-appctx.xml, classpath:/jms-appctx.xml, classpath:/mail-context.xml, classpath:/transaction-appctx.xml, classpath:/formatter-appctx.xml, classpath:/stp-appctx.xml, classpath:/aop-appctx.xml, classpath:/properties-appctx.xml}', classes = '{}', contextInitializerClasses = '[]', activeProfiles = '{}', contextLoader = 'org.springframework.test.context.support.DelegatingSmartContextLoader', parent = [null]]]
2015-05-20 12:04:33,030  INFO [Test worker] (TransactionalTestExecutionListener.java:276) - Began transaction (4) for test context [DefaultTestContext@4cfb3e04 testClass = ProjectCreateCommandValidatorIntegrationSpec, testInstance = com.tim.one.validator.ProjectCreateCommandValidatorIntegrationSpec@14ff495e, testMethod = $spock_feature_0_0@ProjectCreateCommandValidatorIntegrationSpec, testException = [null], mergedContextConfiguration = [MergedContextConfiguration@60a8903 testClass = ProjectCreateCommandValidatorIntegrationSpec, locations = '{classpath:/services-appctx.xml, classpath:/persistence-appctx.xml, classpath:/jms-appctx.xml, classpath:/mail-context.xml, classpath:/transaction-appctx.xml, classpath:/formatter-appctx.xml, classpath:/stp-appctx.xml, classpath:/aop-appctx.xml, classpath:/properties-appctx.xml}', classes = '{}', contextInitializerClasses = '[]', activeProfiles = '{}', contextLoader = 'org.springframework.test.context.support.DelegatingSmartContextLoader', parent = [null]]]; transaction manager [org.springframework.orm.jpa.JpaTransactionManager@5f5ca74d]; rollback [true]
2015-05-20 12:04:33,047  INFO [Test worker] (?:?) - violations:1
2015-05-20 12:04:33,047  INFO [Test worker] (?:?) - field:uuid
2015-05-20 12:04:33,048  INFO [Test worker] (?:?) - message:size must be between 32 and 32
2015-05-20 12:04:33,048  INFO [Test worker] (TransactionalTestExecutionListener.java:298) - Rolled back transaction after test execution for test context [DefaultTestContext@4cfb3e04 testClass = ProjectCreateCommandValidatorIntegrationSpec, testInstance = com.tim.one.validator.ProjectCreateCommandValidatorIntegrationSpec@14ff495e, testMethod = $spock_feature_0_0@ProjectCreateCommandValidatorIntegrationSpec, testException = [null], mergedContextConfiguration = [MergedContextConfiguration@60a8903 testClass = ProjectCreateCommandValidatorIntegrationSpec, locations = '{classpath:/services-appctx.xml, classpath:/persistence-appctx.xml, classpath:/jms-appctx.xml, classpath:/mail-context.xml, classpath:/transaction-appctx.xml, classpath:/formatter-appctx.xml, classpath:/stp-appctx.xml, classpath:/aop-appctx.xml, classpath:/properties-appctx.xml}', classes = '{}', contextInitializerClasses = '[]', activeProfiles = '{}', contextLoader = 'org.springframework.test.context.support.DelegatingSmartContextLoader', parent = [null]]]
2015-05-20 12:04:33,052  INFO [Test worker] (TransactionalTestExecutionListener.java:276) - Began transaction (5) for test context [DefaultTestContext@4cfb3e04 testClass = ProjectCreateCommandValidatorIntegrationSpec, testInstance = com.tim.one.validator.ProjectCreateCommandValidatorIntegrationSpec@4e35a2a8, testMethod = $spock_feature_0_0@ProjectCreateCommandValidatorIntegrationSpec, testException = [null], mergedContextConfiguration = [MergedContextConfiguration@60a8903 testClass = ProjectCreateCommandValidatorIntegrationSpec, locations = '{classpath:/services-appctx.xml, classpath:/persistence-appctx.xml, classpath:/jms-appctx.xml, classpath:/mail-context.xml, classpath:/transaction-appctx.xml, classpath:/formatter-appctx.xml, classpath:/stp-appctx.xml, classpath:/aop-appctx.xml, classpath:/properties-appctx.xml}', classes = '{}', contextInitializerClasses = '[]', activeProfiles = '{}', contextLoader = 'org.springframework.test.context.support.DelegatingSmartContextLoader', parent = [null]]]; transaction manager [org.springframework.orm.jpa.JpaTransactionManager@5f5ca74d]; rollback [true]
2015-05-20 12:04:33,067  INFO [Test worker] (?:?) - violations:1
2015-05-20 12:04:33,067  INFO [Test worker] (?:?) - field:uuid
2015-05-20 12:04:33,067  INFO [Test worker] (?:?) - message:size must be between 32 and 32
2015-05-20 12:04:33,068  INFO [Test worker] (TransactionalTestExecutionListener.java:298) - Rolled back transaction after test execution for test context [DefaultTestContext@4cfb3e04 testClass = ProjectCreateCommandValidatorIntegrationSpec, testInstance = com.tim.one.validator.ProjectCreateCommandValidatorIntegrationSpec@4e35a2a8, testMethod = $spock_feature_0_0@ProjectCreateCommandValidatorIntegrationSpec, testException = [null], mergedContextConfiguration = [MergedContextConfiguration@60a8903 testClass = ProjectCreateCommandValidatorIntegrationSpec, locations = '{classpath:/services-appctx.xml, classpath:/persistence-appctx.xml, classpath:/jms-appctx.xml, classpath:/mail-context.xml, classpath:/transaction-appctx.xml, classpath:/formatter-appctx.xml, classpath:/stp-appctx.xml, classpath:/aop-appctx.xml, classpath:/properties-appctx.xml}', classes = '{}', contextInitializerClasses = '[]', activeProfiles = '{}', contextLoader = 'org.springframework.test.context.support.DelegatingSmartContextLoader', parent = [null]]]
2015-05-20 12:04:33,071  INFO [Test worker] (TransactionalTestExecutionListener.java:276) - Began transaction (6) for test context [DefaultTestContext@4cfb3e04 testClass = ProjectCreateCommandValidatorIntegrationSpec, testInstance = com.tim.one.validator.ProjectCreateCommandValidatorIntegrationSpec@a1b083c, testMethod = $spock_feature_0_0@ProjectCreateCommandValidatorIntegrationSpec, testException = [null], mergedContextConfiguration = [MergedContextConfiguration@60a8903 testClass = ProjectCreateCommandValidatorIntegrationSpec, locations = '{classpath:/services-appctx.xml, classpath:/persistence-appctx.xml, classpath:/jms-appctx.xml, classpath:/mail-context.xml, classpath:/transaction-appctx.xml, classpath:/formatter-appctx.xml, classpath:/stp-appctx.xml, classpath:/aop-appctx.xml, classpath:/properties-appctx.xml}', classes = '{}', contextInitializerClasses = '[]', activeProfiles = '{}', contextLoader = 'org.springframework.test.context.support.DelegatingSmartContextLoader', parent = [null]]]; transaction manager [org.springframework.orm.jpa.JpaTransactionManager@5f5ca74d]; rollback [true]
2015-05-20 12:04:33,086  INFO [Test worker] (?:?) - violations:1
2015-05-20 12:04:33,086  INFO [Test worker] (?:?) - field:userUuid
2015-05-20 12:04:33,087  INFO [Test worker] (?:?) - message:size must be between 32 and 32
2015-05-20 12:04:33,088  INFO [Test worker] (TransactionalTestExecutionListener.java:298) - Rolled back transaction after test execution for test context [DefaultTestContext@4cfb3e04 testClass = ProjectCreateCommandValidatorIntegrationSpec, testInstance = com.tim.one.validator.ProjectCreateCommandValidatorIntegrationSpec@a1b083c, testMethod = $spock_feature_0_0@ProjectCreateCommandValidatorIntegrationSpec, testException = [null], mergedContextConfiguration = [MergedContextConfiguration@60a8903 testClass = ProjectCreateCommandValidatorIntegrationSpec, locations = '{classpath:/services-appctx.xml, classpath:/persistence-appctx.xml, classpath:/jms-appctx.xml, classpath:/mail-context.xml, classpath:/transaction-appctx.xml, classpath:/formatter-appctx.xml, classpath:/stp-appctx.xml, classpath:/aop-appctx.xml, classpath:/properties-appctx.xml}', classes = '{}', contextInitializerClasses = '[]', activeProfiles = '{}', contextLoader = 'org.springframework.test.context.support.DelegatingSmartContextLoader', parent = [null]]]
2015-05-20 12:04:33,090  INFO [Test worker] (TransactionalTestExecutionListener.java:276) - Began transaction (7) for test context [DefaultTestContext@4cfb3e04 testClass = ProjectCreateCommandValidatorIntegrationSpec, testInstance = com.tim.one.validator.ProjectCreateCommandValidatorIntegrationSpec@77932095, testMethod = $spock_feature_0_0@ProjectCreateCommandValidatorIntegrationSpec, testException = [null], mergedContextConfiguration = [MergedContextConfiguration@60a8903 testClass = ProjectCreateCommandValidatorIntegrationSpec, locations = '{classpath:/services-appctx.xml, classpath:/persistence-appctx.xml, classpath:/jms-appctx.xml, classpath:/mail-context.xml, classpath:/transaction-appctx.xml, classpath:/formatter-appctx.xml, classpath:/stp-appctx.xml, classpath:/aop-appctx.xml, classpath:/properties-appctx.xml}', classes = '{}', contextInitializerClasses = '[]', activeProfiles = '{}', contextLoader = 'org.springframework.test.context.support.DelegatingSmartContextLoader', parent = [null]]]; transaction manager [org.springframework.orm.jpa.JpaTransactionManager@5f5ca74d]; rollback [true]
2015-05-20 12:04:33,105  INFO [Test worker] (?:?) - violations:1
2015-05-20 12:04:33,105  INFO [Test worker] (?:?) - field:userUuid
2015-05-20 12:04:33,105  INFO [Test worker] (?:?) - message:size must be between 32 and 32
2015-05-20 12:04:33,106  INFO [Test worker] (TransactionalTestExecutionListener.java:298) - Rolled back transaction after test execution for test context [DefaultTestContext@4cfb3e04 testClass = ProjectCreateCommandValidatorIntegrationSpec, testInstance = com.tim.one.validator.ProjectCreateCommandValidatorIntegrationSpec@77932095, testMethod = $spock_feature_0_0@ProjectCreateCommandValidatorIntegrationSpec, testException = [null], mergedContextConfiguration = [MergedContextConfiguration@60a8903 testClass = ProjectCreateCommandValidatorIntegrationSpec, locations = '{classpath:/services-appctx.xml, classpath:/persistence-appctx.xml, classpath:/jms-appctx.xml, classpath:/mail-context.xml, classpath:/transaction-appctx.xml, classpath:/formatter-appctx.xml, classpath:/stp-appctx.xml, classpath:/aop-appctx.xml, classpath:/properties-appctx.xml}', classes = '{}', contextInitializerClasses = '[]', activeProfiles = '{}', contextLoader = 'org.springframework.test.context.support.DelegatingSmartContextLoader', parent = [null]]]
2015-05-20 12:04:33,109  INFO [Test worker] (TransactionalTestExecutionListener.java:276) - Began transaction (8) for test context [DefaultTestContext@4cfb3e04 testClass = ProjectCreateCommandValidatorIntegrationSpec, testInstance = com.tim.one.validator.ProjectCreateCommandValidatorIntegrationSpec@b71ed4c, testMethod = $spock_feature_0_0@ProjectCreateCommandValidatorIntegrationSpec, testException = [null], mergedContextConfiguration = [MergedContextConfiguration@60a8903 testClass = ProjectCreateCommandValidatorIntegrationSpec, locations = '{classpath:/services-appctx.xml, classpath:/persistence-appctx.xml, classpath:/jms-appctx.xml, classpath:/mail-context.xml, classpath:/transaction-appctx.xml, classpath:/formatter-appctx.xml, classpath:/stp-appctx.xml, classpath:/aop-appctx.xml, classpath:/properties-appctx.xml}', classes = '{}', contextInitializerClasses = '[]', activeProfiles = '{}', contextLoader = 'org.springframework.test.context.support.DelegatingSmartContextLoader', parent = [null]]]; transaction manager [org.springframework.orm.jpa.JpaTransactionManager@5f5ca74d]; rollback [true]
2015-05-20 12:04:33,128  INFO [Test worker] (?:?) - violations:1
2015-05-20 12:04:33,128  INFO [Test worker] (?:?) - field:userUuid
2015-05-20 12:04:33,129  INFO [Test worker] (?:?) - message:size must be between 32 and 32
2015-05-20 12:04:33,130  INFO [Test worker] (TransactionalTestExecutionListener.java:298) - Rolled back transaction after test execution for test context [DefaultTestContext@4cfb3e04 testClass = ProjectCreateCommandValidatorIntegrationSpec, testInstance = com.tim.one.validator.ProjectCreateCommandValidatorIntegrationSpec@b71ed4c, testMethod = $spock_feature_0_0@ProjectCreateCommandValidatorIntegrationSpec, testException = [null], mergedContextConfiguration = [MergedContextConfiguration@60a8903 testClass = ProjectCreateCommandValidatorIntegrationSpec, locations = '{classpath:/services-appctx.xml, classpath:/persistence-appctx.xml, classpath:/jms-appctx.xml, classpath:/mail-context.xml, classpath:/transaction-appctx.xml, classpath:/formatter-appctx.xml, classpath:/stp-appctx.xml, classpath:/aop-appctx.xml, classpath:/properties-appctx.xml}', classes = '{}', contextInitializerClasses = '[]', activeProfiles = '{}', contextLoader = 'org.springframework.test.context.support.DelegatingSmartContextLoader', parent = [null]]]
2015-05-20 12:04:33,133  INFO [Test worker] (TransactionalTestExecutionListener.java:276) - Began transaction (9) for test context [DefaultTestContext@4cfb3e04 testClass = ProjectCreateCommandValidatorIntegrationSpec, testInstance = com.tim.one.validator.ProjectCreateCommandValidatorIntegrationSpec@74f36060, testMethod = $spock_feature_0_0@ProjectCreateCommandValidatorIntegrationSpec, testException = [null], mergedContextConfiguration = [MergedContextConfiguration@60a8903 testClass = ProjectCreateCommandValidatorIntegrationSpec, locations = '{classpath:/services-appctx.xml, classpath:/persistence-appctx.xml, classpath:/jms-appctx.xml, classpath:/mail-context.xml, classpath:/transaction-appctx.xml, classpath:/formatter-appctx.xml, classpath:/stp-appctx.xml, classpath:/aop-appctx.xml, classpath:/properties-appctx.xml}', classes = '{}', contextInitializerClasses = '[]', activeProfiles = '{}', contextLoader = 'org.springframework.test.context.support.DelegatingSmartContextLoader', parent = [null]]]; transaction manager [org.springframework.orm.jpa.JpaTransactionManager@5f5ca74d]; rollback [true]
2015-05-20 12:04:33,149  INFO [Test worker] (?:?) - violations:1
2015-05-20 12:04:33,149  INFO [Test worker] (?:?) - field:userUuid
2015-05-20 12:04:33,149  INFO [Test worker] (?:?) - message:may not be null
2015-05-20 12:04:33,150  INFO [Test worker] (TransactionalTestExecutionListener.java:298) - Rolled back transaction after test execution for test context [DefaultTestContext@4cfb3e04 testClass = ProjectCreateCommandValidatorIntegrationSpec, testInstance = com.tim.one.validator.ProjectCreateCommandValidatorIntegrationSpec@74f36060, testMethod = $spock_feature_0_0@ProjectCreateCommandValidatorIntegrationSpec, testException = [null], mergedContextConfiguration = [MergedContextConfiguration@60a8903 testClass = ProjectCreateCommandValidatorIntegrationSpec, locations = '{classpath:/services-appctx.xml, classpath:/persistence-appctx.xml, classpath:/jms-appctx.xml, classpath:/mail-context.xml, classpath:/transaction-appctx.xml, classpath:/formatter-appctx.xml, classpath:/stp-appctx.xml, classpath:/aop-appctx.xml, classpath:/properties-appctx.xml}', classes = '{}', contextInitializerClasses = '[]', activeProfiles = '{}', contextLoader = 'org.springframework.test.context.support.DelegatingSmartContextLoader', parent = [null]]]
2015-05-20 12:04:33,154  INFO [Test worker] (TransactionalTestExecutionListener.java:276) - Began transaction (10) for test context [DefaultTestContext@4cfb3e04 testClass = ProjectCreateCommandValidatorIntegrationSpec, testInstance = com.tim.one.validator.ProjectCreateCommandValidatorIntegrationSpec@5ef0941c, testMethod = $spock_feature_0_0@ProjectCreateCommandValidatorIntegrationSpec, testException = [null], mergedContextConfiguration = [MergedContextConfiguration@60a8903 testClass = ProjectCreateCommandValidatorIntegrationSpec, locations = '{classpath:/services-appctx.xml, classpath:/persistence-appctx.xml, classpath:/jms-appctx.xml, classpath:/mail-context.xml, classpath:/transaction-appctx.xml, classpath:/formatter-appctx.xml, classpath:/stp-appctx.xml, classpath:/aop-appctx.xml, classpath:/properties-appctx.xml}', classes = '{}', contextInitializerClasses = '[]', activeProfiles = '{}', contextLoader = 'org.springframework.test.context.support.DelegatingSmartContextLoader', parent = [null]]]; transaction manager [org.springframework.orm.jpa.JpaTransactionManager@5f5ca74d]; rollback [true]
2015-05-20 12:04:33,170  INFO [Test worker] (?:?) - violations:2
2015-05-20 12:04:33,170  INFO [Test worker] (?:?) - field:uuid
2015-05-20 12:04:33,170  INFO [Test worker] (?:?) - message:size must be between 32 and 32
2015-05-20 12:04:33,171  INFO [Test worker] (TransactionalTestExecutionListener.java:298) - Rolled back transaction after test execution for test context [DefaultTestContext@4cfb3e04 testClass = ProjectCreateCommandValidatorIntegrationSpec, testInstance = com.tim.one.validator.ProjectCreateCommandValidatorIntegrationSpec@5ef0941c, testMethod = $spock_feature_0_0@ProjectCreateCommandValidatorIntegrationSpec, testException = [null], mergedContextConfiguration = [MergedContextConfiguration@60a8903 testClass = ProjectCreateCommandValidatorIntegrationSpec, locations = '{classpath:/services-appctx.xml, classpath:/persistence-appctx.xml, classpath:/jms-appctx.xml, classpath:/mail-context.xml, classpath:/transaction-appctx.xml, classpath:/formatter-appctx.xml, classpath:/stp-appctx.xml, classpath:/aop-appctx.xml, classpath:/properties-appctx.xml}', classes = '{}', contextInitializerClasses = '[]', activeProfiles = '{}', contextLoader = 'org.springframework.test.context.support.DelegatingSmartContextLoader', parent = [null]]]
2015-05-20 12:04:33,175  INFO [Test worker] (TransactionalTestExecutionListener.java:276) - Began transaction (11) for test context [DefaultTestContext@4cfb3e04 testClass = ProjectCreateCommandValidatorIntegrationSpec, testInstance = com.tim.one.validator.ProjectCreateCommandValidatorIntegrationSpec@6936d067, testMethod = $spock_feature_0_0@ProjectCreateCommandValidatorIntegrationSpec, testException = [null], mergedContextConfiguration = [MergedContextConfiguration@60a8903 testClass = ProjectCreateCommandValidatorIntegrationSpec, locations = '{classpath:/services-appctx.xml, classpath:/persistence-appctx.xml, classpath:/jms-appctx.xml, classpath:/mail-context.xml, classpath:/transaction-appctx.xml, classpath:/formatter-appctx.xml, classpath:/stp-appctx.xml, classpath:/aop-appctx.xml, classpath:/properties-appctx.xml}', classes = '{}', contextInitializerClasses = '[]', activeProfiles = '{}', contextLoader = 'org.springframework.test.context.support.DelegatingSmartContextLoader', parent = [null]]]; transaction manager [org.springframework.orm.jpa.JpaTransactionManager@5f5ca74d]; rollback [true]
2015-05-20 12:04:33,193  INFO [Test worker] (?:?) - violations:1
2015-05-20 12:04:33,193  INFO [Test worker] (?:?) - field:subcategory
2015-05-20 12:04:33,193  INFO [Test worker] (?:?) - message:must be between 6 and 40
2015-05-20 12:04:33,194  INFO [Test worker] (TransactionalTestExecutionListener.java:298) - Rolled back transaction after test execution for test context [DefaultTestContext@4cfb3e04 testClass = ProjectCreateCommandValidatorIntegrationSpec, testInstance = com.tim.one.validator.ProjectCreateCommandValidatorIntegrationSpec@6936d067, testMethod = $spock_feature_0_0@ProjectCreateCommandValidatorIntegrationSpec, testException = [null], mergedContextConfiguration = [MergedContextConfiguration@60a8903 testClass = ProjectCreateCommandValidatorIntegrationSpec, locations = '{classpath:/services-appctx.xml, classpath:/persistence-appctx.xml, classpath:/jms-appctx.xml, classpath:/mail-context.xml, classpath:/transaction-appctx.xml, classpath:/formatter-appctx.xml, classpath:/stp-appctx.xml, classpath:/aop-appctx.xml, classpath:/properties-appctx.xml}', classes = '{}', contextInitializerClasses = '[]', activeProfiles = '{}', contextLoader = 'org.springframework.test.context.support.DelegatingSmartContextLoader', parent = [null]]]
2015-05-20 12:04:33,197  INFO [Test worker] (TransactionalTestExecutionListener.java:276) - Began transaction (12) for test context [DefaultTestContext@4cfb3e04 testClass = ProjectCreateCommandValidatorIntegrationSpec, testInstance = com.tim.one.validator.ProjectCreateCommandValidatorIntegrationSpec@32d2353e, testMethod = $spock_feature_0_0@ProjectCreateCommandValidatorIntegrationSpec, testException = [null], mergedContextConfiguration = [MergedContextConfiguration@60a8903 testClass = ProjectCreateCommandValidatorIntegrationSpec, locations = '{classpath:/services-appctx.xml, classpath:/persistence-appctx.xml, classpath:/jms-appctx.xml, classpath:/mail-context.xml, classpath:/transaction-appctx.xml, classpath:/formatter-appctx.xml, classpath:/stp-appctx.xml, classpath:/aop-appctx.xml, classpath:/properties-appctx.xml}', classes = '{}', contextInitializerClasses = '[]', activeProfiles = '{}', contextLoader = 'org.springframework.test.context.support.DelegatingSmartContextLoader', parent = [null]]]; transaction manager [org.springframework.orm.jpa.JpaTransactionManager@5f5ca74d]; rollback [true]
2015-05-20 12:04:33,210  INFO [Test worker] (?:?) - violations:1
2015-05-20 12:04:33,211  INFO [Test worker] (?:?) - field:subcategory
2015-05-20 12:04:33,211  INFO [Test worker] (?:?) - message:must be between 6 and 40
2015-05-20 12:04:33,212  INFO [Test worker] (TransactionalTestExecutionListener.java:298) - Rolled back transaction after test execution for test context [DefaultTestContext@4cfb3e04 testClass = ProjectCreateCommandValidatorIntegrationSpec, testInstance = com.tim.one.validator.ProjectCreateCommandValidatorIntegrationSpec@32d2353e, testMethod = $spock_feature_0_0@ProjectCreateCommandValidatorIntegrationSpec, testException = [null], mergedContextConfiguration = [MergedContextConfiguration@60a8903 testClass = ProjectCreateCommandValidatorIntegrationSpec, locations = '{classpath:/services-appctx.xml, classpath:/persistence-appctx.xml, classpath:/jms-appctx.xml, classpath:/mail-context.xml, classpath:/transaction-appctx.xml, classpath:/formatter-appctx.xml, classpath:/stp-appctx.xml, classpath:/aop-appctx.xml, classpath:/properties-appctx.xml}', classes = '{}', contextInitializerClasses = '[]', activeProfiles = '{}', contextLoader = 'org.springframework.test.context.support.DelegatingSmartContextLoader', parent = [null]]]
2015-05-20 12:04:33,214  INFO [Test worker] (TransactionalTestExecutionListener.java:276) - Began transaction (13) for test context [DefaultTestContext@4cfb3e04 testClass = ProjectCreateCommandValidatorIntegrationSpec, testInstance = com.tim.one.validator.ProjectCreateCommandValidatorIntegrationSpec@322023aa, testMethod = $spock_feature_0_0@ProjectCreateCommandValidatorIntegrationSpec, testException = [null], mergedContextConfiguration = [MergedContextConfiguration@60a8903 testClass = ProjectCreateCommandValidatorIntegrationSpec, locations = '{classpath:/services-appctx.xml, classpath:/persistence-appctx.xml, classpath:/jms-appctx.xml, classpath:/mail-context.xml, classpath:/transaction-appctx.xml, classpath:/formatter-appctx.xml, classpath:/stp-appctx.xml, classpath:/aop-appctx.xml, classpath:/properties-appctx.xml}', classes = '{}', contextInitializerClasses = '[]', activeProfiles = '{}', contextLoader = 'org.springframework.test.context.support.DelegatingSmartContextLoader', parent = [null]]]; transaction manager [org.springframework.orm.jpa.JpaTransactionManager@5f5ca74d]; rollback [true]
2015-05-20 12:04:33,230  INFO [Test worker] (?:?) - violations:1
2015-05-20 12:04:33,231  INFO [Test worker] (?:?) - field:name
2015-05-20 12:04:33,231  INFO [Test worker] (?:?) - message:size must be between 1 and 255
2015-05-20 12:04:33,232  INFO [Test worker] (TransactionalTestExecutionListener.java:298) - Rolled back transaction after test execution for test context [DefaultTestContext@4cfb3e04 testClass = ProjectCreateCommandValidatorIntegrationSpec, testInstance = com.tim.one.validator.ProjectCreateCommandValidatorIntegrationSpec@322023aa, testMethod = $spock_feature_0_0@ProjectCreateCommandValidatorIntegrationSpec, testException = [null], mergedContextConfiguration = [MergedContextConfiguration@60a8903 testClass = ProjectCreateCommandValidatorIntegrationSpec, locations = '{classpath:/services-appctx.xml, classpath:/persistence-appctx.xml, classpath:/jms-appctx.xml, classpath:/mail-context.xml, classpath:/transaction-appctx.xml, classpath:/formatter-appctx.xml, classpath:/stp-appctx.xml, classpath:/aop-appctx.xml, classpath:/properties-appctx.xml}', classes = '{}', contextInitializerClasses = '[]', activeProfiles = '{}', contextLoader = 'org.springframework.test.context.support.DelegatingSmartContextLoader', parent = [null]]]
2015-05-20 12:04:33,240  INFO [Test worker] (TransactionalTestExecutionListener.java:276) - Began transaction (14) for test context [DefaultTestContext@4cfb3e04 testClass = ProjectCreateCommandValidatorIntegrationSpec, testInstance = com.tim.one.validator.ProjectCreateCommandValidatorIntegrationSpec@3065d037, testMethod = $spock_feature_0_0@ProjectCreateCommandValidatorIntegrationSpec, testException = [null], mergedContextConfiguration = [MergedContextConfiguration@60a8903 testClass = ProjectCreateCommandValidatorIntegrationSpec, locations = '{classpath:/services-appctx.xml, classpath:/persistence-appctx.xml, classpath:/jms-appctx.xml, classpath:/mail-context.xml, classpath:/transaction-appctx.xml, classpath:/formatter-appctx.xml, classpath:/stp-appctx.xml, classpath:/aop-appctx.xml, classpath:/properties-appctx.xml}', classes = '{}', contextInitializerClasses = '[]', activeProfiles = '{}', contextLoader = 'org.springframework.test.context.support.DelegatingSmartContextLoader', parent = [null]]]; transaction manager [org.springframework.orm.jpa.JpaTransactionManager@5f5ca74d]; rollback [true]
2015-05-20 12:04:33,259  INFO [Test worker] (?:?) - violations:1
2015-05-20 12:04:33,260  INFO [Test worker] (?:?) - field:name
2015-05-20 12:04:33,260  INFO [Test worker] (?:?) - message:may not be null
2015-05-20 12:04:33,261  INFO [Test worker] (TransactionalTestExecutionListener.java:298) - Rolled back transaction after test execution for test context [DefaultTestContext@4cfb3e04 testClass = ProjectCreateCommandValidatorIntegrationSpec, testInstance = com.tim.one.validator.ProjectCreateCommandValidatorIntegrationSpec@3065d037, testMethod = $spock_feature_0_0@ProjectCreateCommandValidatorIntegrationSpec, testException = [null], mergedContextConfiguration = [MergedContextConfiguration@60a8903 testClass = ProjectCreateCommandValidatorIntegrationSpec, locations = '{classpath:/services-appctx.xml, classpath:/persistence-appctx.xml, classpath:/jms-appctx.xml, classpath:/mail-context.xml, classpath:/transaction-appctx.xml, classpath:/formatter-appctx.xml, classpath:/stp-appctx.xml, classpath:/aop-appctx.xml, classpath:/properties-appctx.xml}', classes = '{}', contextInitializerClasses = '[]', activeProfiles = '{}', contextLoader = 'org.springframework.test.context.support.DelegatingSmartContextLoader', parent = [null]]]
2015-05-20 12:04:33,264  INFO [Test worker] (TransactionalTestExecutionListener.java:276) - Began transaction (15) for test context [DefaultTestContext@4cfb3e04 testClass = ProjectCreateCommandValidatorIntegrationSpec, testInstance = com.tim.one.validator.ProjectCreateCommandValidatorIntegrationSpec@29c4940, testMethod = $spock_feature_0_0@ProjectCreateCommandValidatorIntegrationSpec, testException = [null], mergedContextConfiguration = [MergedContextConfiguration@60a8903 testClass = ProjectCreateCommandValidatorIntegrationSpec, locations = '{classpath:/services-appctx.xml, classpath:/persistence-appctx.xml, classpath:/jms-appctx.xml, classpath:/mail-context.xml, classpath:/transaction-appctx.xml, classpath:/formatter-appctx.xml, classpath:/stp-appctx.xml, classpath:/aop-appctx.xml, classpath:/properties-appctx.xml}', classes = '{}', contextInitializerClasses = '[]', activeProfiles = '{}', contextLoader = 'org.springframework.test.context.support.DelegatingSmartContextLoader', parent = [null]]]; transaction manager [org.springframework.orm.jpa.JpaTransactionManager@5f5ca74d]; rollback [true]
2015-05-20 12:04:33,277  INFO [Test worker] (?:?) - violations:1
2015-05-20 12:04:33,277  INFO [Test worker] (?:?) - field:videoLink1
2015-05-20 12:04:33,277  INFO [Test worker] (?:?) - message:must be a valid URL
2015-05-20 12:04:33,278  INFO [Test worker] (TransactionalTestExecutionListener.java:298) - Rolled back transaction after test execution for test context [DefaultTestContext@4cfb3e04 testClass = ProjectCreateCommandValidatorIntegrationSpec, testInstance = com.tim.one.validator.ProjectCreateCommandValidatorIntegrationSpec@29c4940, testMethod = $spock_feature_0_0@ProjectCreateCommandValidatorIntegrationSpec, testException = [null], mergedContextConfiguration = [MergedContextConfiguration@60a8903 testClass = ProjectCreateCommandValidatorIntegrationSpec, locations = '{classpath:/services-appctx.xml, classpath:/persistence-appctx.xml, classpath:/jms-appctx.xml, classpath:/mail-context.xml, classpath:/transaction-appctx.xml, classpath:/formatter-appctx.xml, classpath:/stp-appctx.xml, classpath:/aop-appctx.xml, classpath:/properties-appctx.xml}', classes = '{}', contextInitializerClasses = '[]', activeProfiles = '{}', contextLoader = 'org.springframework.test.context.support.DelegatingSmartContextLoader', parent = [null]]]
2015-05-20 12:04:33,281  INFO [Test worker] (TransactionalTestExecutionListener.java:276) - Began transaction (16) for test context [DefaultTestContext@4cfb3e04 testClass = ProjectCreateCommandValidatorIntegrationSpec, testInstance = com.tim.one.validator.ProjectCreateCommandValidatorIntegrationSpec@56daa64, testMethod = $spock_feature_0_0@ProjectCreateCommandValidatorIntegrationSpec, testException = [null], mergedContextConfiguration = [MergedContextConfiguration@60a8903 testClass = ProjectCreateCommandValidatorIntegrationSpec, locations = '{classpath:/services-appctx.xml, classpath:/persistence-appctx.xml, classpath:/jms-appctx.xml, classpath:/mail-context.xml, classpath:/transaction-appctx.xml, classpath:/formatter-appctx.xml, classpath:/stp-appctx.xml, classpath:/aop-appctx.xml, classpath:/properties-appctx.xml}', classes = '{}', contextInitializerClasses = '[]', activeProfiles = '{}', contextLoader = 'org.springframework.test.context.support.DelegatingSmartContextLoader', parent = [null]]]; transaction manager [org.springframework.orm.jpa.JpaTransactionManager@5f5ca74d]; rollback [true]
2015-05-20 12:04:33,305  INFO [Test worker] (?:?) - violations:1
2015-05-20 12:04:33,306  INFO [Test worker] (?:?) - field:videoLink2
2015-05-20 12:04:33,306  INFO [Test worker] (?:?) - message:must be a valid URL
2015-05-20 12:04:33,307  INFO [Test worker] (TransactionalTestExecutionListener.java:298) - Rolled back transaction after test execution for test context [DefaultTestContext@4cfb3e04 testClass = ProjectCreateCommandValidatorIntegrationSpec, testInstance = com.tim.one.validator.ProjectCreateCommandValidatorIntegrationSpec@56daa64, testMethod = $spock_feature_0_0@ProjectCreateCommandValidatorIntegrationSpec, testException = [null], mergedContextConfiguration = [MergedContextConfiguration@60a8903 testClass = ProjectCreateCommandValidatorIntegrationSpec, locations = '{classpath:/services-appctx.xml, classpath:/persistence-appctx.xml, classpath:/jms-appctx.xml, classpath:/mail-context.xml, classpath:/transaction-appctx.xml, classpath:/formatter-appctx.xml, classpath:/stp-appctx.xml, classpath:/aop-appctx.xml, classpath:/properties-appctx.xml}', classes = '{}', contextInitializerClasses = '[]', activeProfiles = '{}', contextLoader = 'org.springframework.test.context.support.DelegatingSmartContextLoader', parent = [null]]]
2015-05-20 12:04:33,310  INFO [Test worker] (TransactionalTestExecutionListener.java:276) - Began transaction (17) for test context [DefaultTestContext@4cfb3e04 testClass = ProjectCreateCommandValidatorIntegrationSpec, testInstance = com.tim.one.validator.ProjectCreateCommandValidatorIntegrationSpec@27f36862, testMethod = $spock_feature_0_0@ProjectCreateCommandValidatorIntegrationSpec, testException = [null], mergedContextConfiguration = [MergedContextConfiguration@60a8903 testClass = ProjectCreateCommandValidatorIntegrationSpec, locations = '{classpath:/services-appctx.xml, classpath:/persistence-appctx.xml, classpath:/jms-appctx.xml, classpath:/mail-context.xml, classpath:/transaction-appctx.xml, classpath:/formatter-appctx.xml, classpath:/stp-appctx.xml, classpath:/aop-appctx.xml, classpath:/properties-appctx.xml}', classes = '{}', contextInitializerClasses = '[]', activeProfiles = '{}', contextLoader = 'org.springframework.test.context.support.DelegatingSmartContextLoader', parent = [null]]]; transaction manager [org.springframework.orm.jpa.JpaTransactionManager@5f5ca74d]; rollback [true]
2015-05-20 12:04:33,325  INFO [Test worker] (?:?) - violations:1
2015-05-20 12:04:33,325  INFO [Test worker] (?:?) - field:videoLink3
2015-05-20 12:04:33,326  INFO [Test worker] (?:?) - message:must be a valid URL
2015-05-20 12:04:33,327  INFO [Test worker] (TransactionalTestExecutionListener.java:298) - Rolled back transaction after test execution for test context [DefaultTestContext@4cfb3e04 testClass = ProjectCreateCommandValidatorIntegrationSpec, testInstance = com.tim.one.validator.ProjectCreateCommandValidatorIntegrationSpec@27f36862, testMethod = $spock_feature_0_0@ProjectCreateCommandValidatorIntegrationSpec, testException = [null], mergedContextConfiguration = [MergedContextConfiguration@60a8903 testClass = ProjectCreateCommandValidatorIntegrationSpec, locations = '{classpath:/services-appctx.xml, classpath:/persistence-appctx.xml, classpath:/jms-appctx.xml, classpath:/mail-context.xml, classpath:/transaction-appctx.xml, classpath:/formatter-appctx.xml, classpath:/stp-appctx.xml, classpath:/aop-appctx.xml, classpath:/properties-appctx.xml}', classes = '{}', contextInitializerClasses = '[]', activeProfiles = '{}', contextLoader = 'org.springframework.test.context.support.DelegatingSmartContextLoader', parent = [null]]]
2015-05-20 12:04:33,330  INFO [Test worker] (TransactionalTestExecutionListener.java:276) - Began transaction (18) for test context [DefaultTestContext@4cfb3e04 testClass = ProjectCreateCommandValidatorIntegrationSpec, testInstance = com.tim.one.validator.ProjectCreateCommandValidatorIntegrationSpec@33369f6e, testMethod = $spock_feature_0_0@ProjectCreateCommandValidatorIntegrationSpec, testException = [null], mergedContextConfiguration = [MergedContextConfiguration@60a8903 testClass = ProjectCreateCommandValidatorIntegrationSpec, locations = '{classpath:/services-appctx.xml, classpath:/persistence-appctx.xml, classpath:/jms-appctx.xml, classpath:/mail-context.xml, classpath:/transaction-appctx.xml, classpath:/formatter-appctx.xml, classpath:/stp-appctx.xml, classpath:/aop-appctx.xml, classpath:/properties-appctx.xml}', classes = '{}', contextInitializerClasses = '[]', activeProfiles = '{}', contextLoader = 'org.springframework.test.context.support.DelegatingSmartContextLoader', parent = [null]]]; transaction manager [org.springframework.orm.jpa.JpaTransactionManager@5f5ca74d]; rollback [true]
2015-05-20 12:04:33,345  INFO [Test worker] (?:?) - violations:1
2015-05-20 12:04:33,345  INFO [Test worker] (?:?) - field:videoLink4
2015-05-20 12:04:33,345  INFO [Test worker] (?:?) - message:must be a valid URL
2015-05-20 12:04:33,346  INFO [Test worker] (TransactionalTestExecutionListener.java:298) - Rolled back transaction after test execution for test context [DefaultTestContext@4cfb3e04 testClass = ProjectCreateCommandValidatorIntegrationSpec, testInstance = com.tim.one.validator.ProjectCreateCommandValidatorIntegrationSpec@33369f6e, testMethod = $spock_feature_0_0@ProjectCreateCommandValidatorIntegrationSpec, testException = [null], mergedContextConfiguration = [MergedContextConfiguration@60a8903 testClass = ProjectCreateCommandValidatorIntegrationSpec, locations = '{classpath:/services-appctx.xml, classpath:/persistence-appctx.xml, classpath:/jms-appctx.xml, classpath:/mail-context.xml, classpath:/transaction-appctx.xml, classpath:/formatter-appctx.xml, classpath:/stp-appctx.xml, classpath:/aop-appctx.xml, classpath:/properties-appctx.xml}', classes = '{}', contextInitializerClasses = '[]', activeProfiles = '{}', contextLoader = 'org.springframework.test.context.support.DelegatingSmartContextLoader', parent = [null]]]
2015-05-20 12:04:33,348  INFO [Test worker] (TransactionalTestExecutionListener.java:276) - Began transaction (19) for test context [DefaultTestContext@4cfb3e04 testClass = ProjectCreateCommandValidatorIntegrationSpec, testInstance = com.tim.one.validator.ProjectCreateCommandValidatorIntegrationSpec@b13ce0b, testMethod = $spock_feature_0_0@ProjectCreateCommandValidatorIntegrationSpec, testException = [null], mergedContextConfiguration = [MergedContextConfiguration@60a8903 testClass = ProjectCreateCommandValidatorIntegrationSpec, locations = '{classpath:/services-appctx.xml, classpath:/persistence-appctx.xml, classpath:/jms-appctx.xml, classpath:/mail-context.xml, classpath:/transaction-appctx.xml, classpath:/formatter-appctx.xml, classpath:/stp-appctx.xml, classpath:/aop-appctx.xml, classpath:/properties-appctx.xml}', classes = '{}', contextInitializerClasses = '[]', activeProfiles = '{}', contextLoader = 'org.springframework.test.context.support.DelegatingSmartContextLoader', parent = [null]]]; transaction manager [org.springframework.orm.jpa.JpaTransactionManager@5f5ca74d]; rollback [true]
2015-05-20 12:04:33,362  INFO [Test worker] (?:?) - violations:1
2015-05-20 12:04:33,363  INFO [Test worker] (?:?) - field:videoLink5
2015-05-20 12:04:33,363  INFO [Test worker] (?:?) - message:must be a valid URL
2015-05-20 12:04:33,364  INFO [Test worker] (TransactionalTestExecutionListener.java:298) - Rolled back transaction after test execution for test context [DefaultTestContext@4cfb3e04 testClass = ProjectCreateCommandValidatorIntegrationSpec, testInstance = com.tim.one.validator.ProjectCreateCommandValidatorIntegrationSpec@b13ce0b, testMethod = $spock_feature_0_0@ProjectCreateCommandValidatorIntegrationSpec, testException = [null], mergedContextConfiguration = [MergedContextConfiguration@60a8903 testClass = ProjectCreateCommandValidatorIntegrationSpec, locations = '{classpath:/services-appctx.xml, classpath:/persistence-appctx.xml, classpath:/jms-appctx.xml, classpath:/mail-context.xml, classpath:/transaction-appctx.xml, classpath:/formatter-appctx.xml, classpath:/stp-appctx.xml, classpath:/aop-appctx.xml, classpath:/properties-appctx.xml}', classes = '{}', contextInitializerClasses = '[]', activeProfiles = '{}', contextLoader = 'org.springframework.test.context.support.DelegatingSmartContextLoader', parent = [null]]]
2015-05-20 12:04:33,367  INFO [Test worker] (TransactionalTestExecutionListener.java:276) - Began transaction (20) for test context [DefaultTestContext@4cfb3e04 testClass = ProjectCreateCommandValidatorIntegrationSpec, testInstance = com.tim.one.validator.ProjectCreateCommandValidatorIntegrationSpec@61492bec, testMethod = $spock_feature_0_0@ProjectCreateCommandValidatorIntegrationSpec, testException = [null], mergedContextConfiguration = [MergedContextConfiguration@60a8903 testClass = ProjectCreateCommandValidatorIntegrationSpec, locations = '{classpath:/services-appctx.xml, classpath:/persistence-appctx.xml, classpath:/jms-appctx.xml, classpath:/mail-context.xml, classpath:/transaction-appctx.xml, classpath:/formatter-appctx.xml, classpath:/stp-appctx.xml, classpath:/aop-appctx.xml, classpath:/properties-appctx.xml}', classes = '{}', contextInitializerClasses = '[]', activeProfiles = '{}', contextLoader = 'org.springframework.test.context.support.DelegatingSmartContextLoader', parent = [null]]]; transaction manager [org.springframework.orm.jpa.JpaTransactionManager@5f5ca74d]; rollback [true]
2015-05-20 12:04:33,380  INFO [Test worker] (?:?) - violations:1
2015-05-20 12:04:33,381  INFO [Test worker] (?:?) - field:soundCloudLink1
2015-05-20 12:04:33,381  INFO [Test worker] (?:?) - message:must be a valid URL
2015-05-20 12:04:33,382  INFO [Test worker] (TransactionalTestExecutionListener.java:298) - Rolled back transaction after test execution for test context [DefaultTestContext@4cfb3e04 testClass = ProjectCreateCommandValidatorIntegrationSpec, testInstance = com.tim.one.validator.ProjectCreateCommandValidatorIntegrationSpec@61492bec, testMethod = $spock_feature_0_0@ProjectCreateCommandValidatorIntegrationSpec, testException = [null], mergedContextConfiguration = [MergedContextConfiguration@60a8903 testClass = ProjectCreateCommandValidatorIntegrationSpec, locations = '{classpath:/services-appctx.xml, classpath:/persistence-appctx.xml, classpath:/jms-appctx.xml, classpath:/mail-context.xml, classpath:/transaction-appctx.xml, classpath:/formatter-appctx.xml, classpath:/stp-appctx.xml, classpath:/aop-appctx.xml, classpath:/properties-appctx.xml}', classes = '{}', contextInitializerClasses = '[]', activeProfiles = '{}', contextLoader = 'org.springframework.test.context.support.DelegatingSmartContextLoader', parent = [null]]]
[...]
2015-05-20 12:04:33,547  INFO [Test worker] (TransactionalTestExecutionListener.java:276) - Began transaction (30) for test context [DefaultTestContext@4cfb3e04 testClass = ProjectCreateCommandValidatorIntegrationSpec, testInstance = com.tim.one.validator.ProjectCreateCommandValidatorIntegrationSpec@43bdee36, testMethod = $spock_feature_0_0@ProjectCreateCommandValidatorIntegrationSpec, testException = [null], mergedContextConfiguration = [MergedContextConfiguration@60a8903 testClass = ProjectCreateCommandValidatorIntegrationSpec, locations = '{classpath:/services-appctx.xml, classpath:/persistence-appctx.xml, classpath:/jms-appctx.xml, classpath:/mail-context.xml, classpath:/transaction-appctx.xml, classpath:/formatter-appctx.xml, classpath:/stp-appctx.xml, classpath:/aop-appctx.xml, classpath:/properties-appctx.xml}', classes = '{}', contextInitializerClasses = '[]', activeProfiles = '{}', contextLoader = 'org.springframework.test.context.support.DelegatingSmartContextLoader', parent = [null]]]; transaction manager [org.springframework.orm.jpa.JpaTransactionManager@5f5ca74d]; rollback [true]
2015-05-20 12:04:33,561  INFO [Test worker] (?:?) - violations:1
2015-05-20 12:04:33,561  INFO [Test worker] (?:?) - field:infoPublic
2015-05-20 12:04:33,561  INFO [Test worker] (?:?) - message:must be between 0 and 1
2015-05-20 12:04:33,562  INFO [Test worker] (TransactionalTestExecutionListener.java:298) - Rolled back transaction after test execution for test context [DefaultTestContext@4cfb3e04 testClass = ProjectCreateCommandValidatorIntegrationSpec, testInstance = com.tim.one.validator.ProjectCreateCommandValidatorIntegrationSpec@43bdee36, testMethod = $spock_feature_0_0@ProjectCreateCommandValidatorIntegrationSpec, testException = [null], mergedContextConfiguration = [MergedContextConfiguration@60a8903 testClass = ProjectCreateCommandValidatorIntegrationSpec, locations = '{classpath:/services-appctx.xml, classpath:/persistence-appctx.xml, classpath:/jms-appctx.xml, classpath:/mail-context.xml, classpath:/transaction-appctx.xml, classpath:/formatter-appctx.xml, classpath:/stp-appctx.xml, classpath:/aop-appctx.xml, classpath:/properties-appctx.xml}', classes = '{}', contextInitializerClasses = '[]', activeProfiles = '{}', contextLoader = 'org.springframework.test.context.support.DelegatingSmartContextLoader', parent = [null]]]
2015-05-20 12:04:33,565  INFO [Test worker] (TransactionalTestExecutionListener.java:276) - Began transaction (31) for test context [DefaultTestContext@4cfb3e04 testClass = ProjectCreateCommandValidatorIntegrationSpec, testInstance = com.tim.one.validator.ProjectCreateCommandValidatorIntegrationSpec@5897e84, testMethod = $spock_feature_0_0@ProjectCreateCommandValidatorIntegrationSpec, testException = [null], mergedContextConfiguration = [MergedContextConfiguration@60a8903 testClass = ProjectCreateCommandValidatorIntegrationSpec, locations = '{classpath:/services-appctx.xml, classpath:/persistence-appctx.xml, classpath:/jms-appctx.xml, classpath:/mail-context.xml, classpath:/transaction-appctx.xml, classpath:/formatter-appctx.xml, classpath:/stp-appctx.xml, classpath:/aop-appctx.xml, classpath:/properties-appctx.xml}', classes = '{}', contextInitializerClasses = '[]', activeProfiles = '{}', contextLoader = 'org.springframework.test.context.support.DelegatingSmartContextLoader', parent = [null]]]; transaction manager [org.springframework.orm.jpa.JpaTransactionManager@5f5ca74d]; rollback [true]
2015-05-20 12:04:33,584  INFO [Test worker] (?:?) - violations:1
2015-05-20 12:04:33,584  INFO [Test worker] (?:?) - field:name
2015-05-20 12:04:33,585  INFO [Test worker] (?:?) - message:may have unsafe html content
2015-05-20 12:04:33,586  INFO [Test worker] (TransactionalTestExecutionListener.java:298) - Rolled back transaction after test execution for test context [DefaultTestContext@4cfb3e04 testClass = ProjectCreateCommandValidatorIntegrationSpec, testInstance = com.tim.one.validator.ProjectCreateCommandValidatorIntegrationSpec@5897e84, testMethod = $spock_feature_0_0@ProjectCreateCommandValidatorIntegrationSpec, testException = [null], mergedContextConfiguration = [MergedContextConfiguration@60a8903 testClass = ProjectCreateCommandValidatorIntegrationSpec, locations = '{classpath:/services-appctx.xml, classpath:/persistence-appctx.xml, classpath:/jms-appctx.xml, classpath:/mail-context.xml, classpath:/transaction-appctx.xml, classpath:/formatter-appctx.xml, classpath:/stp-appctx.xml, classpath:/aop-appctx.xml, classpath:/properties-appctx.xml}', classes = '{}', contextInitializerClasses = '[]', activeProfiles = '{}', contextLoader = 'org.springframework.test.context.support.DelegatingSmartContextLoader', parent = [null]]]
2015-05-20 12:04:33,589  INFO [Test worker] (TransactionalTestExecutionListener.java:276) - Began transaction (32) for test context [DefaultTestContext@4cfb3e04 testClass = ProjectCreateCommandValidatorIntegrationSpec, testInstance = com.tim.one.validator.ProjectCreateCommandValidatorIntegrationSpec@6f633d25, testMethod = $spock_feature_0_0@ProjectCreateCommandValidatorIntegrationSpec, testException = [null], mergedContextConfiguration = [MergedContextConfiguration@60a8903 testClass = ProjectCreateCommandValidatorIntegrationSpec, locations = '{classpath:/services-appctx.xml, classpath:/persistence-appctx.xml, classpath:/jms-appctx.xml, classpath:/mail-context.xml, classpath:/transaction-appctx.xml, classpath:/formatter-appctx.xml, classpath:/stp-appctx.xml, classpath:/aop-appctx.xml, classpath:/properties-appctx.xml}', classes = '{}', contextInitializerClasses = '[]', activeProfiles = '{}', contextLoader = 'org.springframework.test.context.support.DelegatingSmartContextLoader', parent = [null]]]; transaction manager [org.springframework.orm.jpa.JpaTransactionManager@5f5ca74d]; rollback [true]
2015-05-20 12:04:33,607  INFO [Test worker] (?:?) - violations:1
2015-05-20 12:04:33,607  INFO [Test worker] (?:?) - field:inclosure
2015-05-20 12:04:33,608  INFO [Test worker] (?:?) - message:may have unsafe html content
2015-05-20 12:04:33,608  INFO [Test worker] (TransactionalTestExecutionListener.java:298) - Rolled back transaction after test execution for test context [DefaultTestContext@4cfb3e04 testClass = ProjectCreateCommandValidatorIntegrationSpec, testInstance = com.tim.one.validator.ProjectCreateCommandValidatorIntegrationSpec@6f633d25, testMethod = $spock_feature_0_0@ProjectCreateCommandValidatorIntegrationSpec, testException = [null], mergedContextConfiguration = [MergedContextConfiguration@60a8903 testClass = ProjectCreateCommandValidatorIntegrationSpec, locations = '{classpath:/services-appctx.xml, classpath:/persistence-appctx.xml, classpath:/jms-appctx.xml, classpath:/mail-context.xml, classpath:/transaction-appctx.xml, classpath:/formatter-appctx.xml, classpath:/stp-appctx.xml, classpath:/aop-appctx.xml, classpath:/properties-appctx.xml}', classes = '{}', contextInitializerClasses = '[]', activeProfiles = '{}', contextLoader = 'org.springframework.test.context.support.DelegatingSmartContextLoader', parent = [null]]]
2015-05-20 12:04:33,611  INFO [Test worker] (TransactionalTestExecutionListener.java:276) - Began transaction (33) for test context [DefaultTestContext@4cfb3e04 testClass = ProjectCreateCommandValidatorIntegrationSpec, testInstance = com.tim.one.validator.ProjectCreateCommandValidatorIntegrationSpec@6cef2492, testMethod = $spock_feature_0_0@ProjectCreateCommandValidatorIntegrationSpec, testException = [null], mergedContextConfiguration = [MergedContextConfiguration@60a8903 testClass = ProjectCreateCommandValidatorIntegrationSpec, locations = '{classpath:/services-appctx.xml, classpath:/persistence-appctx.xml, classpath:/jms-appctx.xml, classpath:/mail-context.xml, classpath:/transaction-appctx.xml, classpath:/formatter-appctx.xml, classpath:/stp-appctx.xml, classpath:/aop-appctx.xml, classpath:/properties-appctx.xml}', classes = '{}', contextInitializerClasses = '[]', activeProfiles = '{}', contextLoader = 'org.springframework.test.context.support.DelegatingSmartContextLoader', parent = [null]]]; transaction manager [org.springframework.orm.jpa.JpaTransactionManager@5f5ca74d]; rollback [true]
2015-05-20 12:04:33,624  INFO [Test worker] (?:?) - violations:1
2015-05-20 12:04:33,624  INFO [Test worker] (?:?) - field:showground
2015-05-20 12:04:33,624  INFO [Test worker] (?:?) - message:may have unsafe html content
2015-05-20 12:04:33,625  INFO [Test worker] (TransactionalTestExecutionListener.java:298) - Rolled back transaction after test execution for test context [DefaultTestContext@4cfb3e04 testClass = ProjectCreateCommandValidatorIntegrationSpec, testInstance = com.tim.one.validator.ProjectCreateCommandValidatorIntegrationSpec@6cef2492, testMethod = $spock_feature_0_0@ProjectCreateCommandValidatorIntegrationSpec, testException = [null], mergedContextConfiguration = [MergedContextConfiguration@60a8903 testClass = ProjectCreateCommandValidatorIntegrationSpec, locations = '{classpath:/services-appctx.xml, classpath:/persistence-appctx.xml, classpath:/jms-appctx.xml, classpath:/mail-context.xml, classpath:/transaction-appctx.xml, classpath:/formatter-appctx.xml, classpath:/stp-appctx.xml, classpath:/aop-appctx.xml, classpath:/properties-appctx.xml}', classes = '{}', contextInitializerClasses = '[]', activeProfiles = '{}', contextLoader = 'org.springframework.test.context.support.DelegatingSmartContextLoader', parent = [null]]]
2015-05-20 12:04:33,628  INFO [Test worker] (TransactionalTestExecutionListener.java:276) - Began transaction (34) for test context [DefaultTestContext@4cfb3e04 testClass = ProjectCreateCommandValidatorIntegrationSpec, testInstance = com.tim.one.validator.ProjectCreateCommandValidatorIntegrationSpec@7aca4550, testMethod = $spock_feature_0_0@ProjectCreateCommandValidatorIntegrationSpec, testException = [null], mergedContextConfiguration = [MergedContextConfiguration@60a8903 testClass = ProjectCreateCommandValidatorIntegrationSpec, locations = '{classpath:/services-appctx.xml, classpath:/persistence-appctx.xml, classpath:/jms-appctx.xml, classpath:/mail-context.xml, classpath:/transaction-appctx.xml, classpath:/formatter-appctx.xml, classpath:/stp-appctx.xml, classpath:/aop-appctx.xml, classpath:/properties-appctx.xml}', classes = '{}', contextInitializerClasses = '[]', activeProfiles = '{}', contextLoader = 'org.springframework.test.context.support.DelegatingSmartContextLoader', parent = [null]]]; transaction manager [org.springframework.orm.jpa.JpaTransactionManager@5f5ca74d]; rollback [true]
2015-05-20 12:04:33,643  INFO [Test worker] (?:?) - violations:1
2015-05-20 12:04:33,643  INFO [Test worker] (?:?) - field:banner
2015-05-20 12:04:33,644  INFO [Test worker] (?:?) - message:may have unsafe html content
2015-05-20 12:04:33,644  INFO [Test worker] (TransactionalTestExecutionListener.java:298) - Rolled back transaction after test execution for test context [DefaultTestContext@4cfb3e04 testClass = ProjectCreateCommandValidatorIntegrationSpec, testInstance = com.tim.one.validator.ProjectCreateCommandValidatorIntegrationSpec@7aca4550, testMethod = $spock_feature_0_0@ProjectCreateCommandValidatorIntegrationSpec, testException = [null], mergedContextConfiguration = [MergedContextConfiguration@60a8903 testClass = ProjectCreateCommandValidatorIntegrationSpec, locations = '{classpath:/services-appctx.xml, classpath:/persistence-appctx.xml, classpath:/jms-appctx.xml, classpath:/mail-context.xml, classpath:/transaction-appctx.xml, classpath:/formatter-appctx.xml, classpath:/stp-appctx.xml, classpath:/aop-appctx.xml, classpath:/properties-appctx.xml}', classes = '{}', contextInitializerClasses = '[]', activeProfiles = '{}', contextLoader = 'org.springframework.test.context.support.DelegatingSmartContextLoader', parent = [null]]]
2015-05-20 12:04:33,646  INFO [Test worker] (TransactionalTestExecutionListener.java:276) - Began transaction (35) for test context [DefaultTestContext@4cfb3e04 testClass = ProjectCreateCommandValidatorIntegrationSpec, testInstance = com.tim.one.validator.ProjectCreateCommandValidatorIntegrationSpec@242f230c, testMethod = $spock_feature_0_0@ProjectCreateCommandValidatorIntegrationSpec, testException = [null], mergedContextConfiguration = [MergedContextConfiguration@60a8903 testClass = ProjectCreateCommandValidatorIntegrationSpec, locations = '{classpath:/services-appctx.xml, classpath:/persistence-appctx.xml, classpath:/jms-appctx.xml, classpath:/mail-context.xml, classpath:/transaction-appctx.xml, classpath:/formatter-appctx.xml, classpath:/stp-appctx.xml, classpath:/aop-appctx.xml, classpath:/properties-appctx.xml}', classes = '{}', contextInitializerClasses = '[]', activeProfiles = '{}', contextLoader = 'org.springframework.test.context.support.DelegatingSmartContextLoader', parent = [null]]]; transaction manager [org.springframework.orm.jpa.JpaTransactionManager@5f5ca74d]; rollback [true]
2015-05-20 12:04:33,660  INFO [Test worker] (?:?) - violations:1
2015-05-20 12:04:33,660  INFO [Test worker] (?:?) - field:avatar
2015-05-20 12:04:33,661  INFO [Test worker] (?:?) - message:may have unsafe html content
2015-05-20 12:04:33,662  INFO [Test worker] (TransactionalTestExecutionListener.java:298) - Rolled back transaction after test execution for test context [DefaultTestContext@4cfb3e04 testClass = ProjectCreateCommandValidatorIntegrationSpec, testInstance = com.tim.one.validator.ProjectCreateCommandValidatorIntegrationSpec@242f230c, testMethod = $spock_feature_0_0@ProjectCreateCommandValidatorIntegrationSpec, testException = [null], mergedContextConfiguration = [MergedContextConfiguration@60a8903 testClass = ProjectCreateCommandValidatorIntegrationSpec, locations = '{classpath:/services-appctx.xml, classpath:/persistence-appctx.xml, classpath:/jms-appctx.xml, classpath:/mail-context.xml, classpath:/transaction-appctx.xml, classpath:/formatter-appctx.xml, classpath:/stp-appctx.xml, classpath:/aop-appctx.xml, classpath:/properties-appctx.xml}', classes = '{}', contextInitializerClasses = '[]', activeProfiles = '{}', contextLoader = 'org.springframework.test.context.support.DelegatingSmartContextLoader', parent = [null]]]
2015-05-20 12:04:33,665  INFO [Test worker] (TransactionalTestExecutionListener.java:276) - Began transaction (36) for test context [DefaultTestContext@4cfb3e04 testClass = ProjectCreateCommandValidatorIntegrationSpec, testInstance = com.tim.one.validator.ProjectCreateCommandValidatorIntegrationSpec@359592e5, testMethod = $spock_feature_0_0@ProjectCreateCommandValidatorIntegrationSpec, testException = [null], mergedContextConfiguration = [MergedContextConfiguration@60a8903 testClass = ProjectCreateCommandValidatorIntegrationSpec, locations = '{classpath:/services-appctx.xml, classpath:/persistence-appctx.xml, classpath:/jms-appctx.xml, classpath:/mail-context.xml, classpath:/transaction-appctx.xml, classpath:/formatter-appctx.xml, classpath:/stp-appctx.xml, classpath:/aop-appctx.xml, classpath:/properties-appctx.xml}', classes = '{}', contextInitializerClasses = '[]', activeProfiles = '{}', contextLoader = 'org.springframework.test.context.support.DelegatingSmartContextLoader', parent = [null]]]; transaction manager [org.springframework.orm.jpa.JpaTransactionManager@5f5ca74d]; rollback [true]
2015-05-20 12:04:33,684  INFO [Test worker] (?:?) - violations:1
2015-05-20 12:04:33,685  INFO [Test worker] (?:?) - field:description
2015-05-20 12:04:33,685  INFO [Test worker] (?:?) - message:may have unsafe html content
2015-05-20 12:04:33,686  INFO [Test worker] (TransactionalTestExecutionListener.java:298) - Rolled back transaction after test execution for test context [DefaultTestContext@4cfb3e04 testClass = ProjectCreateCommandValidatorIntegrationSpec, testInstance = com.tim.one.validator.ProjectCreateCommandValidatorIntegrationSpec@359592e5, testMethod = $spock_feature_0_0@ProjectCreateCommandValidatorIntegrationSpec, testException = [null], mergedContextConfiguration = [MergedContextConfiguration@60a8903 testClass = ProjectCreateCommandValidatorIntegrationSpec, locations = '{classpath:/services-appctx.xml, classpath:/persistence-appctx.xml, classpath:/jms-appctx.xml, classpath:/mail-context.xml, classpath:/transaction-appctx.xml, classpath:/formatter-appctx.xml, classpath:/stp-appctx.xml, classpath:/aop-appctx.xml, classpath:/properties-appctx.xml}', classes = '{}', contextInitializerClasses = '[]', activeProfiles = '{}', contextLoader = 'org.springframework.test.context.support.DelegatingSmartContextLoader', parent = [null]]]
2015-05-20 12:04:33,689  INFO [Test worker] (TransactionalTestExecutionListener.java:276) - Began transaction (37) for test context [DefaultTestContext@4cfb3e04 testClass = ProjectCreateCommandValidatorIntegrationSpec, testInstance = com.tim.one.validator.ProjectCreateCommandValidatorIntegrationSpec@220cfd54, testMethod = $spock_feature_0_0@ProjectCreateCommandValidatorIntegrationSpec, testException = [null], mergedContextConfiguration = [MergedContextConfiguration@60a8903 testClass = ProjectCreateCommandValidatorIntegrationSpec, locations = '{classpath:/services-appctx.xml, classpath:/persistence-appctx.xml, classpath:/jms-appctx.xml, classpath:/mail-context.xml, classpath:/transaction-appctx.xml, classpath:/formatter-appctx.xml, classpath:/stp-appctx.xml, classpath:/aop-appctx.xml, classpath:/properties-appctx.xml}', classes = '{}', contextInitializerClasses = '[]', activeProfiles = '{}', contextLoader = 'org.springframework.test.context.support.DelegatingSmartContextLoader', parent = [null]]]; transaction manager [org.springframework.orm.jpa.JpaTransactionManager@5f5ca74d]; rollback [true]
2015-05-20 12:04:33,702  INFO [Test worker] (?:?) - violations:1
2015-05-20 12:04:33,702  INFO [Test worker] (?:?) - field:cast
2015-05-20 12:04:33,702  INFO [Test worker] (?:?) - message:may have unsafe html content
2015-05-20 12:04:33,703  INFO [Test worker] (TransactionalTestExecutionListener.java:298) - Rolled back transaction after test execution for test context [DefaultTestContext@4cfb3e04 testClass = ProjectCreateCommandValidatorIntegrationSpec, testInstance = com.tim.one.validator.ProjectCreateCommandValidatorIntegrationSpec@220cfd54, testMethod = $spock_feature_0_0@ProjectCreateCommandValidatorIntegrationSpec, testException = [null], mergedContextConfiguration = [MergedContextConfiguration@60a8903 testClass = ProjectCreateCommandValidatorIntegrationSpec, locations = '{classpath:/services-appctx.xml, classpath:/persistence-appctx.xml, classpath:/jms-appctx.xml, classpath:/mail-context.xml, classpath:/transaction-appctx.xml, classpath:/formatter-appctx.xml, classpath:/stp-appctx.xml, classpath:/aop-appctx.xml, classpath:/properties-appctx.xml}', classes = '{}', contextInitializerClasses = '[]', activeProfiles = '{}', contextLoader = 'org.springframework.test.context.support.DelegatingSmartContextLoader', parent = [null]]]
]]></system-out>
  <system-err><![CDATA[]]></system-err>
</testsuite>
