<?xml version="1.0" encoding="UTF-8"?>
<testsuite name="com.tim.one.service.STPClabeServiceIntegrationSpec" tests="1" skipped="0" failures="0" errors="0" timestamp="2015-05-20T16:40:31" hostname="josdem-Inspiron-5420" time="2.843">
  <properties/>
  <testcase name="Should generate and STP account" classname="com.tim.one.service.STPClabeServiceIntegrationSpec" time="2.843"/>
  <system-out><![CDATA[18792 [Test worker] DEBUG org.springframework.test.annotation.ProfileValueUtils  - Retrieved @ProfileValueSourceConfiguration [null] for test class [com.tim.one.service.STPClabeServiceIntegrationSpec]
18792 [Test worker] DEBUG org.springframework.test.annotation.ProfileValueUtils  - Retrieved ProfileValueSource type [class org.springframework.test.annotation.SystemProfileValueSource] for class [com.tim.one.service.STPClabeServiceIntegrationSpec]
18792 [Test worker] DEBUG org.springframework.test.annotation.ProfileValueUtils  - Retrieved @ProfileValueSourceConfiguration [null] for test class [com.tim.one.service.STPClabeServiceIntegrationSpec]
18792 [Test worker] DEBUG org.springframework.test.annotation.ProfileValueUtils  - Retrieved ProfileValueSource type [class org.springframework.test.annotation.SystemProfileValueSource] for class [com.tim.one.service.STPClabeServiceIntegrationSpec]
18794 [Test worker] DEBUG org.springframework.test.context.support.AbstractDelegatingSmartContextLoader  - Delegating to GenericXmlContextLoader to process context configuration [ContextConfigurationAttributes@2bdaf480 declaringClass = 'com.tim.one.service.STPClabeServiceIntegrationSpec', classes = '{}', locations = '{classpath:/stp-appctx.xml, classpath:/services-appctx.xml, classpath:/persistence-appctx.xml, classpath:/jms-appctx.xml, classpath:/mail-context.xml, classpath:/transaction-appctx.xml, classpath:/formatter-appctx.xml, classpath:/stp-appctx.xml, classpath:/aop-appctx.xml, classpath:/properties-appctx.xml}', inheritLocations = true, initializers = '{}', inheritInitializers = true, name = [null], contextLoaderClass = 'org.springframework.test.context.ContextLoader'].
18794 [Test worker] DEBUG org.springframework.test.context.ContextLoaderUtils  - Could not find an 'annotation declaring class' for annotation type [org.springframework.test.context.ActiveProfiles] and class [com.tim.one.service.STPClabeServiceIntegrationSpec]
18794 [Test worker] DEBUG org.springframework.test.context.TestContextManager  - @TestExecutionListeners is not present for class [com.tim.one.service.STPClabeServiceIntegrationSpec]: using defaults.
18799 [Test worker] DEBUG org.springframework.test.context.support.DependencyInjectionTestExecutionListener  - Performing dependency injection for test context [[DefaultTestContext@2dd50395 testClass = STPClabeServiceIntegrationSpec, testInstance = com.tim.one.service.STPClabeServiceIntegrationSpec@7bde42b4, testMethod = [null], testException = [null], mergedContextConfiguration = [MergedContextConfiguration@3ced76f4 testClass = STPClabeServiceIntegrationSpec, locations = '{classpath:/stp-appctx.xml, classpath:/services-appctx.xml, classpath:/persistence-appctx.xml, classpath:/jms-appctx.xml, classpath:/mail-context.xml, classpath:/transaction-appctx.xml, classpath:/formatter-appctx.xml, classpath:/stp-appctx.xml, classpath:/aop-appctx.xml, classpath:/properties-appctx.xml}', classes = '{}', contextInitializerClasses = '[]', activeProfiles = '{}', contextLoader = 'org.springframework.test.context.support.DelegatingSmartContextLoader', parent = [null]]]].
18799 [Test worker] DEBUG org.springframework.test.context.support.AbstractDelegatingSmartContextLoader  - Delegating to GenericXmlContextLoader to load context from [MergedContextConfiguration@3ced76f4 testClass = STPClabeServiceIntegrationSpec, locations = '{classpath:/stp-appctx.xml, classpath:/services-appctx.xml, classpath:/persistence-appctx.xml, classpath:/jms-appctx.xml, classpath:/mail-context.xml, classpath:/transaction-appctx.xml, classpath:/formatter-appctx.xml, classpath:/stp-appctx.xml, classpath:/aop-appctx.xml, classpath:/properties-appctx.xml}', classes = '{}', contextInitializerClasses = '[]', activeProfiles = '{}', contextLoader = 'org.springframework.test.context.support.DelegatingSmartContextLoader', parent = [null]].
18799 [Test worker] DEBUG org.springframework.test.context.support.AbstractGenericContextLoader  - Loading ApplicationContext for merged context configuration [[MergedContextConfiguration@3ced76f4 testClass = STPClabeServiceIntegrationSpec, locations = '{classpath:/stp-appctx.xml, classpath:/services-appctx.xml, classpath:/persistence-appctx.xml, classpath:/jms-appctx.xml, classpath:/mail-context.xml, classpath:/transaction-appctx.xml, classpath:/formatter-appctx.xml, classpath:/stp-appctx.xml, classpath:/aop-appctx.xml, classpath:/properties-appctx.xml}', classes = '{}', contextInitializerClasses = '[]', activeProfiles = '{}', contextLoader = 'org.springframework.test.context.support.DelegatingSmartContextLoader', parent = [null]]].
18800 [Test worker] DEBUG org.springframework.core.env.StandardEnvironment  - Adding [systemProperties] PropertySource with lowest search precedence
18800 [Test worker] DEBUG org.springframework.core.env.StandardEnvironment  - Adding [systemEnvironment] PropertySource with lowest search precedence
18800 [Test worker] DEBUG org.springframework.core.env.StandardEnvironment  - Initialized StandardEnvironment with PropertySources [systemProperties,systemEnvironment]
18800 [Test worker] INFO  org.springframework.beans.factory.xml.XmlBeanDefinitionReader  - Loading XML bean definitions from class path resource [stp-appctx.xml]
18821 [Test worker] DEBUG org.springframework.core.io.support.PathMatchingResourcePatternResolver  - Looking for matching resources in jar file [file:/home/josdem/git/uber-timone/payment-broker/timone-stp/build/libs/timone-stp-0.1.4-ALPHA.jar]
18823 [Test worker] DEBUG org.springframework.core.io.support.PathMatchingResourcePatternResolver  - Resolved location pattern [classpath*:com/tim/one/stp/**/*.class] to resources [URL [jar:file:/home/josdem/git/uber-timone/payment-broker/timone-stp/build/libs/timone-stp-0.1.4-ALPHA.jar!/com/tim/one/stp/bean/ExceptionCode.class], URL [jar:file:/home/josdem/git/uber-timone/payment-broker/timone-stp/build/libs/timone-stp-0.1.4-ALPHA.jar!/com/tim/one/stp/command/IntegraCashinCommand.class], URL [jar:file:/home/josdem/git/uber-timone/payment-broker/timone-stp/build/libs/timone-stp-0.1.4-ALPHA.jar!/com/tim/one/stp/helper/STPHelper.class], URL [jar:file:/home/josdem/git/uber-timone/payment-broker/timone-stp/build/libs/timone-stp-0.1.4-ALPHA.jar!/com/tim/one/stp/util/STPUtil.class], URL [jar:file:/home/josdem/git/uber-timone/payment-broker/timone-stp/build/libs/timone-stp-0.1.4-ALPHA.jar!/com/tim/one/stp/validator/ClabeValidator.class], URL [jar:file:/home/josdem/git/uber-timone/payment-broker/timone-stp/build/libs/timone-stp-0.1.4-ALPHA.jar!/com/tim/one/stp/formatter/CommandFormatter.class], URL [jar:file:/home/josdem/git/uber-timone/payment-broker/timone-stp/build/libs/timone-stp-0.1.4-ALPHA.jar!/com/tim/one/stp/service/CryptoService.class], URL [jar:file:/home/josdem/git/uber-timone/payment-broker/timone-stp/build/libs/timone-stp-0.1.4-ALPHA.jar!/com/tim/one/stp/service/STPService.class], URL [jar:file:/home/josdem/git/uber-timone/payment-broker/timone-stp/build/libs/timone-stp-0.1.4-ALPHA.jar!/com/tim/one/stp/service/STPClabeService.class], URL [jar:file:/home/josdem/git/uber-timone/payment-broker/timone-stp/build/libs/timone-stp-0.1.4-ALPHA.jar!/com/tim/one/stp/service/RestService.class], URL [jar:file:/home/josdem/git/uber-timone/payment-broker/timone-stp/build/libs/timone-stp-0.1.4-ALPHA.jar!/com/tim/one/stp/service/impl/STPClabeServiceImpl.class], URL [jar:file:/home/josdem/git/uber-timone/payment-broker/timone-stp/build/libs/timone-stp-0.1.4-ALPHA.jar!/com/tim/one/stp/service/impl/RestServiceImpl.class], URL [jar:file:/home/josdem/git/uber-timone/payment-broker/timone-stp/build/libs/timone-stp-0.1.4-ALPHA.jar!/com/tim/one/stp/service/impl/CryptoServiceImpl.class], URL [jar:file:/home/josdem/git/uber-timone/payment-broker/timone-stp/build/libs/timone-stp-0.1.4-ALPHA.jar!/com/tim/one/stp/service/impl/STPServiceImpl.class], URL [jar:file:/home/josdem/git/uber-timone/payment-broker/timone-stp/build/libs/timone-stp-0.1.4-ALPHA.jar!/com/tim/one/stp/state/ApplicationState.class], URL [jar:file:/home/josdem/git/uber-timone/payment-broker/timone-stp/build/libs/timone-stp-0.1.4-ALPHA.jar!/com/tim/one/stp/exception/InvalidSTPResponse.class], URL [jar:file:/home/josdem/git/uber-timone/payment-broker/timone-stp/build/libs/timone-stp-0.1.4-ALPHA.jar!/com/tim/one/stp/exception/SPEITransactionException.class], URL [jar:file:/home/josdem/git/uber-timone/payment-broker/timone-stp/build/libs/timone-stp-0.1.4-ALPHA.jar!/com/tim/one/stp/exception/DuplicatedAccountException.class], URL [jar:file:/home/josdem/git/uber-timone/payment-broker/timone-stp/build/libs/timone-stp-0.1.4-ALPHA.jar!/com/tim/one/stp/exception/STPResponseNotFound.class], URL [jar:file:/home/josdem/git/uber-timone/payment-broker/timone-stp/build/libs/timone-stp-0.1.4-ALPHA.jar!/com/tim/one/stp/exception/InvalidCentroDeCostosException.class], URL [jar:file:/home/josdem/git/uber-timone/payment-broker/timone-stp/build/libs/timone-stp-0.1.4-ALPHA.jar!/com/tim/one/stp/exception/InvalidClabeException.class], URL [jar:file:/home/josdem/git/uber-timone/payment-broker/timone-stp/build/libs/timone-stp-0.1.4-ALPHA.jar!/com/tim/one/stp/collabotator/STPCollaborator.class], URL [jar:file:/home/josdem/git/uber-timone/payment-broker/timone-stp/build/libs/timone-stp-0.1.4-ALPHA.jar!/com/tim/one/stp/collabotator/ClabeValidatorCollaborator.class], URL [jar:file:/home/josdem/git/uber-timone/payment-broker/timone-stp/build/libs/timone-stp-0.1.4-ALPHA.jar!/com/tim/one/stp/collabotator/ClabeDigitValidatorCollaborator.class], URL [jar:file:/home/josdem/git/uber-timone/payment-broker/timone-stp/build/libs/timone-stp-0.1.4-ALPHA.jar!/com/tim/one/stp/collabotator/OrdenPagoAdapter.class], URL [jar:file:/home/josdem/git/uber-timone/payment-broker/timone-stp/build/libs/timone-stp-0.1.4-ALPHA.jar!/com/tim/one/stp/collabotator/CrytoMain.class], URL [jar:file:/home/josdem/git/uber-timone/payment-broker/timone-stp/build/libs/timone-stp-0.1.4-ALPHA.jar!/com/tim/one/stp/collabotator/OrdenPagoFormatter.class], URL [jar:file:/home/josdem/git/uber-timone/payment-broker/timone-stp/build/libs/timone-stp-0.1.4-ALPHA.jar!/com/tim/one/stp/collabotator/SerialCollaborator.class]]
18824 [Test worker] DEBUG org.springframework.context.annotation.ClassPathBeanDefinitionScanner  - Identified candidate component class: URL [jar:file:/home/josdem/git/uber-timone/payment-broker/timone-stp/build/libs/timone-stp-0.1.4-ALPHA.jar!/com/tim/one/stp/helper/STPHelper.class]
18825 [Test worker] DEBUG org.springframework.context.annotation.ClassPathBeanDefinitionScanner  - Identified candidate component class: URL [jar:file:/home/josdem/git/uber-timone/payment-broker/timone-stp/build/libs/timone-stp-0.1.4-ALPHA.jar!/com/tim/one/stp/util/STPUtil.class]
18827 [Test worker] DEBUG org.springframework.context.annotation.ClassPathBeanDefinitionScanner  - Identified candidate component class: URL [jar:file:/home/josdem/git/uber-timone/payment-broker/timone-stp/build/libs/timone-stp-0.1.4-ALPHA.jar!/com/tim/one/stp/validator/ClabeValidator.class]
18827 [Test worker] DEBUG org.springframework.context.annotation.ClassPathBeanDefinitionScanner  - Identified candidate component class: URL [jar:file:/home/josdem/git/uber-timone/payment-broker/timone-stp/build/libs/timone-stp-0.1.4-ALPHA.jar!/com/tim/one/stp/formatter/CommandFormatter.class]
18829 [Test worker] DEBUG org.springframework.context.annotation.ClassPathBeanDefinitionScanner  - Identified candidate component class: URL [jar:file:/home/josdem/git/uber-timone/payment-broker/timone-stp/build/libs/timone-stp-0.1.4-ALPHA.jar!/com/tim/one/stp/service/impl/STPClabeServiceImpl.class]
18830 [Test worker] DEBUG org.springframework.context.annotation.ClassPathBeanDefinitionScanner  - Identified candidate component class: URL [jar:file:/home/josdem/git/uber-timone/payment-broker/timone-stp/build/libs/timone-stp-0.1.4-ALPHA.jar!/com/tim/one/stp/service/impl/RestServiceImpl.class]
18831 [Test worker] DEBUG org.springframework.context.annotation.ClassPathBeanDefinitionScanner  - Identified candidate component class: URL [jar:file:/home/josdem/git/uber-timone/payment-broker/timone-stp/build/libs/timone-stp-0.1.4-ALPHA.jar!/com/tim/one/stp/service/impl/CryptoServiceImpl.class]
18832 [Test worker] DEBUG org.springframework.context.annotation.ClassPathBeanDefinitionScanner  - Identified candidate component class: URL [jar:file:/home/josdem/git/uber-timone/payment-broker/timone-stp/build/libs/timone-stp-0.1.4-ALPHA.jar!/com/tim/one/stp/service/impl/STPServiceImpl.class]
18835 [Test worker] DEBUG org.springframework.context.annotation.ClassPathBeanDefinitionScanner  - Identified candidate component class: URL [jar:file:/home/josdem/git/uber-timone/payment-broker/timone-stp/build/libs/timone-stp-0.1.4-ALPHA.jar!/com/tim/one/stp/collabotator/STPCollaborator.class]
18836 [Test worker] DEBUG org.springframework.context.annotation.ClassPathBeanDefinitionScanner  - Identified candidate component class: URL [jar:file:/home/josdem/git/uber-timone/payment-broker/timone-stp/build/libs/timone-stp-0.1.4-ALPHA.jar!/com/tim/one/stp/collabotator/ClabeValidatorCollaborator.class]
18836 [Test worker] DEBUG org.springframework.context.annotation.ClassPathBeanDefinitionScanner  - Identified candidate component class: URL [jar:file:/home/josdem/git/uber-timone/payment-broker/timone-stp/build/libs/timone-stp-0.1.4-ALPHA.jar!/com/tim/one/stp/collabotator/ClabeDigitValidatorCollaborator.class]
18837 [Test worker] DEBUG org.springframework.context.annotation.ClassPathBeanDefinitionScanner  - Identified candidate component class: URL [jar:file:/home/josdem/git/uber-timone/payment-broker/timone-stp/build/libs/timone-stp-0.1.4-ALPHA.jar!/com/tim/one/stp/collabotator/OrdenPagoAdapter.class]
18837 [Test worker] DEBUG org.springframework.context.annotation.ClassPathBeanDefinitionScanner  - Identified candidate component class: URL [jar:file:/home/josdem/git/uber-timone/payment-broker/timone-stp/build/libs/timone-stp-0.1.4-ALPHA.jar!/com/tim/one/stp/collabotator/OrdenPagoFormatter.class]
18838 [Test worker] DEBUG org.springframework.context.annotation.ClassPathBeanDefinitionScanner  - Identified candidate component class: URL [jar:file:/home/josdem/git/uber-timone/payment-broker/timone-stp/build/libs/timone-stp-0.1.4-ALPHA.jar!/com/tim/one/stp/collabotator/SerialCollaborator.class]
18839 [Test worker] INFO  org.springframework.beans.factory.xml.XmlBeanDefinitionReader  - Loading XML bean definitions from class path resource [services-appctx.xml]
18855 [Test worker] DEBUG org.springframework.core.io.support.PathMatchingResourcePatternResolver  - Looking for matching resources in directory tree [/home/josdem/git/uber-timone/services/build/classes/test/com/tim/one/service]
18855 [Test worker] DEBUG org.springframework.core.io.support.PathMatchingResourcePatternResolver  - Searching directory [/home/josdem/git/uber-timone/services/build/classes/test/com/tim/one/service] for files matching pattern [/home/josdem/git/uber-timone/services/build/classes/test/com/tim/one/service/**/*.class]
18857 [Test worker] DEBUG org.springframework.core.io.support.PathMatchingResourcePatternResolver  - Looking for matching resources in directory tree [/home/josdem/git/uber-timone/services/build/classes/main/com/tim/one/service]
18857 [Test worker] DEBUG org.springframework.core.io.support.PathMatchingResourcePatternResolver  - Searching directory [/home/josdem/git/uber-timone/services/build/classes/main/com/tim/one/service] for files matching pattern [/home/josdem/git/uber-timone/services/build/classes/main/com/tim/one/service/**/*.class]
18858 [Test worker] DEBUG org.springframework.core.io.support.PathMatchingResourcePatternResolver  - Searching directory [/home/josdem/git/uber-timone/services/build/classes/main/com/tim/one/service/impl] for files matching pattern [/home/josdem/git/uber-timone/services/build/classes/main/com/tim/one/service/**/*.class]
18862 [Test worker] DEBUG org.springframework.core.io.support.PathMatchingResourcePatternResolver  - Resolved location pattern [classpath*:com/tim/one/service/**/*.class] to resources [file [/home/josdem/git/uber-timone/services/build/classes/test/com/tim/one/service/TestTransactionLogService.class], file [/home/josdem/git/uber-timone/services/build/classes/test/com/tim/one/service/IntegraUserServiceIntegrationSpec.class], file [/home/josdem/git/uber-timone/services/build/classes/test/com/tim/one/service/TestBankService.class], file [/home/josdem/git/uber-timone/services/build/classes/test/com/tim/one/service/TestAccountService.class], file [/home/josdem/git/uber-timone/services/build/classes/test/com/tim/one/service/ProjectPersisterServiceIntegrationSpec.class], file [/home/josdem/git/uber-timone/services/build/classes/test/com/tim/one/service/AccountServiceIntegrationSpec.class], file [/home/josdem/git/uber-timone/services/build/classes/test/com/tim/one/service/TestIntegraCashinStrategy.class], file [/home/josdem/git/uber-timone/services/build/classes/test/com/tim/one/service/TestProjectService.class], file [/home/josdem/git/uber-timone/services/build/classes/test/com/tim/one/service/TestProjectTransactionService.class], file [/home/josdem/git/uber-timone/services/build/classes/test/com/tim/one/service/TransactionApplierServiceIntegrationSpec.class], file [/home/josdem/git/uber-timone/services/build/classes/test/com/tim/one/service/BreakevenServiceIntegrationSpec.class], file [/home/josdem/git/uber-timone/services/build/classes/test/com/tim/one/service/TestSecurityService.class], file [/home/josdem/git/uber-timone/services/build/classes/test/com/tim/one/service/IntegraTransactionServiceIntegrationSpec.class], file [/home/josdem/git/uber-timone/services/build/classes/test/com/tim/one/service/ProjectServiceIntegrationSpec.class], file [/home/josdem/git/uber-timone/services/build/classes/test/com/tim/one/service/STPClabeServiceIntegrationSpec.class], file [/home/josdem/git/uber-timone/services/build/classes/test/com/tim/one/service/TestBreakevenService.class], file [/home/josdem/git/uber-timone/services/build/classes/test/com/tim/one/service/TestUserTransactionService.class], file [/home/josdem/git/uber-timone/services/build/classes/test/com/tim/one/service/TestIntegraTransactionServiceImpl.class], file [/home/josdem/git/uber-timone/services/build/classes/test/com/tim/one/service/STPConsumerServiceIntegrationSpec.class], file [/home/josdem/git/uber-timone/services/build/classes/test/com/tim/one/service/TestFreakfundCashinStrategy.class], file [/home/josdem/git/uber-timone/services/build/classes/test/com/tim/one/service/TestBudgetService.class], file [/home/josdem/git/uber-timone/services/build/classes/test/com/tim/one/service/UserTransactionServiceIntegrationSpec.class], file [/home/josdem/git/uber-timone/services/build/classes/test/com/tim/one/service/TestProjectPersisterService.class], file [/home/josdem/git/uber-timone/services/build/classes/test/com/tim/one/service/TransactionServiceIntegrationSpec.class], file [/home/josdem/git/uber-timone/services/build/classes/test/com/tim/one/service/TestTransactionApplier.class], file [/home/josdem/git/uber-timone/services/build/classes/test/com/tim/one/service/TestSTPAccountService.class], file [/home/josdem/git/uber-timone/services/build/classes/test/com/tim/one/service/TestRevenuePotentialService.class], file [/home/josdem/git/uber-timone/services/build/classes/test/com/tim/one/service/TestStatusService.class], file [/home/josdem/git/uber-timone/services/build/classes/test/com/tim/one/service/TestUserService.class], file [/home/josdem/git/uber-timone/services/build/classes/test/com/tim/one/service/STPAccountServiceIntegrationSpec.class], file [/home/josdem/git/uber-timone/services/build/classes/test/com/tim/one/service/TestSTPConsumerService.class], file [/home/josdem/git/uber-timone/services/build/classes/test/com/tim/one/service/TestCategoryService.class], file [/home/josdem/git/uber-timone/services/build/classes/test/com/tim/one/service/TestUnitCalculator.class], file [/home/josdem/git/uber-timone/services/build/classes/test/com/tim/one/service/TestTransactionService.class], file [/home/josdem/git/uber-timone/services/build/classes/test/com/tim/one/service/ProjectTransactionServiceIntegrationSpec.class], file [/home/josdem/git/uber-timone/services/build/classes/test/com/tim/one/service/TestCalculatorService.class], file [/home/josdem/git/uber-timone/services/build/classes/test/com/tim/one/service/TestCatalogService.class], file [/home/josdem/git/uber-timone/services/build/classes/test/com/tim/one/service/TestPaypalPaymentStorerService.class], file [/home/josdem/git/uber-timone/services/build/classes/test/com/tim/one/service/TestIntegrationMailService.class], file [/home/josdem/git/uber-timone/services/build/classes/main/com/tim/one/service/SecurityService.class], file [/home/josdem/git/uber-timone/services/build/classes/main/com/tim/one/service/UserTransactionService.class], file [/home/josdem/git/uber-timone/services/build/classes/main/com/tim/one/service/CalcSheetStorerService.class], file [/home/josdem/git/uber-timone/services/build/classes/main/com/tim/one/service/UserService.class], file [/home/josdem/git/uber-timone/services/build/classes/main/com/tim/one/service/LoggerService.class], file [/home/josdem/git/uber-timone/services/build/classes/main/com/tim/one/service/BudgetService.class], file [/home/josdem/git/uber-timone/services/build/classes/main/com/tim/one/service/impl/STPAccountServiceImpl.class], file [/home/josdem/git/uber-timone/services/build/classes/main/com/tim/one/service/impl/TransactionLogServiceImpl.class], file [/home/josdem/git/uber-timone/services/build/classes/main/com/tim/one/service/impl/StringSplitterImpl.class], file [/home/josdem/git/uber-timone/services/build/classes/main/com/tim/one/service/impl/BudgetServiceImpl.class], file [/home/josdem/git/uber-timone/services/build/classes/main/com/tim/one/service/impl/IntegraCashinStrategy.class], file [/home/josdem/git/uber-timone/services/build/classes/main/com/tim/one/service/impl/AccountGeneratorImpl$1.class], file [/home/josdem/git/uber-timone/services/build/classes/main/com/tim/one/service/impl/TransactionApplierImpl.class], file [/home/josdem/git/uber-timone/services/build/classes/main/com/tim/one/service/impl/ProjectPersisterServiceImpl.class], file [/home/josdem/git/uber-timone/services/build/classes/main/com/tim/one/service/impl/CatalogServiceImpl.class], file [/home/josdem/git/uber-timone/services/build/classes/main/com/tim/one/service/impl/LoggerServiceImpl$1.class], file [/home/josdem/git/uber-timone/services/build/classes/main/com/tim/one/service/impl/SecurityServiceImpl.class], file [/home/josdem/git/uber-timone/services/build/classes/main/com/tim/one/service/impl/LoggerServiceImpl.class], file [/home/josdem/git/uber-timone/services/build/classes/main/com/tim/one/service/impl/FreakfundCashinStrategy.class], file [/home/josdem/git/uber-timone/services/build/classes/main/com/tim/one/service/impl/UserTransactionServiceImpl.class], file [/home/josdem/git/uber-timone/services/build/classes/main/com/tim/one/service/impl/ProjectTransactionServiceImpl.class], file [/home/josdem/git/uber-timone/services/build/classes/main/com/tim/one/service/impl/AccountServiceImpl.class], file [/home/josdem/git/uber-timone/services/build/classes/main/com/tim/one/service/impl/CalculatorServiceImpl.class], file [/home/josdem/git/uber-timone/services/build/classes/main/com/tim/one/service/impl/StatusServiceImpl$_getProjectStatus_closure1.class], file [/home/josdem/git/uber-timone/services/build/classes/main/com/tim/one/service/impl/PaypalPaymentStorerServiceImpl.class], file [/home/josdem/git/uber-timone/services/build/classes/main/com/tim/one/service/impl/IntegraTransactionServiceImpl.class], file [/home/josdem/git/uber-timone/services/build/classes/main/com/tim/one/service/impl/IntegraUserServiceImpl.class], file [/home/josdem/git/uber-timone/services/build/classes/main/com/tim/one/service/impl/BankServiceImpl.class], file [/home/josdem/git/uber-timone/services/build/classes/main/com/tim/one/service/impl/NotificationServiceImpl.class], file [/home/josdem/git/uber-timone/services/build/classes/main/com/tim/one/service/impl/TransactionServiceImpl$1.class], file [/home/josdem/git/uber-timone/services/build/classes/main/com/tim/one/service/impl/ProjectManagerImpl.class], file [/home/josdem/git/uber-timone/services/build/classes/main/com/tim/one/service/impl/RevenuePotentialServiceImpl.class], file [/home/josdem/git/uber-timone/services/build/classes/main/com/tim/one/service/impl/UnitServiceImpl.class], file [/home/josdem/git/uber-timone/services/build/classes/main/com/tim/one/service/impl/CategoryServiceImpl.class], file [/home/josdem/git/uber-timone/services/build/classes/main/com/tim/one/service/impl/STPConsumerServiceImpl.class], file [/home/josdem/git/uber-timone/services/build/classes/main/com/tim/one/service/impl/ProjectCollaboratorServiceImpl.class], file [/home/josdem/git/uber-timone/services/build/classes/main/com/tim/one/service/impl/TransactionServiceImpl.class], file [/home/josdem/git/uber-timone/services/build/classes/main/com/tim/one/service/impl/UnitCalculatorImpl.class], file [/home/josdem/git/uber-timone/services/build/classes/main/com/tim/one/service/impl/AccountGeneratorImpl.class], file [/home/josdem/git/uber-timone/services/build/classes/main/com/tim/one/service/impl/ProjectServiceImpl.class], file [/home/josdem/git/uber-timone/services/build/classes/main/com/tim/one/service/impl/UserServiceImpl.class], file [/home/josdem/git/uber-timone/services/build/classes/main/com/tim/one/service/impl/CalcSheetStorerServiceImpl.class], file [/home/josdem/git/uber-timone/services/build/classes/main/com/tim/one/service/impl/ProjectServiceImpl$1.class], file [/home/josdem/git/uber-timone/services/build/classes/main/com/tim/one/service/impl/StatusServiceImpl.class], file [/home/josdem/git/uber-timone/services/build/classes/main/com/tim/one/service/impl/BreakevenServiceImpl.class], file [/home/josdem/git/uber-timone/services/build/classes/main/com/tim/one/service/UnitCalculator.class], file [/home/josdem/git/uber-timone/services/build/classes/main/com/tim/one/service/StatusService.class], file [/home/josdem/git/uber-timone/services/build/classes/main/com/tim/one/service/ProjectTransactionService.class], file [/home/josdem/git/uber-timone/services/build/classes/main/com/tim/one/service/ProjectService.class], file [/home/josdem/git/uber-timone/services/build/classes/main/com/tim/one/service/ProjectManager.class], file [/home/josdem/git/uber-timone/services/build/classes/main/com/tim/one/service/ProjectPersisterService.class], file [/home/josdem/git/uber-timone/services/build/classes/main/com/tim/one/service/IntegraTransactionService.class], file [/home/josdem/git/uber-timone/services/build/classes/main/com/tim/one/service/CatalogService.class], file [/home/josdem/git/uber-timone/services/build/classes/main/com/tim/one/service/BreakevenService.class], file [/home/josdem/git/uber-timone/services/build/classes/main/com/tim/one/service/BankService.class], file [/home/josdem/git/uber-timone/services/build/classes/main/com/tim/one/service/STPConsumerService.class], file [/home/josdem/git/uber-timone/services/build/classes/main/com/tim/one/service/NotificationService.class], file [/home/josdem/git/uber-timone/services/build/classes/main/com/tim/one/service/TransactionService.class], file [/home/josdem/git/uber-timone/services/build/classes/main/com/tim/one/service/StringSplitter.class], file [/home/josdem/git/uber-timone/services/build/classes/main/com/tim/one/service/RevenuePotentialService.class], file [/home/josdem/git/uber-timone/services/build/classes/main/com/tim/one/service/CategoryService.class], file [/home/josdem/git/uber-timone/services/build/classes/main/com/tim/one/service/CashinStrategy.class], file [/home/josdem/git/uber-timone/services/build/classes/main/com/tim/one/service/STPAccountService.class], file [/home/josdem/git/uber-timone/services/build/classes/main/com/tim/one/service/PaypalPaymentStorerService.class], file [/home/josdem/git/uber-timone/services/build/classes/main/com/tim/one/service/CalculatorService.class], file [/home/josdem/git/uber-timone/services/build/classes/main/com/tim/one/service/TransactionApplier.class], file [/home/josdem/git/uber-timone/services/build/classes/main/com/tim/one/service/AccountGeneratorService.class], file [/home/josdem/git/uber-timone/services/build/classes/main/com/tim/one/service/IntegraUserService.class], file [/home/josdem/git/uber-timone/services/build/classes/main/com/tim/one/service/ProjectCollaboratorService.class], file [/home/josdem/git/uber-timone/services/build/classes/main/com/tim/one/service/TransactionLogService.class], file [/home/josdem/git/uber-timone/services/build/classes/main/com/tim/one/service/AccountService.class], file [/home/josdem/git/uber-timone/services/build/classes/main/com/tim/one/service/UnitService.class]]
18937 [Test worker] DEBUG org.springframework.context.annotation.ClassPathBeanDefinitionScanner  - Identified candidate component class: file [/home/josdem/git/uber-timone/services/build/classes/main/com/tim/one/service/impl/STPAccountServiceImpl.class]
18937 [Test worker] DEBUG org.springframework.context.annotation.ClassPathBeanDefinitionScanner  - Identified candidate component class: file [/home/josdem/git/uber-timone/services/build/classes/main/com/tim/one/service/impl/TransactionLogServiceImpl.class]
18938 [Test worker] DEBUG org.springframework.context.annotation.ClassPathBeanDefinitionScanner  - Identified candidate component class: file [/home/josdem/git/uber-timone/services/build/classes/main/com/tim/one/service/impl/StringSplitterImpl.class]
18939 [Test worker] DEBUG org.springframework.context.annotation.ClassPathBeanDefinitionScanner  - Identified candidate component class: file [/home/josdem/git/uber-timone/services/build/classes/main/com/tim/one/service/impl/BudgetServiceImpl.class]
18939 [Test worker] DEBUG org.springframework.context.annotation.ClassPathBeanDefinitionScanner  - Identified candidate component class: file [/home/josdem/git/uber-timone/services/build/classes/main/com/tim/one/service/impl/IntegraCashinStrategy.class]
18940 [Test worker] DEBUG org.springframework.context.annotation.ClassPathBeanDefinitionScanner  - Identified candidate component class: file [/home/josdem/git/uber-timone/services/build/classes/main/com/tim/one/service/impl/TransactionApplierImpl.class]
18940 [Test worker] DEBUG org.springframework.context.annotation.ClassPathBeanDefinitionScanner  - Identified candidate component class: file [/home/josdem/git/uber-timone/services/build/classes/main/com/tim/one/service/impl/ProjectPersisterServiceImpl.class]
18941 [Test worker] DEBUG org.springframework.context.annotation.ClassPathBeanDefinitionScanner  - Identified candidate component class: file [/home/josdem/git/uber-timone/services/build/classes/main/com/tim/one/service/impl/CatalogServiceImpl.class]
18942 [Test worker] DEBUG org.springframework.context.annotation.ClassPathBeanDefinitionScanner  - Identified candidate component class: file [/home/josdem/git/uber-timone/services/build/classes/main/com/tim/one/service/impl/SecurityServiceImpl.class]
18943 [Test worker] DEBUG org.springframework.context.annotation.ClassPathBeanDefinitionScanner  - Identified candidate component class: file [/home/josdem/git/uber-timone/services/build/classes/main/com/tim/one/service/impl/LoggerServiceImpl.class]
18944 [Test worker] DEBUG org.springframework.context.annotation.ClassPathBeanDefinitionScanner  - Identified candidate component class: file [/home/josdem/git/uber-timone/services/build/classes/main/com/tim/one/service/impl/FreakfundCashinStrategy.class]
18944 [Test worker] DEBUG org.springframework.context.annotation.ClassPathBeanDefinitionScanner  - Identified candidate component class: file [/home/josdem/git/uber-timone/services/build/classes/main/com/tim/one/service/impl/UserTransactionServiceImpl.class]
18945 [Test worker] DEBUG org.springframework.context.annotation.ClassPathBeanDefinitionScanner  - Identified candidate component class: file [/home/josdem/git/uber-timone/services/build/classes/main/com/tim/one/service/impl/ProjectTransactionServiceImpl.class]
18945 [Test worker] DEBUG org.springframework.context.annotation.ClassPathBeanDefinitionScanner  - Identified candidate component class: file [/home/josdem/git/uber-timone/services/build/classes/main/com/tim/one/service/impl/AccountServiceImpl.class]
18946 [Test worker] DEBUG org.springframework.context.annotation.ClassPathBeanDefinitionScanner  - Identified candidate component class: file [/home/josdem/git/uber-timone/services/build/classes/main/com/tim/one/service/impl/CalculatorServiceImpl.class]
18946 [Test worker] DEBUG org.springframework.context.annotation.ClassPathBeanDefinitionScanner  - Identified candidate component class: file [/home/josdem/git/uber-timone/services/build/classes/main/com/tim/one/service/impl/PaypalPaymentStorerServiceImpl.class]
18947 [Test worker] DEBUG org.springframework.context.annotation.ClassPathBeanDefinitionScanner  - Identified candidate component class: file [/home/josdem/git/uber-timone/services/build/classes/main/com/tim/one/service/impl/IntegraTransactionServiceImpl.class]
18949 [Test worker] DEBUG org.springframework.context.annotation.ClassPathBeanDefinitionScanner  - Identified candidate component class: file [/home/josdem/git/uber-timone/services/build/classes/main/com/tim/one/service/impl/IntegraUserServiceImpl.class]
18949 [Test worker] DEBUG org.springframework.context.annotation.ClassPathBeanDefinitionScanner  - Identified candidate component class: file [/home/josdem/git/uber-timone/services/build/classes/main/com/tim/one/service/impl/BankServiceImpl.class]
18950 [Test worker] DEBUG org.springframework.context.annotation.ClassPathBeanDefinitionScanner  - Identified candidate component class: file [/home/josdem/git/uber-timone/services/build/classes/main/com/tim/one/service/impl/NotificationServiceImpl.class]
18951 [Test worker] DEBUG org.springframework.context.annotation.ClassPathBeanDefinitionScanner  - Identified candidate component class: file [/home/josdem/git/uber-timone/services/build/classes/main/com/tim/one/service/impl/ProjectManagerImpl.class]
18951 [Test worker] DEBUG org.springframework.context.annotation.ClassPathBeanDefinitionScanner  - Identified candidate component class: file [/home/josdem/git/uber-timone/services/build/classes/main/com/tim/one/service/impl/RevenuePotentialServiceImpl.class]
18951 [Test worker] DEBUG org.springframework.context.annotation.ClassPathBeanDefinitionScanner  - Identified candidate component class: file [/home/josdem/git/uber-timone/services/build/classes/main/com/tim/one/service/impl/UnitServiceImpl.class]
18952 [Test worker] DEBUG org.springframework.context.annotation.ClassPathBeanDefinitionScanner  - Identified candidate component class: file [/home/josdem/git/uber-timone/services/build/classes/main/com/tim/one/service/impl/CategoryServiceImpl.class]
18952 [Test worker] DEBUG org.springframework.context.annotation.ClassPathBeanDefinitionScanner  - Identified candidate component class: file [/home/josdem/git/uber-timone/services/build/classes/main/com/tim/one/service/impl/STPConsumerServiceImpl.class]
18953 [Test worker] DEBUG org.springframework.context.annotation.ClassPathBeanDefinitionScanner  - Identified candidate component class: file [/home/josdem/git/uber-timone/services/build/classes/main/com/tim/one/service/impl/ProjectCollaboratorServiceImpl.class]
18954 [Test worker] DEBUG org.springframework.context.annotation.ClassPathBeanDefinitionScanner  - Identified candidate component class: file [/home/josdem/git/uber-timone/services/build/classes/main/com/tim/one/service/impl/TransactionServiceImpl.class]
18955 [Test worker] DEBUG org.springframework.context.annotation.ClassPathBeanDefinitionScanner  - Identified candidate component class: file [/home/josdem/git/uber-timone/services/build/classes/main/com/tim/one/service/impl/UnitCalculatorImpl.class]
18955 [Test worker] DEBUG org.springframework.context.annotation.ClassPathBeanDefinitionScanner  - Identified candidate component class: file [/home/josdem/git/uber-timone/services/build/classes/main/com/tim/one/service/impl/AccountGeneratorImpl.class]
18957 [Test worker] DEBUG org.springframework.context.annotation.ClassPathBeanDefinitionScanner  - Identified candidate component class: file [/home/josdem/git/uber-timone/services/build/classes/main/com/tim/one/service/impl/ProjectServiceImpl.class]
18958 [Test worker] DEBUG org.springframework.context.annotation.ClassPathBeanDefinitionScanner  - Identified candidate component class: file [/home/josdem/git/uber-timone/services/build/classes/main/com/tim/one/service/impl/UserServiceImpl.class]
18958 [Test worker] DEBUG org.springframework.context.annotation.ClassPathBeanDefinitionScanner  - Identified candidate component class: file [/home/josdem/git/uber-timone/services/build/classes/main/com/tim/one/service/impl/CalcSheetStorerServiceImpl.class]
18959 [Test worker] DEBUG org.springframework.context.annotation.ClassPathBeanDefinitionScanner  - Identified candidate component class: file [/home/josdem/git/uber-timone/services/build/classes/main/com/tim/one/service/impl/StatusServiceImpl.class]
18960 [Test worker] DEBUG org.springframework.context.annotation.ClassPathBeanDefinitionScanner  - Identified candidate component class: file [/home/josdem/git/uber-timone/services/build/classes/main/com/tim/one/service/impl/BreakevenServiceImpl.class]
18965 [Test worker] DEBUG org.springframework.core.io.support.PathMatchingResourcePatternResolver  - Looking for matching resources in directory tree [/home/josdem/git/uber-timone/services/build/classes/test/com/tim/one/helper]
18965 [Test worker] DEBUG org.springframework.core.io.support.PathMatchingResourcePatternResolver  - Searching directory [/home/josdem/git/uber-timone/services/build/classes/test/com/tim/one/helper] for files matching pattern [/home/josdem/git/uber-timone/services/build/classes/test/com/tim/one/helper/**/*.class]
18966 [Test worker] DEBUG org.springframework.core.io.support.PathMatchingResourcePatternResolver  - Looking for matching resources in directory tree [/home/josdem/git/uber-timone/services/build/classes/main/com/tim/one/helper]
18966 [Test worker] DEBUG org.springframework.core.io.support.PathMatchingResourcePatternResolver  - Searching directory [/home/josdem/git/uber-timone/services/build/classes/main/com/tim/one/helper] for files matching pattern [/home/josdem/git/uber-timone/services/build/classes/main/com/tim/one/helper/**/*.class]
18967 [Test worker] DEBUG org.springframework.core.io.support.PathMatchingResourcePatternResolver  - Resolved location pattern [classpath*:com/tim/one/helper/**/*.class] to resources [file [/home/josdem/git/uber-timone/services/build/classes/test/com/tim/one/helper/TestTransactionManagerHelper.class], file [/home/josdem/git/uber-timone/services/build/classes/main/com/tim/one/helper/UserHelper.class], file [/home/josdem/git/uber-timone/services/build/classes/main/com/tim/one/helper/SecurityHelper.class], file [/home/josdem/git/uber-timone/services/build/classes/main/com/tim/one/helper/GsonHelper.class], file [/home/josdem/git/uber-timone/services/build/classes/main/com/tim/one/helper/ProjectHelper.class], file [/home/josdem/git/uber-timone/services/build/classes/main/com/tim/one/helper/TransactionHelper.class], file [/home/josdem/git/uber-timone/services/build/classes/main/com/tim/one/helper/STPConsumerHelper.class], file [/home/josdem/git/uber-timone/services/build/classes/main/com/tim/one/helper/RestrictionHelper.class], file [/home/josdem/git/uber-timone/services/build/classes/main/com/tim/one/helper/FileCalcSheetHelper.class], file [/home/josdem/git/uber-timone/services/build/classes/main/com/tim/one/helper/MessagePackerHelper.class], file [/home/josdem/git/uber-timone/services/build/classes/main/com/tim/one/helper/TransactionManagerHelper.class], file [/home/josdem/git/uber-timone/services/build/classes/main/com/tim/one/helper/CommonMessagePackerHelper.class], file [/home/josdem/git/uber-timone/services/build/classes/main/com/tim/one/helper/FileWriterHelper.class]]
18967 [Test worker] DEBUG org.springframework.context.annotation.ClassPathBeanDefinitionScanner  - Identified candidate component class: file [/home/josdem/git/uber-timone/services/build/classes/main/com/tim/one/helper/UserHelper.class]
18968 [Test worker] DEBUG org.springframework.context.annotation.ClassPathBeanDefinitionScanner  - Identified candidate component class: file [/home/josdem/git/uber-timone/services/build/classes/main/com/tim/one/helper/SecurityHelper.class]
18968 [Test worker] DEBUG org.springframework.context.annotation.ClassPathBeanDefinitionScanner  - Identified candidate component class: file [/home/josdem/git/uber-timone/services/build/classes/main/com/tim/one/helper/GsonHelper.class]
18968 [Test worker] DEBUG org.springframework.context.annotation.ClassPathBeanDefinitionScanner  - Identified candidate component class: file [/home/josdem/git/uber-timone/services/build/classes/main/com/tim/one/helper/ProjectHelper.class]
18969 [Test worker] DEBUG org.springframework.context.annotation.ClassPathBeanDefinitionScanner  - Identified candidate component class: file [/home/josdem/git/uber-timone/services/build/classes/main/com/tim/one/helper/TransactionHelper.class]
18969 [Test worker] DEBUG org.springframework.context.annotation.ClassPathBeanDefinitionScanner  - Identified candidate component class: file [/home/josdem/git/uber-timone/services/build/classes/main/com/tim/one/helper/STPConsumerHelper.class]
18969 [Test worker] DEBUG org.springframework.context.annotation.ClassPathBeanDefinitionScanner  - Identified candidate component class: file [/home/josdem/git/uber-timone/services/build/classes/main/com/tim/one/helper/RestrictionHelper.class]
18969 [Test worker] DEBUG org.springframework.context.annotation.ClassPathBeanDefinitionScanner  - Identified candidate component class: file [/home/josdem/git/uber-timone/services/build/classes/main/com/tim/one/helper/FileCalcSheetHelper.class]
18970 [Test worker] DEBUG org.springframework.context.annotation.ClassPathBeanDefinitionScanner  - Identified candidate component class: file [/home/josdem/git/uber-timone/services/build/classes/main/com/tim/one/helper/MessagePackerHelper.class]
18970 [Test worker] DEBUG org.springframework.context.annotation.ClassPathBeanDefinitionScanner  - Identified candidate component class: file [/home/josdem/git/uber-timone/services/build/classes/main/com/tim/one/helper/TransactionManagerHelper.class]
18970 [Test worker] DEBUG org.springframework.context.annotation.ClassPathBeanDefinitionScanner  - Identified candidate component class: file [/home/josdem/git/uber-timone/services/build/classes/main/com/tim/one/helper/CommonMessagePackerHelper.class]
18970 [Test worker] DEBUG org.springframework.context.annotation.ClassPathBeanDefinitionScanner  - Identified candidate component class: file [/home/josdem/git/uber-timone/services/build/classes/main/com/tim/one/helper/FileWriterHelper.class]
18973 [Test worker] DEBUG org.springframework.core.io.support.PathMatchingResourcePatternResolver  - Looking for matching resources in directory tree [/home/josdem/git/uber-timone/services/build/classes/test/com/tim/one/collaborator]
18973 [Test worker] DEBUG org.springframework.core.io.support.PathMatchingResourcePatternResolver  - Searching directory [/home/josdem/git/uber-timone/services/build/classes/test/com/tim/one/collaborator] for files matching pattern [/home/josdem/git/uber-timone/services/build/classes/test/com/tim/one/collaborator/**/*.class]
18974 [Test worker] DEBUG org.springframework.core.io.support.PathMatchingResourcePatternResolver  - Looking for matching resources in directory tree [/home/josdem/git/uber-timone/services/build/classes/main/com/tim/one/collaborator]
18974 [Test worker] DEBUG org.springframework.core.io.support.PathMatchingResourcePatternResolver  - Searching directory [/home/josdem/git/uber-timone/services/build/classes/main/com/tim/one/collaborator] for files matching pattern [/home/josdem/git/uber-timone/services/build/classes/main/com/tim/one/collaborator/**/*.class]
18976 [Test worker] DEBUG org.springframework.core.io.support.PathMatchingResourcePatternResolver  - Resolved location pattern [classpath*:com/tim/one/collaborator/**/*.class] to resources [file [/home/josdem/git/uber-timone/services/build/classes/test/com/tim/one/collaborator/TestUserCollaborator.class], file [/home/josdem/git/uber-timone/services/build/classes/test/com/tim/one/collaborator/TestStringSplitter.class], file [/home/josdem/git/uber-timone/services/build/classes/test/com/tim/one/collaborator/TestCalcSheetStorerService.class], file [/home/josdem/git/uber-timone/services/build/classes/test/com/tim/one/collaborator/TestTransactionDaoCollaborator.class], file [/home/josdem/git/uber-timone/services/build/classes/test/com/tim/one/collaborator/TestProjectCollaborator.class], file [/home/josdem/git/uber-timone/services/build/classes/test/com/tim/one/collaborator/TestSecurityCollaborator.class], file [/home/josdem/git/uber-timone/services/build/classes/test/com/tim/one/collaborator/TestSTPConsumerCollaborator.class], file [/home/josdem/git/uber-timone/services/build/classes/test/com/tim/one/collaborator/TestProjectUnitSaleCollaborator.class], file [/home/josdem/git/uber-timone/services/build/classes/test/com/tim/one/collaborator/TestTicketmasterValidator.class], file [/home/josdem/git/uber-timone/services/build/classes/test/com/tim/one/collaborator/TestAccountCreator.class], file [/home/josdem/git/uber-timone/services/build/classes/test/com/tim/one/collaborator/TestUrlAggregator.class], file [/home/josdem/git/uber-timone/services/build/classes/test/com/tim/one/collaborator/TestProjectRanger.class], file [/home/josdem/git/uber-timone/services/build/classes/test/com/tim/one/collaborator/TestTagSplitter.class], file [/home/josdem/git/uber-timone/services/build/classes/test/com/tim/one/collaborator/TestAccountCollaborator.class], file [/home/josdem/git/uber-timone/services/build/classes/test/com/tim/one/collaborator/TestTransactionCollaborator.class], file [/home/josdem/git/uber-timone/services/build/classes/test/com/tim/one/collaborator/TestTagAggregator.class], file [/home/josdem/git/uber-timone/services/build/classes/test/com/tim/one/collaborator/TestAccountIdentifier.class], file [/home/josdem/git/uber-timone/services/build/classes/test/com/tim/one/collaborator/TestUnitCollaborator.class], file [/home/josdem/git/uber-timone/services/build/classes/test/com/tim/one/collaborator/TestProjectVariableCostCollaborator.class], file [/home/josdem/git/uber-timone/services/build/classes/test/com/tim/one/collaborator/TestMessagePackerCollaborator.class], file [/home/josdem/git/uber-timone/services/build/classes/test/com/tim/one/collaborator/TestDateFormatter.class], file [/home/josdem/git/uber-timone/services/build/classes/test/com/tim/one/collaborator/TestProjectBusinessCaseCollaborator.class], file [/home/josdem/git/uber-timone/services/build/classes/test/com/tim/one/collaborator/TestUserAccountCollaborator.class], file [/home/josdem/git/uber-timone/services/build/classes/test/com/tim/one/collaborator/TestBeanAggregator.class], file [/home/josdem/git/uber-timone/services/build/classes/main/com/tim/one/collaborator/CalculatorCollaborator.class], file [/home/josdem/git/uber-timone/services/build/classes/main/com/tim/one/collaborator/TransactionCollaborator.class], file [/home/josdem/git/uber-timone/services/build/classes/main/com/tim/one/collaborator/TagAggregator.class], file [/home/josdem/git/uber-timone/services/build/classes/main/com/tim/one/collaborator/SecurityCollaborator.class], file [/home/josdem/git/uber-timone/services/build/classes/main/com/tim/one/collaborator/AccountIdentifier.class], file [/home/josdem/git/uber-timone/services/build/classes/main/com/tim/one/collaborator/BeanAggregator.class], file [/home/josdem/git/uber-timone/services/build/classes/main/com/tim/one/collaborator/UrlAggregator.class], file [/home/josdem/git/uber-timone/services/build/classes/main/com/tim/one/collaborator/DateFormatter.class], file [/home/josdem/git/uber-timone/services/build/classes/main/com/tim/one/collaborator/TagSplitter.class], file [/home/josdem/git/uber-timone/services/build/classes/main/com/tim/one/collaborator/FormParamFormatter.class], file [/home/josdem/git/uber-timone/services/build/classes/main/com/tim/one/collaborator/ProjectUnitSaleCollaborator.class], file [/home/josdem/git/uber-timone/services/build/classes/main/com/tim/one/collaborator/StringSplitter.class], file [/home/josdem/git/uber-timone/services/build/classes/main/com/tim/one/collaborator/ProjectFilter.class], file [/home/josdem/git/uber-timone/services/build/classes/main/com/tim/one/collaborator/ProjectCollectionInitializer.class], file [/home/josdem/git/uber-timone/services/build/classes/main/com/tim/one/collaborator/ProjectProviderCollectionDeleter.class], file [/home/josdem/git/uber-timone/services/build/classes/main/com/tim/one/collaborator/RevertCollaborator.class], file [/home/josdem/git/uber-timone/services/build/classes/main/com/tim/one/collaborator/UserCollaborator.class], file [/home/josdem/git/uber-timone/services/build/classes/main/com/tim/one/collaborator/AccountCollaborator.class], file [/home/josdem/git/uber-timone/services/build/classes/main/com/tim/one/collaborator/MessagePackerCollaborator.class], file [/home/josdem/git/uber-timone/services/build/classes/main/com/tim/one/collaborator/UnitCollaborator.class], file [/home/josdem/git/uber-timone/services/build/classes/main/com/tim/one/collaborator/ProjectProviderAdapter.class], file [/home/josdem/git/uber-timone/services/build/classes/main/com/tim/one/collaborator/TransactionDaoCollaborator.class], file [/home/josdem/git/uber-timone/services/build/classes/main/com/tim/one/collaborator/MessageCollaborator.class], file [/home/josdem/git/uber-timone/services/build/classes/main/com/tim/one/collaborator/UserAccountCollaborator.class], file [/home/josdem/git/uber-timone/services/build/classes/main/com/tim/one/collaborator/STPConsumerCollaborator.class], file [/home/josdem/git/uber-timone/services/build/classes/main/com/tim/one/collaborator/ProjectRanger.class], file [/home/josdem/git/uber-timone/services/build/classes/main/com/tim/one/collaborator/ProjectVariableCostCollaborator.class], file [/home/josdem/git/uber-timone/services/build/classes/main/com/tim/one/collaborator/ProjectBusinessCaseCollaborator.class], file [/home/josdem/git/uber-timone/services/build/classes/main/com/tim/one/collaborator/TicketmasterValidator.class]]
18986 [Test worker] DEBUG org.springframework.context.annotation.ClassPathBeanDefinitionScanner  - Identified candidate component class: file [/home/josdem/git/uber-timone/services/build/classes/main/com/tim/one/collaborator/CalculatorCollaborator.class]
18988 [Test worker] DEBUG org.springframework.context.annotation.ClassPathBeanDefinitionScanner  - Identified candidate component class: file [/home/josdem/git/uber-timone/services/build/classes/main/com/tim/one/collaborator/TransactionCollaborator.class]
18988 [Test worker] DEBUG org.springframework.context.annotation.ClassPathBeanDefinitionScanner  - Identified candidate component class: file [/home/josdem/git/uber-timone/services/build/classes/main/com/tim/one/collaborator/TagAggregator.class]
18989 [Test worker] DEBUG org.springframework.context.annotation.ClassPathBeanDefinitionScanner  - Identified candidate component class: file [/home/josdem/git/uber-timone/services/build/classes/main/com/tim/one/collaborator/SecurityCollaborator.class]
18989 [Test worker] DEBUG org.springframework.context.annotation.ClassPathBeanDefinitionScanner  - Identified candidate component class: file [/home/josdem/git/uber-timone/services/build/classes/main/com/tim/one/collaborator/AccountIdentifier.class]
18989 [Test worker] DEBUG org.springframework.context.annotation.ClassPathBeanDefinitionScanner  - Identified candidate component class: file [/home/josdem/git/uber-timone/services/build/classes/main/com/tim/one/collaborator/BeanAggregator.class]
18989 [Test worker] DEBUG org.springframework.context.annotation.ClassPathBeanDefinitionScanner  - Identified candidate component class: file [/home/josdem/git/uber-timone/services/build/classes/main/com/tim/one/collaborator/UrlAggregator.class]
18990 [Test worker] DEBUG org.springframework.context.annotation.ClassPathBeanDefinitionScanner  - Identified candidate component class: file [/home/josdem/git/uber-timone/services/build/classes/main/com/tim/one/collaborator/DateFormatter.class]
18990 [Test worker] DEBUG org.springframework.context.annotation.ClassPathBeanDefinitionScanner  - Identified candidate component class: file [/home/josdem/git/uber-timone/services/build/classes/main/com/tim/one/collaborator/TagSplitter.class]
18990 [Test worker] DEBUG org.springframework.context.annotation.ClassPathBeanDefinitionScanner  - Identified candidate component class: file [/home/josdem/git/uber-timone/services/build/classes/main/com/tim/one/collaborator/FormParamFormatter.class]
18991 [Test worker] DEBUG org.springframework.context.annotation.ClassPathBeanDefinitionScanner  - Identified candidate component class: file [/home/josdem/git/uber-timone/services/build/classes/main/com/tim/one/collaborator/ProjectUnitSaleCollaborator.class]
18992 [Test worker] DEBUG org.springframework.context.annotation.ClassPathBeanDefinitionScanner  - Identified candidate component class: file [/home/josdem/git/uber-timone/services/build/classes/main/com/tim/one/collaborator/StringSplitter.class]
18992 [Test worker] DEBUG org.springframework.context.annotation.ClassPathBeanDefinitionScanner  - Identified candidate component class: file [/home/josdem/git/uber-timone/services/build/classes/main/com/tim/one/collaborator/ProjectFilter.class]
18992 [Test worker] DEBUG org.springframework.context.annotation.ClassPathBeanDefinitionScanner  - Identified candidate component class: file [/home/josdem/git/uber-timone/services/build/classes/main/com/tim/one/collaborator/ProjectCollectionInitializer.class]
18993 [Test worker] DEBUG org.springframework.context.annotation.ClassPathBeanDefinitionScanner  - Identified candidate component class: file [/home/josdem/git/uber-timone/services/build/classes/main/com/tim/one/collaborator/ProjectProviderCollectionDeleter.class]
18993 [Test worker] DEBUG org.springframework.context.annotation.ClassPathBeanDefinitionScanner  - Identified candidate component class: file [/home/josdem/git/uber-timone/services/build/classes/main/com/tim/one/collaborator/RevertCollaborator.class]
18994 [Test worker] DEBUG org.springframework.context.annotation.ClassPathBeanDefinitionScanner  - Identified candidate component class: file [/home/josdem/git/uber-timone/services/build/classes/main/com/tim/one/collaborator/UserCollaborator.class]
18994 [Test worker] DEBUG org.springframework.context.annotation.ClassPathBeanDefinitionScanner  - Identified candidate component class: file [/home/josdem/git/uber-timone/services/build/classes/main/com/tim/one/collaborator/AccountCollaborator.class]
18994 [Test worker] DEBUG org.springframework.context.annotation.ClassPathBeanDefinitionScanner  - Identified candidate component class: file [/home/josdem/git/uber-timone/services/build/classes/main/com/tim/one/collaborator/MessagePackerCollaborator.class]
18995 [Test worker] DEBUG org.springframework.context.annotation.ClassPathBeanDefinitionScanner  - Identified candidate component class: file [/home/josdem/git/uber-timone/services/build/classes/main/com/tim/one/collaborator/UnitCollaborator.class]
18995 [Test worker] DEBUG org.springframework.context.annotation.ClassPathBeanDefinitionScanner  - Identified candidate component class: file [/home/josdem/git/uber-timone/services/build/classes/main/com/tim/one/collaborator/ProjectProviderAdapter.class]
18996 [Test worker] DEBUG org.springframework.context.annotation.ClassPathBeanDefinitionScanner  - Identified candidate component class: file [/home/josdem/git/uber-timone/services/build/classes/main/com/tim/one/collaborator/TransactionDaoCollaborator.class]
18996 [Test worker] DEBUG org.springframework.context.annotation.ClassPathBeanDefinitionScanner  - Identified candidate component class: file [/home/josdem/git/uber-timone/services/build/classes/main/com/tim/one/collaborator/MessageCollaborator.class]
18996 [Test worker] DEBUG org.springframework.context.annotation.ClassPathBeanDefinitionScanner  - Identified candidate component class: file [/home/josdem/git/uber-timone/services/build/classes/main/com/tim/one/collaborator/UserAccountCollaborator.class]
18997 [Test worker] DEBUG org.springframework.context.annotation.ClassPathBeanDefinitionScanner  - Identified candidate component class: file [/home/josdem/git/uber-timone/services/build/classes/main/com/tim/one/collaborator/STPConsumerCollaborator.class]
18997 [Test worker] DEBUG org.springframework.context.annotation.ClassPathBeanDefinitionScanner  - Identified candidate component class: file [/home/josdem/git/uber-timone/services/build/classes/main/com/tim/one/collaborator/ProjectRanger.class]
18997 [Test worker] DEBUG org.springframework.context.annotation.ClassPathBeanDefinitionScanner  - Identified candidate component class: file [/home/josdem/git/uber-timone/services/build/classes/main/com/tim/one/collaborator/ProjectVariableCostCollaborator.class]
18997 [Test worker] DEBUG org.springframework.context.annotation.ClassPathBeanDefinitionScanner  - Identified candidate component class: file [/home/josdem/git/uber-timone/services/build/classes/main/com/tim/one/collaborator/ProjectBusinessCaseCollaborator.class]
18998 [Test worker] DEBUG org.springframework.context.annotation.ClassPathBeanDefinitionScanner  - Identified candidate component class: file [/home/josdem/git/uber-timone/services/build/classes/main/com/tim/one/collaborator/TicketmasterValidator.class]
19001 [Test worker] DEBUG org.springframework.core.io.support.PathMatchingResourcePatternResolver  - Looking for matching resources in directory tree [/home/josdem/git/uber-timone/services/build/classes/test/com/tim/one/manager]
19001 [Test worker] DEBUG org.springframework.core.io.support.PathMatchingResourcePatternResolver  - Searching directory [/home/josdem/git/uber-timone/services/build/classes/test/com/tim/one/manager] for files matching pattern [/home/josdem/git/uber-timone/services/build/classes/test/com/tim/one/manager/**/*.class]
19001 [Test worker] DEBUG org.springframework.core.io.support.PathMatchingResourcePatternResolver  - Looking for matching resources in directory tree [/home/josdem/git/uber-timone/services/build/classes/main/com/tim/one/manager]
19001 [Test worker] DEBUG org.springframework.core.io.support.PathMatchingResourcePatternResolver  - Searching directory [/home/josdem/git/uber-timone/services/build/classes/main/com/tim/one/manager] for files matching pattern [/home/josdem/git/uber-timone/services/build/classes/main/com/tim/one/manager/**/*.class]
19001 [Test worker] DEBUG org.springframework.core.io.support.PathMatchingResourcePatternResolver  - Resolved location pattern [classpath*:com/tim/one/manager/**/*.class] to resources [file [/home/josdem/git/uber-timone/services/build/classes/test/com/tim/one/manager/TestTransactionManager.class], file [/home/josdem/git/uber-timone/services/build/classes/main/com/tim/one/manager/TransactionFreakfundManager.class]]
19002 [Test worker] DEBUG org.springframework.context.annotation.ClassPathBeanDefinitionScanner  - Identified candidate component class: file [/home/josdem/git/uber-timone/services/build/classes/main/com/tim/one/manager/TransactionFreakfundManager.class]
19004 [Test worker] DEBUG org.springframework.core.io.support.PathMatchingResourcePatternResolver  - Looking for matching resources in directory tree [/home/josdem/git/uber-timone/services/build/classes/test/com/tim/one/packer]
19004 [Test worker] DEBUG org.springframework.core.io.support.PathMatchingResourcePatternResolver  - Searching directory [/home/josdem/git/uber-timone/services/build/classes/test/com/tim/one/packer] for files matching pattern [/home/josdem/git/uber-timone/services/build/classes/test/com/tim/one/packer/**/*.class]
19004 [Test worker] DEBUG org.springframework.core.io.support.PathMatchingResourcePatternResolver  - Looking for matching resources in directory tree [/home/josdem/git/uber-timone/services/build/classes/main/com/tim/one/packer]
19004 [Test worker] DEBUG org.springframework.core.io.support.PathMatchingResourcePatternResolver  - Searching directory [/home/josdem/git/uber-timone/services/build/classes/main/com/tim/one/packer] for files matching pattern [/home/josdem/git/uber-timone/services/build/classes/main/com/tim/one/packer/**/*.class]
19004 [Test worker] DEBUG org.springframework.core.io.support.PathMatchingResourcePatternResolver  - Resolved location pattern [classpath*:com/tim/one/packer/**/*.class] to resources [file [/home/josdem/git/uber-timone/services/build/classes/test/com/tim/one/packer/TestMessagePacker.class], file [/home/josdem/git/uber-timone/services/build/classes/test/com/tim/one/packer/TestCommonMessagePacker.class], file [/home/josdem/git/uber-timone/services/build/classes/main/com/tim/one/packer/MessagePacker.class], file [/home/josdem/git/uber-timone/services/build/classes/main/com/tim/one/packer/CommonMessagePacker.class]]
19007 [Test worker] DEBUG org.springframework.context.annotation.ClassPathBeanDefinitionScanner  - Identified candidate component class: file [/home/josdem/git/uber-timone/services/build/classes/main/com/tim/one/packer/MessagePacker.class]
19007 [Test worker] DEBUG org.springframework.context.annotation.ClassPathBeanDefinitionScanner  - Identified candidate component class: file [/home/josdem/git/uber-timone/services/build/classes/main/com/tim/one/packer/CommonMessagePacker.class]
19009 [Test worker] DEBUG org.springframework.core.io.support.PathMatchingResourcePatternResolver  - Looking for matching resources in directory tree [/home/josdem/git/uber-timone/services/build/classes/test/com/tim/one/scheduler]
19009 [Test worker] DEBUG org.springframework.core.io.support.PathMatchingResourcePatternResolver  - Searching directory [/home/josdem/git/uber-timone/services/build/classes/test/com/tim/one/scheduler] for files matching pattern [/home/josdem/git/uber-timone/services/build/classes/test/com/tim/one/scheduler/**/*.class]
19010 [Test worker] DEBUG org.springframework.core.io.support.PathMatchingResourcePatternResolver  - Looking for matching resources in directory tree [/home/josdem/git/uber-timone/services/build/classes/main/com/tim/one/scheduler]
19010 [Test worker] DEBUG org.springframework.core.io.support.PathMatchingResourcePatternResolver  - Searching directory [/home/josdem/git/uber-timone/services/build/classes/main/com/tim/one/scheduler] for files matching pattern [/home/josdem/git/uber-timone/services/build/classes/main/com/tim/one/scheduler/**/*.class]
19010 [Test worker] DEBUG org.springframework.core.io.support.PathMatchingResourcePatternResolver  - Resolved location pattern [classpath*:com/tim/one/scheduler/**/*.class] to resources [file [/home/josdem/git/uber-timone/services/build/classes/test/com/tim/one/scheduler/TestProjectScheduler.class], file [/home/josdem/git/uber-timone/services/build/classes/main/com/tim/one/scheduler/ProjectScheduler.class]]
19011 [Test worker] DEBUG org.springframework.context.annotation.ClassPathBeanDefinitionScanner  - Identified candidate component class: file [/home/josdem/git/uber-timone/services/build/classes/main/com/tim/one/scheduler/ProjectScheduler.class]
19013 [Test worker] DEBUG org.springframework.core.io.support.PathMatchingResourcePatternResolver  - Looking for matching resources in directory tree [/home/josdem/git/uber-timone/services/build/classes/test/com/tim/one/util]
19013 [Test worker] DEBUG org.springframework.core.io.support.PathMatchingResourcePatternResolver  - Searching directory [/home/josdem/git/uber-timone/services/build/classes/test/com/tim/one/util] for files matching pattern [/home/josdem/git/uber-timone/services/build/classes/test/com/tim/one/util/**/*.class]
19013 [Test worker] DEBUG org.springframework.core.io.support.PathMatchingResourcePatternResolver  - Looking for matching resources in directory tree [/home/josdem/git/uber-timone/services/build/classes/main/com/tim/one/util]
19013 [Test worker] DEBUG org.springframework.core.io.support.PathMatchingResourcePatternResolver  - Searching directory [/home/josdem/git/uber-timone/services/build/classes/main/com/tim/one/util] for files matching pattern [/home/josdem/git/uber-timone/services/build/classes/main/com/tim/one/util/**/*.class]
19014 [Test worker] DEBUG org.springframework.core.io.support.PathMatchingResourcePatternResolver  - Resolved location pattern [classpath*:com/tim/one/util/**/*.class] to resources [file [/home/josdem/git/uber-timone/services/build/classes/test/com/tim/one/util/TestIntegerParser.class], file [/home/josdem/git/uber-timone/services/build/classes/test/com/tim/one/util/TestNumericUtil.class], file [/home/josdem/git/uber-timone/services/build/classes/test/com/tim/one/util/TestDateUtil.class], file [/home/josdem/git/uber-timone/services/build/classes/test/com/tim/one/util/TestCurrencyUtil.class], file [/home/josdem/git/uber-timone/services/build/classes/main/com/tim/one/util/IntegerParser.class], file [/home/josdem/git/uber-timone/services/build/classes/main/com/tim/one/util/NumericUtil.class], file [/home/josdem/git/uber-timone/services/build/classes/main/com/tim/one/util/DateUtil.class], file [/home/josdem/git/uber-timone/services/build/classes/main/com/tim/one/util/CurrencyUtil.class]]
19015 [Test worker] DEBUG org.springframework.context.annotation.ClassPathBeanDefinitionScanner  - Identified candidate component class: file [/home/josdem/git/uber-timone/services/build/classes/main/com/tim/one/util/IntegerParser.class]
19015 [Test worker] DEBUG org.springframework.context.annotation.ClassPathBeanDefinitionScanner  - Identified candidate component class: file [/home/josdem/git/uber-timone/services/build/classes/main/com/tim/one/util/NumericUtil.class]
19015 [Test worker] DEBUG org.springframework.context.annotation.ClassPathBeanDefinitionScanner  - Identified candidate component class: file [/home/josdem/git/uber-timone/services/build/classes/main/com/tim/one/util/DateUtil.class]
19015 [Test worker] DEBUG org.springframework.context.annotation.ClassPathBeanDefinitionScanner  - Identified candidate component class: file [/home/josdem/git/uber-timone/services/build/classes/main/com/tim/one/util/CurrencyUtil.class]
19017 [Test worker] DEBUG org.springframework.core.io.support.PathMatchingResourcePatternResolver  - Looking for matching resources in directory tree [/home/josdem/git/uber-timone/services/build/classes/test/com/tim/one/validator]
19017 [Test worker] DEBUG org.springframework.core.io.support.PathMatchingResourcePatternResolver  - Searching directory [/home/josdem/git/uber-timone/services/build/classes/test/com/tim/one/validator] for files matching pattern [/home/josdem/git/uber-timone/services/build/classes/test/com/tim/one/validator/**/*.class]
19018 [Test worker] DEBUG org.springframework.core.io.support.PathMatchingResourcePatternResolver  - Looking for matching resources in directory tree [/home/josdem/git/uber-timone/services/build/classes/main/com/tim/one/validator]
19018 [Test worker] DEBUG org.springframework.core.io.support.PathMatchingResourcePatternResolver  - Searching directory [/home/josdem/git/uber-timone/services/build/classes/main/com/tim/one/validator] for files matching pattern [/home/josdem/git/uber-timone/services/build/classes/main/com/tim/one/validator/**/*.class]
19018 [Test worker] DEBUG org.springframework.core.io.support.PathMatchingResourcePatternResolver  - Resolved location pattern [classpath*:com/tim/one/validator/**/*.class] to resources [file [/home/josdem/git/uber-timone/services/build/classes/test/com/tim/one/validator/TestVariableCostsValidator.class], file [/home/josdem/git/uber-timone/services/build/classes/test/com/tim/one/validator/TestAmountValidator.class], file [/home/josdem/git/uber-timone/services/build/classes/test/com/tim/one/validator/TestProjectValidator.class], file [/home/josdem/git/uber-timone/services/build/classes/test/com/tim/one/validator/TestSTPValidator.class], file [/home/josdem/git/uber-timone/services/build/classes/main/com/tim/one/validator/AmountValidator.class], file [/home/josdem/git/uber-timone/services/build/classes/main/com/tim/one/validator/ProjectValidator.class], file [/home/josdem/git/uber-timone/services/build/classes/main/com/tim/one/validator/VariableCostsValidator.class], file [/home/josdem/git/uber-timone/services/build/classes/main/com/tim/one/validator/STPValidator.class]]
19021 [Test worker] DEBUG org.springframework.context.annotation.ClassPathBeanDefinitionScanner  - Identified candidate component class: file [/home/josdem/git/uber-timone/services/build/classes/main/com/tim/one/validator/AmountValidator.class]
19021 [Test worker] DEBUG org.springframework.context.annotation.ClassPathBeanDefinitionScanner  - Identified candidate component class: file [/home/josdem/git/uber-timone/services/build/classes/main/com/tim/one/validator/ProjectValidator.class]
19021 [Test worker] DEBUG org.springframework.context.annotation.ClassPathBeanDefinitionScanner  - Identified candidate component class: file [/home/josdem/git/uber-timone/services/build/classes/main/com/tim/one/validator/VariableCostsValidator.class]
19022 [Test worker] DEBUG org.springframework.context.annotation.ClassPathBeanDefinitionScanner  - Identified candidate component class: file [/home/josdem/git/uber-timone/services/build/classes/main/com/tim/one/validator/STPValidator.class]
19023 [Test worker] DEBUG org.springframework.core.io.support.PathMatchingResourcePatternResolver  - Resolved location pattern [classpath*:com/tim/one/dispatcher/**/*.class] to resources []
19025 [Test worker] DEBUG org.springframework.core.io.support.PathMatchingResourcePatternResolver  - Looking for matching resources in directory tree [/home/josdem/git/uber-timone/services/build/classes/main/com/tim/one/integration]
19025 [Test worker] DEBUG org.springframework.core.io.support.PathMatchingResourcePatternResolver  - Searching directory [/home/josdem/git/uber-timone/services/build/classes/main/com/tim/one/integration] for files matching pattern [/home/josdem/git/uber-timone/services/build/classes/main/com/tim/one/integration/**/*.class]
19025 [Test worker] DEBUG org.springframework.core.io.support.PathMatchingResourcePatternResolver  - Resolved location pattern [classpath*:com/tim/one/integration/**/*.class] to resources [file [/home/josdem/git/uber-timone/services/build/classes/main/com/tim/one/integration/MessageService$1.class], file [/home/josdem/git/uber-timone/services/build/classes/main/com/tim/one/integration/MessageService.class]]
19026 [Test worker] DEBUG org.springframework.context.annotation.ClassPathBeanDefinitionScanner  - Identified candidate component class: file [/home/josdem/git/uber-timone/services/build/classes/main/com/tim/one/integration/MessageService.class]
19028 [Test worker] DEBUG org.springframework.core.io.support.PathMatchingResourcePatternResolver  - Looking for matching resources in directory tree [/home/josdem/git/uber-timone/services/build/classes/test/com/tim/one/messengine]
19028 [Test worker] DEBUG org.springframework.core.io.support.PathMatchingResourcePatternResolver  - Searching directory [/home/josdem/git/uber-timone/services/build/classes/test/com/tim/one/messengine] for files matching pattern [/home/josdem/git/uber-timone/services/build/classes/test/com/tim/one/messengine/**/*.class]
19028 [Test worker] DEBUG org.springframework.core.io.support.PathMatchingResourcePatternResolver  - Looking for matching resources in directory tree [/home/josdem/git/uber-timone/services/build/classes/main/com/tim/one/messengine]
19028 [Test worker] DEBUG org.springframework.core.io.support.PathMatchingResourcePatternResolver  - Searching directory [/home/josdem/git/uber-timone/services/build/classes/main/com/tim/one/messengine] for files matching pattern [/home/josdem/git/uber-timone/services/build/classes/main/com/tim/one/messengine/**/*.class]
19028 [Test worker] DEBUG org.springframework.core.io.support.PathMatchingResourcePatternResolver  - Resolved location pattern [classpath*:com/tim/one/messengine/**/*.class] to resources [file [/home/josdem/git/uber-timone/services/build/classes/test/com/tim/one/messengine/TestMessageConsumer.class], file [/home/josdem/git/uber-timone/services/build/classes/main/com/tim/one/messengine/LoggerMessageListener.class], file [/home/josdem/git/uber-timone/services/build/classes/main/com/tim/one/messengine/LoggerMessageListener$_onMessage_closure1.class], file [/home/josdem/git/uber-timone/services/build/classes/main/com/tim/one/messengine/JmsMessageListener.class]]
19029 [Test worker] DEBUG org.springframework.context.annotation.ClassPathBeanDefinitionScanner  - Identified candidate component class: file [/home/josdem/git/uber-timone/services/build/classes/main/com/tim/one/messengine/LoggerMessageListener.class]
19030 [Test worker] DEBUG org.springframework.context.annotation.ClassPathBeanDefinitionScanner  - Identified candidate component class: file [/home/josdem/git/uber-timone/services/build/classes/main/com/tim/one/messengine/JmsMessageListener.class]
19032 [Test worker] DEBUG org.springframework.core.io.support.PathMatchingResourcePatternResolver  - Looking for matching resources in directory tree [/home/josdem/git/uber-timone/services/build/classes/test/com/tim/one/interceptor]
19032 [Test worker] DEBUG org.springframework.core.io.support.PathMatchingResourcePatternResolver  - Searching directory [/home/josdem/git/uber-timone/services/build/classes/test/com/tim/one/interceptor] for files matching pattern [/home/josdem/git/uber-timone/services/build/classes/test/com/tim/one/interceptor/**/*.class]
19032 [Test worker] DEBUG org.springframework.core.io.support.PathMatchingResourcePatternResolver  - Looking for matching resources in directory tree [/home/josdem/git/uber-timone/services/build/classes/main/com/tim/one/interceptor]
19032 [Test worker] DEBUG org.springframework.core.io.support.PathMatchingResourcePatternResolver  - Searching directory [/home/josdem/git/uber-timone/services/build/classes/main/com/tim/one/interceptor] for files matching pattern [/home/josdem/git/uber-timone/services/build/classes/main/com/tim/one/interceptor/**/*.class]
19033 [Test worker] DEBUG org.springframework.core.io.support.PathMatchingResourcePatternResolver  - Searching directory [/home/josdem/git/uber-timone/services/build/classes/main/com/tim/one/interceptor/impl] for files matching pattern [/home/josdem/git/uber-timone/services/build/classes/main/com/tim/one/interceptor/**/*.class]
19033 [Test worker] DEBUG org.springframework.core.io.support.PathMatchingResourcePatternResolver  - Resolved location pattern [classpath*:com/tim/one/interceptor/**/*.class] to resources [file [/home/josdem/git/uber-timone/services/build/classes/test/com/tim/one/interceptor/TestCryptoExceptionInterceptor.class], file [/home/josdem/git/uber-timone/services/build/classes/main/com/tim/one/interceptor/CryptoExceptionInterceptor.class], file [/home/josdem/git/uber-timone/services/build/classes/main/com/tim/one/interceptor/impl/CryptoExceptionInterceptorImpl.class]]
19035 [Test worker] DEBUG org.springframework.context.annotation.ClassPathBeanDefinitionScanner  - Identified candidate component class: file [/home/josdem/git/uber-timone/services/build/classes/main/com/tim/one/interceptor/impl/CryptoExceptionInterceptorImpl.class]
19035 [Test worker] INFO  org.springframework.beans.factory.xml.XmlBeanDefinitionReader  - Loading XML bean definitions from class path resource [persistence-appctx.xml]
19057 [Test worker] DEBUG org.springframework.core.env.StandardEnvironment  - Adding [systemProperties] PropertySource with lowest search precedence
19057 [Test worker] DEBUG org.springframework.core.env.StandardEnvironment  - Adding [systemEnvironment] PropertySource with lowest search precedence
19057 [Test worker] DEBUG org.springframework.core.env.StandardEnvironment  - Initialized StandardEnvironment with PropertySources [systemProperties,systemEnvironment]
19058 [Test worker] DEBUG org.springframework.core.io.support.PathMatchingResourcePatternResolver  - Looking for matching resources in jar file [file:/home/josdem/git/uber-timone/persistence/build/libs/persistence-0.1.4-ALPHA.jar]
19060 [Test worker] DEBUG org.springframework.core.io.support.PathMatchingResourcePatternResolver  - Resolved location pattern [classpath*:com/tim/one/repository/**/*.class] to resources [URL [jar:file:/home/josdem/git/uber-timone/persistence/build/libs/persistence-0.1.4-ALPHA.jar!/com/tim/one/repository/ProjectFinancialDataRepository.class], URL [jar:file:/home/josdem/git/uber-timone/persistence/build/libs/persistence-0.1.4-ALPHA.jar!/com/tim/one/repository/ProviderTxRepository.class], URL [jar:file:/home/josdem/git/uber-timone/persistence/build/libs/persistence-0.1.4-ALPHA.jar!/com/tim/one/repository/UserAccountRepository.class], URL [jar:file:/home/josdem/git/uber-timone/persistence/build/libs/persistence-0.1.4-ALPHA.jar!/com/tim/one/repository/UnitTxRepository.class], URL [jar:file:/home/josdem/git/uber-timone/persistence/build/libs/persistence-0.1.4-ALPHA.jar!/com/tim/one/repository/BulkUnitTxRepository.class], URL [jar:file:/home/josdem/git/uber-timone/persistence/build/libs/persistence-0.1.4-ALPHA.jar!/com/tim/one/repository/BankCodeRepository.class], URL [jar:file:/home/josdem/git/uber-timone/persistence/build/libs/persistence-0.1.4-ALPHA.jar!/com/tim/one/repository/StpStatusRepository.class], URL [jar:file:/home/josdem/git/uber-timone/persistence/build/libs/persistence-0.1.4-ALPHA.jar!/com/tim/one/repository/ProjectRateRepository.class], URL [jar:file:/home/josdem/git/uber-timone/persistence/build/libs/persistence-0.1.4-ALPHA.jar!/com/tim/one/repository/UserTxRepository.class], URL [jar:file:/home/josdem/git/uber-timone/persistence/build/libs/persistence-0.1.4-ALPHA.jar!/com/tim/one/repository/IntegraUserRepository.class], URL [jar:file:/home/josdem/git/uber-timone/persistence/build/libs/persistence-0.1.4-ALPHA.jar!/com/tim/one/repository/SecurityRepository.class], URL [jar:file:/home/josdem/git/uber-timone/persistence/build/libs/persistence-0.1.4-ALPHA.jar!/com/tim/one/repository/TramaAccountRepository.class], URL [jar:file:/home/josdem/git/uber-timone/persistence/build/libs/persistence-0.1.4-ALPHA.jar!/com/tim/one/repository/ProjectVariableCostRepository.class], URL [jar:file:/home/josdem/git/uber-timone/persistence/build/libs/persistence-0.1.4-ALPHA.jar!/com/tim/one/repository/ProjectUnitSaleRepository.class], URL [jar:file:/home/josdem/git/uber-timone/persistence/build/libs/persistence-0.1.4-ALPHA.jar!/com/tim/one/repository/ProjectTxRepository.class], URL [jar:file:/home/josdem/git/uber-timone/persistence/build/libs/persistence-0.1.4-ALPHA.jar!/com/tim/one/repository/IntegraUserTxRepository.class], URL [jar:file:/home/josdem/git/uber-timone/persistence/build/libs/persistence-0.1.4-ALPHA.jar!/com/tim/one/repository/ProjectProviderRepository.class], URL [jar:file
[...]
    0 nanoseconds spent performing 0 L2C misses;
    0 nanoseconds spent executing 0 flushes (flushing a total of 0 entities and 0 collections);
    0 nanoseconds spent executing 0 partial-flushes (flushing a total of 0 entities and 0 collections)
}
21237 [Test worker] DEBUG org.springframework.orm.jpa.SharedEntityManagerCreator$SharedEntityManagerInvocationHandler  - Creating new EntityManager for shared EntityManager invocation
21237 [Test worker] DEBUG org.springframework.orm.jpa.EntityManagerFactoryUtils  - Closing JPA EntityManager
21238 [Test worker] INFO  org.hibernate.engine.internal.StatisticalLoggingSessionEventListener  - Session Metrics {
    0 nanoseconds spent acquiring 0 JDBC connections;
    0 nanoseconds spent releasing 0 JDBC connections;
    0 nanoseconds spent preparing 0 JDBC statements;
    0 nanoseconds spent executing 0 JDBC statements;
    0 nanoseconds spent executing 0 JDBC batches;
    0 nanoseconds spent performing 0 L2C puts;
    0 nanoseconds spent performing 0 L2C hits;
    0 nanoseconds spent performing 0 L2C misses;
    0 nanoseconds spent executing 0 flushes (flushing a total of 0 entities and 0 collections);
    0 nanoseconds spent executing 0 partial-flushes (flushing a total of 0 entities and 0 collections)
}
21239 [Test worker] DEBUG org.springframework.orm.jpa.SharedEntityManagerCreator$SharedEntityManagerInvocationHandler  - Creating new EntityManager for shared EntityManager invocation
21239 [Test worker] DEBUG org.springframework.orm.jpa.EntityManagerFactoryUtils  - Closing JPA EntityManager
21240 [Test worker] INFO  org.hibernate.engine.internal.StatisticalLoggingSessionEventListener  - Session Metrics {
    0 nanoseconds spent acquiring 0 JDBC connections;
    0 nanoseconds spent releasing 0 JDBC connections;
    0 nanoseconds spent preparing 0 JDBC statements;
    0 nanoseconds spent executing 0 JDBC statements;
    0 nanoseconds spent executing 0 JDBC batches;
    0 nanoseconds spent performing 0 L2C puts;
    0 nanoseconds spent performing 0 L2C hits;
    0 nanoseconds spent performing 0 L2C misses;
    0 nanoseconds spent executing 0 flushes (flushing a total of 0 entities and 0 collections);
    0 nanoseconds spent executing 0 partial-flushes (flushing a total of 0 entities and 0 collections)
}
21258 [Test worker] DEBUG org.springframework.data.jpa.repository.query.SimpleJpaQuery  - Looking up query for method findById
21258 [Test worker] DEBUG org.springframework.data.jpa.repository.query.NamedQuery  - Looking up named query StpStatus.findById
21258 [Test worker] DEBUG org.springframework.orm.jpa.SharedEntityManagerCreator$SharedEntityManagerInvocationHandler  - Creating new EntityManager for shared EntityManager invocation
21259 [Test worker] DEBUG org.springframework.orm.jpa.EntityManagerFactoryUtils  - Closing JPA EntityManager
21259 [Test worker] INFO  org.hibernate.engine.internal.StatisticalLoggingSessionEventListener  - Session Metrics {
    0 nanoseconds spent acquiring 0 JDBC connections;
    0 nanoseconds spent releasing 0 JDBC connections;
    0 nanoseconds spent preparing 0 JDBC statements;
    0 nanoseconds spent executing 0 JDBC statements;
    0 nanoseconds spent executing 0 JDBC batches;
    0 nanoseconds spent performing 0 L2C puts;
    0 nanoseconds spent performing 0 L2C hits;
    0 nanoseconds spent performing 0 L2C misses;
    0 nanoseconds spent executing 0 flushes (flushing a total of 0 entities and 0 collections);
    0 nanoseconds spent executing 0 partial-flushes (flushing a total of 0 entities and 0 collections)
}
21259 [Test worker] DEBUG org.springframework.aop.framework.JdkDynamicAopProxy  - Creating JDK dynamic proxy: target source is SingletonTargetSource for target object [org.springframework.data.jpa.repository.support.SimpleJpaRepository@4acfc079]
21271 [Test worker] DEBUG org.springframework.aop.aspectj.annotation.AnnotationAwareAspectJAutoProxyCreator  - Creating implicit proxy for bean 'STPConsumerServiceImpl' with 0 common interceptors and 3 specific interceptors
21271 [Test worker] DEBUG org.springframework.aop.framework.JdkDynamicAopProxy  - Creating JDK dynamic proxy: target source is SingletonTargetSource for target object [com.tim.one.service.impl.STPConsumerServiceImpl@d656e4e]
21297 [Test worker] DEBUG org.springframework.aop.aspectj.annotation.AnnotationAwareAspectJAutoProxyCreator  - Creating implicit proxy for bean 'calcSheetStorerServiceImpl' with 0 common interceptors and 3 specific interceptors
21297 [Test worker] DEBUG org.springframework.aop.framework.JdkDynamicAopProxy  - Creating JDK dynamic proxy: target source is SingletonTargetSource for target object [com.tim.one.service.impl.CalcSheetStorerServiceImpl@7e2cc9c0]
21298 [Test worker] DEBUG org.springframework.aop.aspectj.annotation.AnnotationAwareAspectJAutoProxyCreator  - Creating implicit proxy for bean 'statusServiceImpl' with 0 common interceptors and 3 specific interceptors
21298 [Test worker] DEBUG org.springframework.aop.framework.JdkDynamicAopProxy  - Creating JDK dynamic proxy: target source is SingletonTargetSource for target object [com.tim.one.service.impl.StatusServiceImpl@2e719cf7]
21602 [Test worker] DEBUG org.springframework.context.support.GenericApplicationContext  - Unable to locate LifecycleProcessor with name 'lifecycleProcessor': using default [org.springframework.context.support.DefaultLifecycleProcessor@6b2364da]
21603 [Test worker] INFO  org.springframework.context.support.DefaultLifecycleProcessor  - Starting beans in phase 2147483647
21603 [Test worker] DEBUG org.springframework.context.support.DefaultLifecycleProcessor  - Starting bean 'org.springframework.jms.listener.DefaultMessageListenerContainer#0' of type [class org.springframework.jms.listener.DefaultMessageListenerContainer]
21606 [Test worker] INFO  org.springframework.jms.connection.SingleConnectionFactory  - Established shared JMS Connection: ActiveMQConnection {id=ID:josdem-Inspiron-5420-62278-1432140019380-5:1,clientId=null,started=false}
21606 [Test worker] DEBUG org.springframework.jms.listener.DefaultMessageListenerContainer  - Established shared JMS Connection
21612 [Test worker] DEBUG org.springframework.jms.listener.DefaultMessageListenerContainer  - Resumed paused task: org.springframework.jms.listener.DefaultMessageListenerContainer$AsyncMessageListenerInvoker@7b677c4c
21613 [Test worker] DEBUG org.springframework.context.support.DefaultLifecycleProcessor  - Successfully started bean 'org.springframework.jms.listener.DefaultMessageListenerContainer#0'
21616 [Test worker] DEBUG org.springframework.context.support.DefaultLifecycleProcessor  - Starting bean 'org.springframework.jms.listener.DefaultMessageListenerContainer#1' of type [class org.springframework.jms.listener.DefaultMessageListenerContainer]
21616 [Test worker] DEBUG org.springframework.jms.listener.DefaultMessageListenerContainer  - Established shared JMS Connection
21624 [Test worker] DEBUG org.springframework.jms.listener.DefaultMessageListenerContainer  - Resumed paused task: org.springframework.jms.listener.DefaultMessageListenerContainer$AsyncMessageListenerInvoker@59ce1e3d
21624 [Test worker] DEBUG org.springframework.context.support.DefaultLifecycleProcessor  - Successfully started bean 'org.springframework.jms.listener.DefaultMessageListenerContainer#1'
21626 [Test worker] DEBUG org.springframework.core.env.PropertySourcesPropertyResolver  - Searching for key 'spring.liveBeansView.mbeanDomain' in [systemProperties]
21627 [Test worker] DEBUG org.springframework.core.env.PropertySourcesPropertyResolver  - Searching for key 'spring.liveBeansView.mbeanDomain' in [systemEnvironment]
21627 [Test worker] DEBUG org.springframework.core.env.PropertySourcesPropertyResolver  - Could not find key 'spring.liveBeansView.mbeanDomain' in any property source. Returning [null]
21627 [Test worker] DEBUG org.springframework.test.context.CacheAwareContextLoaderDelegate  - Storing ApplicationContext in cache under key [[MergedContextConfiguration@3ced76f4 testClass = STPClabeServiceIntegrationSpec, locations = '{classpath:/stp-appctx.xml, classpath:/services-appctx.xml, classpath:/persistence-appctx.xml, classpath:/jms-appctx.xml, classpath:/mail-context.xml, classpath:/transaction-appctx.xml, classpath:/formatter-appctx.xml, classpath:/stp-appctx.xml, classpath:/aop-appctx.xml, classpath:/properties-appctx.xml}', classes = '{}', contextInitializerClasses = '[]', activeProfiles = '{}', contextLoader = 'org.springframework.test.context.support.DelegatingSmartContextLoader', parent = [null]]].
21633 [Test worker] DEBUG org.springframework.aop.aspectj.annotation.AnnotationAwareAspectJAutoProxyCreator  - Creating implicit proxy for bean 'com.tim.one.service.STPClabeServiceIntegrationSpec' with 0 common interceptors and 3 specific interceptors
21633 [Test worker] DEBUG org.springframework.aop.framework.JdkDynamicAopProxy  - Creating JDK dynamic proxy: target source is SingletonTargetSource for target object [com.tim.one.service.STPClabeServiceIntegrationSpec@7bde42b4]
21633 [Test worker] DEBUG org.springframework.transaction.annotation.AnnotationTransactionAttributeSource  - Adding transactional method 'STPClabeServiceIntegrationSpec.$spock_feature_0_0' with attribute: PROPAGATION_REQUIRED,ISOLATION_DEFAULT; ''
21634 [Test worker] DEBUG org.springframework.test.context.transaction.TransactionalTestExecutionListener  - Explicit transaction definition [PROPAGATION_REQUIRED,ISOLATION_DEFAULT; ''] found for test context [DefaultTestContext@2dd50395 testClass = STPClabeServiceIntegrationSpec, testInstance = com.tim.one.service.STPClabeServiceIntegrationSpec@7bde42b4, testMethod = $spock_feature_0_0@STPClabeServiceIntegrationSpec, testException = [null], mergedContextConfiguration = [MergedContextConfiguration@3ced76f4 testClass = STPClabeServiceIntegrationSpec, locations = '{classpath:/stp-appctx.xml, classpath:/services-appctx.xml, classpath:/persistence-appctx.xml, classpath:/jms-appctx.xml, classpath:/mail-context.xml, classpath:/transaction-appctx.xml, classpath:/formatter-appctx.xml, classpath:/stp-appctx.xml, classpath:/aop-appctx.xml, classpath:/properties-appctx.xml}', classes = '{}', contextInitializerClasses = '[]', activeProfiles = '{}', contextLoader = 'org.springframework.test.context.support.DelegatingSmartContextLoader', parent = [null]]]
21634 [Test worker] DEBUG org.springframework.test.context.CacheAwareContextLoaderDelegate  - Retrieved ApplicationContext from cache with key [[MergedContextConfiguration@3ced76f4 testClass = STPClabeServiceIntegrationSpec, locations = '{classpath:/stp-appctx.xml, classpath:/services-appctx.xml, classpath:/persistence-appctx.xml, classpath:/jms-appctx.xml, classpath:/mail-context.xml, classpath:/transaction-appctx.xml, classpath:/formatter-appctx.xml, classpath:/stp-appctx.xml, classpath:/aop-appctx.xml, classpath:/properties-appctx.xml}', classes = '{}', contextInitializerClasses = '[]', activeProfiles = '{}', contextLoader = 'org.springframework.test.context.support.DelegatingSmartContextLoader', parent = [null]]].
21634 [Test worker] DEBUG org.springframework.test.context.transaction.TransactionalTestExecutionListener  - Retrieved @TransactionConfiguration attributes [null] for test class [class com.tim.one.service.STPClabeServiceIntegrationSpec].
21634 [Test worker] DEBUG org.springframework.test.context.transaction.TransactionalTestExecutionListener  - Retrieved TransactionConfigurationAttributes [TransactionConfigurationAttributes@6a5628aa transactionManagerName = 'transactionManager', defaultRollback = true] for class [class com.tim.one.service.STPClabeServiceIntegrationSpec].
21635 [Test worker] DEBUG org.springframework.orm.jpa.JpaTransactionManager  - Creating new transaction with name [$spock_feature_0_0]: PROPAGATION_REQUIRED,ISOLATION_DEFAULT; ''
21635 [Test worker] DEBUG org.springframework.orm.jpa.JpaTransactionManager  - Opened new EntityManager [org.hibernate.jpa.internal.EntityManagerImpl@3e87e770] for JPA transaction
21635 [Test worker] DEBUG org.springframework.orm.jpa.JpaTransactionManager  - Exposing JPA transaction as JDBC transaction [org.springframework.orm.jpa.vendor.HibernateJpaDialect$HibernateConnectionHandle@2839e560]
21636 [Test worker] DEBUG org.springframework.test.context.transaction.TransactionalTestExecutionListener  - No method-level @Rollback override: using default rollback [true] for test context [DefaultTestContext@2dd50395 testClass = STPClabeServiceIntegrationSpec, testInstance = com.tim.one.service.STPClabeServiceIntegrationSpec@7bde42b4, testMethod = $spock_feature_0_0@STPClabeServiceIntegrationSpec, testException = [null], mergedContextConfiguration = [MergedContextConfiguration@3ced76f4 testClass = STPClabeServiceIntegrationSpec, locations = '{classpath:/stp-appctx.xml, classpath:/services-appctx.xml, classpath:/persistence-appctx.xml, classpath:/jms-appctx.xml, classpath:/mail-context.xml, classpath:/transaction-appctx.xml, classpath:/formatter-appctx.xml, classpath:/stp-appctx.xml, classpath:/aop-appctx.xml, classpath:/properties-appctx.xml}', classes = '{}', contextInitializerClasses = '[]', activeProfiles = '{}', contextLoader = 'org.springframework.test.context.support.DelegatingSmartContextLoader', parent = [null]]].
21636 [Test worker] INFO  org.springframework.test.context.transaction.TransactionalTestExecutionListener  - Began transaction (1) for test context [DefaultTestContext@2dd50395 testClass = STPClabeServiceIntegrationSpec, testInstance = com.tim.one.service.STPClabeServiceIntegrationSpec@7bde42b4, testMethod = $spock_feature_0_0@STPClabeServiceIntegrationSpec, testException = [null], mergedContextConfiguration = [MergedContextConfiguration@3ced76f4 testClass = STPClabeServiceIntegrationSpec, locations = '{classpath:/stp-appctx.xml, classpath:/services-appctx.xml, classpath:/persistence-appctx.xml, classpath:/jms-appctx.xml, classpath:/mail-context.xml, classpath:/transaction-appctx.xml, classpath:/formatter-appctx.xml, classpath:/stp-appctx.xml, classpath:/aop-appctx.xml, classpath:/properties-appctx.xml}', classes = '{}', contextInitializerClasses = '[]', activeProfiles = '{}', contextLoader = 'org.springframework.test.context.support.DelegatingSmartContextLoader', parent = [null]]]; transaction manager [org.springframework.orm.jpa.JpaTransactionManager@15351380]; rollback [true]
21636 [Test worker] DEBUG org.springframework.test.context.transaction.TransactionalTestExecutionListener  - No method-level @Rollback override: using default rollback [true] for test context [DefaultTestContext@2dd50395 testClass = STPClabeServiceIntegrationSpec, testInstance = com.tim.one.service.STPClabeServiceIntegrationSpec@7bde42b4, testMethod = $spock_feature_0_0@STPClabeServiceIntegrationSpec, testException = [null], mergedContextConfiguration = [MergedContextConfiguration@3ced76f4 testClass = STPClabeServiceIntegrationSpec, locations = '{classpath:/stp-appctx.xml, classpath:/services-appctx.xml, classpath:/persistence-appctx.xml, classpath:/jms-appctx.xml, classpath:/mail-context.xml, classpath:/transaction-appctx.xml, classpath:/formatter-appctx.xml, classpath:/stp-appctx.xml, classpath:/aop-appctx.xml, classpath:/properties-appctx.xml}', classes = '{}', contextInitializerClasses = '[]', activeProfiles = '{}', contextLoader = 'org.springframework.test.context.support.DelegatingSmartContextLoader', parent = [null]]].
21637 [Test worker] DEBUG org.springframework.orm.jpa.JpaTransactionManager  - Initiating transaction rollback
21637 [Test worker] DEBUG org.springframework.orm.jpa.JpaTransactionManager  - Rolling back JPA transaction on EntityManager [org.hibernate.jpa.internal.EntityManagerImpl@3e87e770]
21637 [Test worker] DEBUG org.springframework.orm.jpa.JpaTransactionManager  - Closing JPA EntityManager [org.hibernate.jpa.internal.EntityManagerImpl@3e87e770] after transaction
21637 [Test worker] DEBUG org.springframework.orm.jpa.EntityManagerFactoryUtils  - Closing JPA EntityManager
21637 [Test worker] INFO  org.hibernate.engine.internal.StatisticalLoggingSessionEventListener  - Session Metrics {
    319730 nanoseconds spent acquiring 1 JDBC connections;
    0 nanoseconds spent releasing 0 JDBC connections;
    0 nanoseconds spent preparing 0 JDBC statements;
    0 nanoseconds spent executing 0 JDBC statements;
    0 nanoseconds spent executing 0 JDBC batches;
    0 nanoseconds spent performing 0 L2C puts;
    0 nanoseconds spent performing 0 L2C hits;
    0 nanoseconds spent performing 0 L2C misses;
    0 nanoseconds spent executing 0 flushes (flushing a total of 0 entities and 0 collections);
    0 nanoseconds spent executing 0 partial-flushes (flushing a total of 0 entities and 0 collections)
}
21637 [Test worker] INFO  org.springframework.test.context.transaction.TransactionalTestExecutionListener  - Rolled back transaction after test execution for test context [DefaultTestContext@2dd50395 testClass = STPClabeServiceIntegrationSpec, testInstance = com.tim.one.service.STPClabeServiceIntegrationSpec@7bde42b4, testMethod = $spock_feature_0_0@STPClabeServiceIntegrationSpec, testException = [null], mergedContextConfiguration = [MergedContextConfiguration@3ced76f4 testClass = STPClabeServiceIntegrationSpec, locations = '{classpath:/stp-appctx.xml, classpath:/services-appctx.xml, classpath:/persistence-appctx.xml, classpath:/jms-appctx.xml, classpath:/mail-context.xml, classpath:/transaction-appctx.xml, classpath:/formatter-appctx.xml, classpath:/stp-appctx.xml, classpath:/aop-appctx.xml, classpath:/properties-appctx.xml}', classes = '{}', contextInitializerClasses = '[]', activeProfiles = '{}', contextLoader = 'org.springframework.test.context.support.DelegatingSmartContextLoader', parent = [null]]]
21638 [Test worker] DEBUG org.springframework.test.context.support.DirtiesContextTestExecutionListener  - After test method: context [DefaultTestContext@2dd50395 testClass = STPClabeServiceIntegrationSpec, testInstance = com.tim.one.service.STPClabeServiceIntegrationSpec@7bde42b4, testMethod = $spock_feature_0_0@STPClabeServiceIntegrationSpec, testException = [null], mergedContextConfiguration = [MergedContextConfiguration@3ced76f4 testClass = STPClabeServiceIntegrationSpec, locations = '{classpath:/stp-appctx.xml, classpath:/services-appctx.xml, classpath:/persistence-appctx.xml, classpath:/jms-appctx.xml, classpath:/mail-context.xml, classpath:/transaction-appctx.xml, classpath:/formatter-appctx.xml, classpath:/stp-appctx.xml, classpath:/aop-appctx.xml, classpath:/properties-appctx.xml}', classes = '{}', contextInitializerClasses = '[]', activeProfiles = '{}', contextLoader = 'org.springframework.test.context.support.DelegatingSmartContextLoader', parent = [null]]], class dirties context [false], class mode [null], method dirties context [false].
21638 [Test worker] DEBUG org.springframework.test.context.support.DirtiesContextTestExecutionListener  - After test class: context [DefaultTestContext@2dd50395 testClass = STPClabeServiceIntegrationSpec, testInstance = [null], testMethod = [null], testException = [null], mergedContextConfiguration = [MergedContextConfiguration@3ced76f4 testClass = STPClabeServiceIntegrationSpec, locations = '{classpath:/stp-appctx.xml, classpath:/services-appctx.xml, classpath:/persistence-appctx.xml, classpath:/jms-appctx.xml, classpath:/mail-context.xml, classpath:/transaction-appctx.xml, classpath:/formatter-appctx.xml, classpath:/stp-appctx.xml, classpath:/aop-appctx.xml, classpath:/properties-appctx.xml}', classes = '{}', contextInitializerClasses = '[]', activeProfiles = '{}', contextLoader = 'org.springframework.test.context.support.DelegatingSmartContextLoader', parent = [null]]], dirtiesContext [false].
]]></system-out>
  <system-err><![CDATA[INFO 5/20/15 11:40 AM: liquibase: Successfully acquired change log lock
INFO 5/20/15 11:40 AM: liquibase: Reading from tramatest.DATABASECHANGELOG
INFO 5/20/15 11:40 AM: liquibase: Successfully released change log lock
]]></system-err>
</testsuite>
